#
# There is insufficient memory for the Java Runtime Environment to continue.
# Native memory allocation (malloc) failed to allocate 99984 bytes. Error detail: Chunk::new
# Possible reasons:
#   The system is out of physical RAM or swap space
#   This process is running with CompressedOops enabled, and the Java Heap may be blocking the growth of the native heap
# Possible solutions:
#   Reduce memory load on the system
#   Increase physical memory or swap space
#   Check if swap backing store is full
#   Decrease Java heap size (-Xmx/-Xms)
#   Decrease number of Java threads
#   Decrease Java thread stack sizes (-Xss)
#   Set larger code cache with -XX:ReservedCodeCacheSize=
#   JVM is running with Unscaled Compressed Oops mode in which the Java heap is
#     placed in the first 4GB address space. The Java Heap base address is the
#     maximum limit for the native heap growth. Please use -XX:HeapBaseMinAddress
#     to set the Java Heap base and to place the Java Heap above 4GB virtual address.
# This output file may be truncated or incomplete.
#
#  Out of Memory Error (arena.cpp:150), pid=15516, tid=14972
#
# JRE version: OpenJDK Runtime Environment (22.0.1+8) (build 22.0.1+8-16)
# Java VM: OpenJDK 64-Bit Server VM (22.0.1+8-16, mixed mode, sharing, tiered, compressed oops, compressed class ptrs, g1 gc, windows-amd64)
# No core dump will be written. Minidumps are not enabled by default on client versions of Windows
#

---------------  S U M M A R Y ------------

Command Line: -javaagent:C:\Users\Elina\AppData\Local\Programs\IntelliJ IDEA Community Edition\lib\idea_rt.jar=62292:C:\Users\Elina\AppData\Local\Programs\IntelliJ IDEA Community Edition\bin -Dfile.encoding=UTF-8 -Dsun.stdout.encoding=UTF-8 -Dsun.stderr.encoding=UTF-8 io.loop.test.day4.Task2_Docuport

Host: AMD A10-4655M APU with Radeon(tm) HD Graphics  , 4 cores, 7G,  Windows 10 , 64 bit Build 17763 (10.0.17763.4974)
Time: Thu Jun 20 12:30:25 2024 Mountain Daylight Time elapsed time: 2.827695 seconds (0d 0h 0m 2s)

---------------  T H R E A D  ---------------

Current thread (0x0000024a539d8ac0):  JavaThread "C2 CompilerThread0" daemon [_thread_in_native, id=14972, stack(0x00000096b5a00000,0x00000096b5b00000) (1024K)]


Current CompileTask:
C2:2827 1448       4       java.lang.AbstractStringBuilder::append (45 bytes)

Stack: [0x00000096b5a00000,0x00000096b5b00000]
Native frames: (J=compiled Java code, j=interpreted, Vv=VM code, C=native code)
V  [jvm.dll+0x6e2279]  (no source info available)
V  [jvm.dll+0x874e33]  (no source info available)
V  [jvm.dll+0x87725e]  (no source info available)
V  [jvm.dll+0x877933]  (no source info available)
V  [jvm.dll+0x27fd76]  (no source info available)
V  [jvm.dll+0xc3d0f]  (no source info available)
V  [jvm.dll+0xc3f6b]  (no source info available)
V  [jvm.dll+0x3bb10c]  (no source info available)
V  [jvm.dll+0x387b6b]  (no source info available)
V  [jvm.dll+0x386fda]  (no source info available)
V  [jvm.dll+0x247918]  (no source info available)
V  [jvm.dll+0x246fbf]  (no source info available)
V  [jvm.dll+0x1c4e90]  (no source info available)
V  [jvm.dll+0x2569fe]  (no source info available)
V  [jvm.dll+0x254cba]  (no source info available)
V  [jvm.dll+0x3f5336]  (no source info available)
V  [jvm.dll+0x81d44b]  (no source info available)
V  [jvm.dll+0x6e0915]  (no source info available)
C  [ucrtbase.dll+0x2268a]  (no source info available)
C  [KERNEL32.DLL+0x17ac4]  (no source info available)
C  [ntdll.dll+0x5a8c1]  (no source info available)


---------------  P R O C E S S  ---------------

Threads class SMR info:
_java_thread_list=0x0000024a996bf9b0, length=19, elements={
0x0000024a37da0fe0, 0x0000024a539c3250, 0x0000024a539c4170, 0x0000024a539c66c0,
0x0000024a539ca340, 0x0000024a539ceec0, 0x0000024a539d7d30, 0x0000024a539d8ac0,
0x0000024a539e4ae0, 0x0000024a53bac500, 0x0000024a53d00f40, 0x0000024a53e0c5a0,
0x0000024a9925a470, 0x0000024a996ac640, 0x0000024a9969a4d0, 0x0000024a996f3a20,
0x0000024a997027b0, 0x0000024a997056b0, 0x0000024a99703500
}

Java Threads: ( => current thread )
  0x0000024a37da0fe0 JavaThread "Forwarding newSession on session null to remote"        [_thread_in_vm, id=7920, stack(0x00000096b4c00000,0x00000096b4d00000) (1024K)]
  0x0000024a539c3250 JavaThread "Reference Handler"          daemon [_thread_blocked, id=13600, stack(0x00000096b5400000,0x00000096b5500000) (1024K)]
  0x0000024a539c4170 JavaThread "Finalizer"                  daemon [_thread_blocked, id=14084, stack(0x00000096b5500000,0x00000096b5600000) (1024K)]
  0x0000024a539c66c0 JavaThread "Signal Dispatcher"          daemon [_thread_blocked, id=8732, stack(0x00000096b5600000,0x00000096b5700000) (1024K)]
  0x0000024a539ca340 JavaThread "Attach Listener"            daemon [_thread_blocked, id=14028, stack(0x00000096b5700000,0x00000096b5800000) (1024K)]
  0x0000024a539ceec0 JavaThread "Service Thread"             daemon [_thread_blocked, id=3420, stack(0x00000096b5800000,0x00000096b5900000) (1024K)]
  0x0000024a539d7d30 JavaThread "Monitor Deflation Thread"   daemon [_thread_blocked, id=8720, stack(0x00000096b5900000,0x00000096b5a00000) (1024K)]
=>0x0000024a539d8ac0 JavaThread "C2 CompilerThread0"         daemon [_thread_in_native, id=14972, stack(0x00000096b5a00000,0x00000096b5b00000) (1024K)]
  0x0000024a539e4ae0 JavaThread "C1 CompilerThread0"         daemon [_thread_blocked, id=13444, stack(0x00000096b5b00000,0x00000096b5c00000) (1024K)]
  0x0000024a53bac500 JavaThread "Common-Cleaner"             daemon [_thread_blocked, id=6540, stack(0x00000096b5c00000,0x00000096b5d00000) (1024K)]
  0x0000024a53d00f40 JavaThread "Monitor Ctrl-Break"         daemon [_thread_in_native, id=2328, stack(0x00000096b5e00000,0x00000096b5f00000) (1024K)]
  0x0000024a53e0c5a0 JavaThread "Notification Thread"        daemon [_thread_blocked, id=9096, stack(0x00000096b5f00000,0x00000096b6000000) (1024K)]
  0x0000024a9925a470 JavaThread "ForkJoinPool.commonPool-worker-1" daemon [_thread_blocked, id=11576, stack(0x00000096b5d00000,0x00000096b5e00000) (1024K)]
  0x0000024a996ac640 JavaThread "HttpClient-1-SelectorManager" daemon [_thread_in_native, id=13776, stack(0x00000096b6300000,0x00000096b6400000) (1024K)]
  0x0000024a9969a4d0 JavaThread "External Process Output Forwarder - C:\Users\Elina\.cache\selenium\chromedriver\win64\126.0.6478.63\chromedriver.exe" daemon [_thread_in_native, id=7328, stack(0x00000096b6400000,0x00000096b6500000) (1024K)]
  0x0000024a996f3a20 JavaThread "Driver Service Executor"    daemon [_thread_blocked, id=10520, stack(0x00000096b6500000,0x00000096b6600000) (1024K)]
  0x0000024a997027b0 JavaThread "Driver Service Executor"    daemon [_thread_in_native, id=13068, stack(0x00000096b6600000,0x00000096b6700000) (1024K)]
  0x0000024a997056b0 JavaThread "UrlChecker-2"               daemon [_thread_blocked, id=16344, stack(0x00000096b6700000,0x00000096b6800000) (1024K)]
  0x0000024a99703500 JavaThread "Keep-Alive-Timer"           daemon [_thread_blocked, id=4528, stack(0x00000096b6900000,0x00000096b6a00000) (1024K)]
Total: 19

Other Threads:
  0x0000024a539adfb0 VMThread "VM Thread"                           [id=12560, stack(0x00000096b5300000,0x00000096b5400000) (1024K)]
  0x0000024a53992980 WatcherThread "VM Periodic Task Thread"        [id=11712, stack(0x00000096b5200000,0x00000096b5300000) (1024K)]
  0x0000024a37df2480 WorkerThread "GC Thread#0"                     [id=14036, stack(0x00000096b4d00000,0x00000096b4e00000) (1024K)]
  0x0000024a99631450 WorkerThread "GC Thread#1"                     [id=16072, stack(0x00000096b6000000,0x00000096b6100000) (1024K)]
  0x0000024a9966fcb0 WorkerThread "GC Thread#2"                     [id=14108, stack(0x00000096b6100000,0x00000096b6200000) (1024K)]
  0x0000024a996745c0 WorkerThread "GC Thread#3"                     [id=14876, stack(0x00000096b6200000,0x00000096b6300000) (1024K)]
  0x0000024a37e03c70 ConcurrentGCThread "G1 Main Marker"            [id=14244, stack(0x00000096b4e00000,0x00000096b4f00000) (1024K)]
  0x0000024a37e06350 WorkerThread "G1 Conc#0"                       [id=15932, stack(0x00000096b4f00000,0x00000096b5000000) (1024K)]
  0x0000024a37e5e790 ConcurrentGCThread "G1 Refine#0"               [id=13212, stack(0x00000096b5000000,0x00000096b5100000) (1024K)]
  0x0000024a53867850 ConcurrentGCThread "G1 Service"                [id=7828, stack(0x00000096b5100000,0x00000096b5200000) (1024K)]
Total: 10

Threads with active compile tasks:
C2 CompilerThread0  2997 1448       4       java.lang.AbstractStringBuilder::append (45 bytes)
Total: 1

VM state: not at safepoint (normal execution)

VM Mutex/Monitor currently owned by a thread: None

Heap address: 0x000000008ce00000, size: 1842 MB, Compressed Oops mode: 32-bit

CDS archive(s) mapped at: [0x0000024a54000000-0x0000024a54c50000-0x0000024a54c50000), size 12910592, SharedBaseAddress: 0x0000024a54000000, ArchiveRelocationMode: 1.
Compressed class space mapped at: 0x0000024a55000000-0x0000024a95000000, reserved size: 1073741824
Narrow klass base: 0x0000024a54000000, Narrow klass shift: 0, Narrow klass range: 0x41000000

GC Precious Log:
 CardTable entry size: 512
 Card Set container configuration: InlinePtr #cards 5 size 8 Array Of Cards #cards 12 size 40 Howl #buckets 4 coarsen threshold 1843 Howl Bitmap #cards 512 size 80 coarsen threshold 460 Card regions per heap region 1 cards per card region 2048
 CPUs: 4 total, 4 available
 Memory: 7366M
 Large Page Support: Disabled
 NUMA Support: Disabled
 Compressed Oops: Enabled (32-bit)
 Heap Region Size: 1M
 Heap Min Capacity: 8M
 Heap Initial Capacity: 116M
 Heap Max Capacity: 1842M
 Pre-touch: Disabled
 Parallel Workers: 4
 Concurrent Workers: 1
 Concurrent Refinement Workers: 4
 Periodic GC: Disabled

Heap:
 garbage-first heap   total reserved 1886208K, committed 118784K, used 11712K [0x000000008ce00000, 0x0000000100000000)
  region size 1024K, 11 young (11264K), 2 survivors (2048K)
 Metaspace       used 9331K, committed 9536K, reserved 1114112K
  class space    used 1094K, committed 1152K, reserved 1048576K

Heap Regions: E=young(eden), S=young(survivor), O=old, HS=humongous(starts), HC=humongous(continues), CS=collection set, F=free, TAMS=top-at-mark-start, PB=parsable bottom
|   0|0x000000008ce00000, 0x000000008cf00000, 0x000000008cf00000|100%| O|  |TAMS 0x000000008ce00000| PB 0x000000008ce00000| Untracked |  0
|   1|0x000000008cf00000, 0x000000008d000000, 0x000000008d000000|100%| O|  |TAMS 0x000000008cf00000| PB 0x000000008cf00000| Untracked |  0
|   2|0x000000008d000000, 0x000000008d070000, 0x000000008d100000| 43%| O|  |TAMS 0x000000008d000000| PB 0x000000008d000000| Untracked |  0
|   3|0x000000008d100000, 0x000000008d100000, 0x000000008d200000|  0%| F|  |TAMS 0x000000008d100000| PB 0x000000008d100000| Untracked |  0
|   4|0x000000008d200000, 0x000000008d200000, 0x000000008d300000|  0%| F|  |TAMS 0x000000008d200000| PB 0x000000008d200000| Untracked |  0
|   5|0x000000008d300000, 0x000000008d300000, 0x000000008d400000|  0%| F|  |TAMS 0x000000008d300000| PB 0x000000008d300000| Untracked |  0
|   6|0x000000008d400000, 0x000000008d400000, 0x000000008d500000|  0%| F|  |TAMS 0x000000008d400000| PB 0x000000008d400000| Untracked |  0
|   7|0x000000008d500000, 0x000000008d500000, 0x000000008d600000|  0%| F|  |TAMS 0x000000008d500000| PB 0x000000008d500000| Untracked |  0
|   8|0x000000008d600000, 0x000000008d600000, 0x000000008d700000|  0%| F|  |TAMS 0x000000008d600000| PB 0x000000008d600000| Untracked |  0
|   9|0x000000008d700000, 0x000000008d700000, 0x000000008d800000|  0%| F|  |TAMS 0x000000008d700000| PB 0x000000008d700000| Untracked |  0
|  10|0x000000008d800000, 0x000000008d800000, 0x000000008d900000|  0%| F|  |TAMS 0x000000008d800000| PB 0x000000008d800000| Untracked |  0
|  11|0x000000008d900000, 0x000000008d900000, 0x000000008da00000|  0%| F|  |TAMS 0x000000008d900000| PB 0x000000008d900000| Untracked |  0
|  12|0x000000008da00000, 0x000000008da00000, 0x000000008db00000|  0%| F|  |TAMS 0x000000008da00000| PB 0x000000008da00000| Untracked |  0
|  13|0x000000008db00000, 0x000000008db00000, 0x000000008dc00000|  0%| F|  |TAMS 0x000000008db00000| PB 0x000000008db00000| Untracked |  0
|  14|0x000000008dc00000, 0x000000008dc00000, 0x000000008dd00000|  0%| F|  |TAMS 0x000000008dc00000| PB 0x000000008dc00000| Untracked |  0
|  15|0x000000008dd00000, 0x000000008dd00000, 0x000000008de00000|  0%| F|  |TAMS 0x000000008dd00000| PB 0x000000008dd00000| Untracked |  0
|  16|0x000000008de00000, 0x000000008de00000, 0x000000008df00000|  0%| F|  |TAMS 0x000000008de00000| PB 0x000000008de00000| Untracked |  0
|  17|0x000000008df00000, 0x000000008df00000, 0x000000008e000000|  0%| F|  |TAMS 0x000000008df00000| PB 0x000000008df00000| Untracked |  0
|  18|0x000000008e000000, 0x000000008e000000, 0x000000008e100000|  0%| F|  |TAMS 0x000000008e000000| PB 0x000000008e000000| Untracked |  0
|  19|0x000000008e100000, 0x000000008e100000, 0x000000008e200000|  0%| F|  |TAMS 0x000000008e100000| PB 0x000000008e100000| Untracked |  0
|  20|0x000000008e200000, 0x000000008e200000, 0x000000008e300000|  0%| F|  |TAMS 0x000000008e200000| PB 0x000000008e200000| Untracked |  0
|  21|0x000000008e300000, 0x000000008e300000, 0x000000008e400000|  0%| F|  |TAMS 0x000000008e300000| PB 0x000000008e300000| Untracked |  0
|  22|0x000000008e400000, 0x000000008e400000, 0x000000008e500000|  0%| F|  |TAMS 0x000000008e400000| PB 0x000000008e400000| Untracked |  0
|  23|0x000000008e500000, 0x000000008e500000, 0x000000008e600000|  0%| F|  |TAMS 0x000000008e500000| PB 0x000000008e500000| Untracked |  0
|  24|0x000000008e600000, 0x000000008e600000, 0x000000008e700000|  0%| F|  |TAMS 0x000000008e600000| PB 0x000000008e600000| Untracked |  0
|  25|0x000000008e700000, 0x000000008e700000, 0x000000008e800000|  0%| F|  |TAMS 0x000000008e700000| PB 0x000000008e700000| Untracked |  0
|  26|0x000000008e800000, 0x000000008e800000, 0x000000008e900000|  0%| F|  |TAMS 0x000000008e800000| PB 0x000000008e800000| Untracked |  0
|  27|0x000000008e900000, 0x000000008e900000, 0x000000008ea00000|  0%| F|  |TAMS 0x000000008e900000| PB 0x000000008e900000| Untracked |  0
|  28|0x000000008ea00000, 0x000000008ea00000, 0x000000008eb00000|  0%| F|  |TAMS 0x000000008ea00000| PB 0x000000008ea00000| Untracked |  0
|  29|0x000000008eb00000, 0x000000008eb00000, 0x000000008ec00000|  0%| F|  |TAMS 0x000000008eb00000| PB 0x000000008eb00000| Untracked |  0
|  30|0x000000008ec00000, 0x000000008ec00000, 0x000000008ed00000|  0%| F|  |TAMS 0x000000008ec00000| PB 0x000000008ec00000| Untracked |  0
|  31|0x000000008ed00000, 0x000000008ed00000, 0x000000008ee00000|  0%| F|  |TAMS 0x000000008ed00000| PB 0x000000008ed00000| Untracked |  0
|  32|0x000000008ee00000, 0x000000008ee00000, 0x000000008ef00000|  0%| F|  |TAMS 0x000000008ee00000| PB 0x000000008ee00000| Untracked |  0
|  33|0x000000008ef00000, 0x000000008ef00000, 0x000000008f000000|  0%| F|  |TAMS 0x000000008ef00000| PB 0x000000008ef00000| Untracked |  0
|  34|0x000000008f000000, 0x000000008f000000, 0x000000008f100000|  0%| F|  |TAMS 0x000000008f000000| PB 0x000000008f000000| Untracked |  0
|  35|0x000000008f100000, 0x000000008f100000, 0x000000008f200000|  0%| F|  |TAMS 0x000000008f100000| PB 0x000000008f100000| Untracked |  0
|  36|0x000000008f200000, 0x000000008f200000, 0x000000008f300000|  0%| F|  |TAMS 0x000000008f200000| PB 0x000000008f200000| Untracked |  0
|  37|0x000000008f300000, 0x000000008f300000, 0x000000008f400000|  0%| F|  |TAMS 0x000000008f300000| PB 0x000000008f300000| Untracked |  0
|  38|0x000000008f400000, 0x000000008f400000, 0x000000008f500000|  0%| F|  |TAMS 0x000000008f400000| PB 0x000000008f400000| Untracked |  0
|  39|0x000000008f500000, 0x000000008f500000, 0x000000008f600000|  0%| F|  |TAMS 0x000000008f500000| PB 0x000000008f500000| Untracked |  0
|  40|0x000000008f600000, 0x000000008f600000, 0x000000008f700000|  0%| F|  |TAMS 0x000000008f600000| PB 0x000000008f600000| Untracked |  0
|  41|0x000000008f700000, 0x000000008f700000, 0x000000008f800000|  0%| F|  |TAMS 0x000000008f700000| PB 0x000000008f700000| Untracked |  0
|  42|0x000000008f800000, 0x000000008f800000, 0x000000008f900000|  0%| F|  |TAMS 0x000000008f800000| PB 0x000000008f800000| Untracked |  0
|  43|0x000000008f900000, 0x000000008f900000, 0x000000008fa00000|  0%| F|  |TAMS 0x000000008f900000| PB 0x000000008f900000| Untracked |  0
|  44|0x000000008fa00000, 0x000000008fa00000, 0x000000008fb00000|  0%| F|  |TAMS 0x000000008fa00000| PB 0x000000008fa00000| Untracked |  0
|  45|0x000000008fb00000, 0x000000008fb00000, 0x000000008fc00000|  0%| F|  |TAMS 0x000000008fb00000| PB 0x000000008fb00000| Untracked |  0
|  46|0x000000008fc00000, 0x000000008fc00000, 0x000000008fd00000|  0%| F|  |TAMS 0x000000008fc00000| PB 0x000000008fc00000| Untracked |  0
|  47|0x000000008fd00000, 0x000000008fd00000, 0x000000008fe00000|  0%| F|  |TAMS 0x000000008fd00000| PB 0x000000008fd00000| Untracked |  0
|  48|0x000000008fe00000, 0x000000008fe00000, 0x000000008ff00000|  0%| F|  |TAMS 0x000000008fe00000| PB 0x000000008fe00000| Untracked |  0
|  49|0x000000008ff00000, 0x000000008ff00000, 0x0000000090000000|  0%| F|  |TAMS 0x000000008ff00000| PB 0x000000008ff00000| Untracked |  0
|  50|0x0000000090000000, 0x0000000090000000, 0x0000000090100000|  0%| F|  |TAMS 0x0000000090000000| PB 0x0000000090000000| Untracked |  0
|  51|0x0000000090100000, 0x0000000090100000, 0x0000000090200000|  0%| F|  |TAMS 0x0000000090100000| PB 0x0000000090100000| Untracked |  0
|  52|0x0000000090200000, 0x0000000090200000, 0x0000000090300000|  0%| F|  |TAMS 0x0000000090200000| PB 0x0000000090200000| Untracked |  0
|  53|0x0000000090300000, 0x0000000090300000, 0x0000000090400000|  0%| F|  |TAMS 0x0000000090300000| PB 0x0000000090300000| Untracked |  0
|  54|0x0000000090400000, 0x0000000090400000, 0x0000000090500000|  0%| F|  |TAMS 0x0000000090400000| PB 0x0000000090400000| Untracked |  0
|  55|0x0000000090500000, 0x0000000090500000, 0x0000000090600000|  0%| F|  |TAMS 0x0000000090500000| PB 0x0000000090500000| Untracked |  0
|  56|0x0000000090600000, 0x0000000090600000, 0x0000000090700000|  0%| F|  |TAMS 0x0000000090600000| PB 0x0000000090600000| Untracked |  0
|  57|0x0000000090700000, 0x0000000090700000, 0x0000000090800000|  0%| F|  |TAMS 0x0000000090700000| PB 0x0000000090700000| Untracked |  0
|  58|0x0000000090800000, 0x0000000090800000, 0x0000000090900000|  0%| F|  |TAMS 0x0000000090800000| PB 0x0000000090800000| Untracked |  0
|  59|0x0000000090900000, 0x0000000090900000, 0x0000000090a00000|  0%| F|  |TAMS 0x0000000090900000| PB 0x0000000090900000| Untracked |  0
|  60|0x0000000090a00000, 0x0000000090a00000, 0x0000000090b00000|  0%| F|  |TAMS 0x0000000090a00000| PB 0x0000000090a00000| Untracked |  0
|  61|0x0000000090b00000, 0x0000000090b00000, 0x0000000090c00000|  0%| F|  |TAMS 0x0000000090b00000| PB 0x0000000090b00000| Untracked |  0
|  62|0x0000000090c00000, 0x0000000090c00000, 0x0000000090d00000|  0%| F|  |TAMS 0x0000000090c00000| PB 0x0000000090c00000| Untracked |  0
|  63|0x0000000090d00000, 0x0000000090d00000, 0x0000000090e00000|  0%| F|  |TAMS 0x0000000090d00000| PB 0x0000000090d00000| Untracked |  0
|  64|0x0000000090e00000, 0x0000000090e00000, 0x0000000090f00000|  0%| F|  |TAMS 0x0000000090e00000| PB 0x0000000090e00000| Untracked |  0
|  65|0x0000000090f00000, 0x0000000090f00000, 0x0000000091000000|  0%| F|  |TAMS 0x0000000090f00000| PB 0x0000000090f00000| Untracked |  0
|  66|0x0000000091000000, 0x0000000091000000, 0x0000000091100000|  0%| F|  |TAMS 0x0000000091000000| PB 0x0000000091000000| Untracked |  0
|  67|0x0000000091100000, 0x0000000091100000, 0x0000000091200000|  0%| F|  |TAMS 0x0000000091100000| PB 0x0000000091100000| Untracked |  0
|  68|0x0000000091200000, 0x0000000091200000, 0x0000000091300000|  0%| F|  |TAMS 0x0000000091200000| PB 0x0000000091200000| Untracked |  0
|  69|0x0000000091300000, 0x0000000091300000, 0x0000000091400000|  0%| F|  |TAMS 0x0000000091300000| PB 0x0000000091300000| Untracked |  0
|  70|0x0000000091400000, 0x0000000091400000, 0x0000000091500000|  0%| F|  |TAMS 0x0000000091400000| PB 0x0000000091400000| Untracked |  0
|  71|0x0000000091500000, 0x0000000091500000, 0x0000000091600000|  0%| F|  |TAMS 0x0000000091500000| PB 0x0000000091500000| Untracked |  0
|  72|0x0000000091600000, 0x0000000091600000, 0x0000000091700000|  0%| F|  |TAMS 0x0000000091600000| PB 0x0000000091600000| Untracked |  0
|  73|0x0000000091700000, 0x0000000091700000, 0x0000000091800000|  0%| F|  |TAMS 0x0000000091700000| PB 0x0000000091700000| Untracked |  0
|  74|0x0000000091800000, 0x0000000091800000, 0x0000000091900000|  0%| F|  |TAMS 0x0000000091800000| PB 0x0000000091800000| Untracked |  0
|  75|0x0000000091900000, 0x0000000091900000, 0x0000000091a00000|  0%| F|  |TAMS 0x0000000091900000| PB 0x0000000091900000| Untracked |  0
|  76|0x0000000091a00000, 0x0000000091a00000, 0x0000000091b00000|  0%| F|  |TAMS 0x0000000091a00000| PB 0x0000000091a00000| Untracked |  0
|  77|0x0000000091b00000, 0x0000000091b00000, 0x0000000091c00000|  0%| F|  |TAMS 0x0000000091b00000| PB 0x0000000091b00000| Untracked |  0
|  78|0x0000000091c00000, 0x0000000091c00000, 0x0000000091d00000|  0%| F|  |TAMS 0x0000000091c00000| PB 0x0000000091c00000| Untracked |  0
|  79|0x0000000091d00000, 0x0000000091d00000, 0x0000000091e00000|  0%| F|  |TAMS 0x0000000091d00000| PB 0x0000000091d00000| Untracked |  0
|  80|0x0000000091e00000, 0x0000000091e00000, 0x0000000091f00000|  0%| F|  |TAMS 0x0000000091e00000| PB 0x0000000091e00000| Untracked |  0
|  81|0x0000000091f00000, 0x0000000091f00000, 0x0000000092000000|  0%| F|  |TAMS 0x0000000091f00000| PB 0x0000000091f00000| Untracked |  0
|  82|0x0000000092000000, 0x0000000092000000, 0x0000000092100000|  0%| F|  |TAMS 0x0000000092000000| PB 0x0000000092000000| Untracked |  0
|  83|0x0000000092100000, 0x0000000092100000, 0x0000000092200000|  0%| F|  |TAMS 0x0000000092100000| PB 0x0000000092100000| Untracked |  0
|  84|0x0000000092200000, 0x0000000092200000, 0x0000000092300000|  0%| F|  |TAMS 0x0000000092200000| PB 0x0000000092200000| Untracked |  0
|  85|0x0000000092300000, 0x0000000092300000, 0x0000000092400000|  0%| F|  |TAMS 0x0000000092300000| PB 0x0000000092300000| Untracked |  0
|  86|0x0000000092400000, 0x0000000092400000, 0x0000000092500000|  0%| F|  |TAMS 0x0000000092400000| PB 0x0000000092400000| Untracked |  0
|  87|0x0000000092500000, 0x0000000092500000, 0x0000000092600000|  0%| F|  |TAMS 0x0000000092500000| PB 0x0000000092500000| Untracked |  0
|  88|0x0000000092600000, 0x0000000092600000, 0x0000000092700000|  0%| F|  |TAMS 0x0000000092600000| PB 0x0000000092600000| Untracked |  0
|  89|0x0000000092700000, 0x0000000092700000, 0x0000000092800000|  0%| F|  |TAMS 0x0000000092700000| PB 0x0000000092700000| Untracked |  0
|  90|0x0000000092800000, 0x0000000092800000, 0x0000000092900000|  0%| F|  |TAMS 0x0000000092800000| PB 0x0000000092800000| Untracked |  0
|  91|0x0000000092900000, 0x0000000092900000, 0x0000000092a00000|  0%| F|  |TAMS 0x0000000092900000| PB 0x0000000092900000| Untracked |  0
|  92|0x0000000092a00000, 0x0000000092a00000, 0x0000000092b00000|  0%| F|  |TAMS 0x0000000092a00000| PB 0x0000000092a00000| Untracked |  0
|  93|0x0000000092b00000, 0x0000000092b00000, 0x0000000092c00000|  0%| F|  |TAMS 0x0000000092b00000| PB 0x0000000092b00000| Untracked |  0
|  94|0x0000000092c00000, 0x0000000092c00000, 0x0000000092d00000|  0%| F|  |TAMS 0x0000000092c00000| PB 0x0000000092c00000| Untracked |  0
|  95|0x0000000092d00000, 0x0000000092d00000, 0x0000000092e00000|  0%| F|  |TAMS 0x0000000092d00000| PB 0x0000000092d00000| Untracked |  0
|  96|0x0000000092e00000, 0x0000000092e00000, 0x0000000092f00000|  0%| F|  |TAMS 0x0000000092e00000| PB 0x0000000092e00000| Untracked |  0
|  97|0x0000000092f00000, 0x0000000092f00000, 0x0000000093000000|  0%| F|  |TAMS 0x0000000092f00000| PB 0x0000000092f00000| Untracked |  0
|  98|0x0000000093000000, 0x0000000093000000, 0x0000000093100000|  0%| F|  |TAMS 0x0000000093000000| PB 0x0000000093000000| Untracked |  0
|  99|0x0000000093100000, 0x0000000093100000, 0x0000000093200000|  0%| F|  |TAMS 0x0000000093100000| PB 0x0000000093100000| Untracked |  0
| 100|0x0000000093200000, 0x0000000093300000, 0x0000000093300000|100%| S|CS|TAMS 0x0000000093200000| PB 0x0000000093200000| Complete |  0
| 101|0x0000000093300000, 0x0000000093400000, 0x0000000093400000|100%| S|CS|TAMS 0x0000000093300000| PB 0x0000000093300000| Complete |  0
| 102|0x0000000093400000, 0x0000000093400000, 0x0000000093500000|  0%| F|  |TAMS 0x0000000093400000| PB 0x0000000093400000| Untracked |  0
| 103|0x0000000093500000, 0x0000000093500000, 0x0000000093600000|  0%| F|  |TAMS 0x0000000093500000| PB 0x0000000093500000| Untracked |  0
| 104|0x0000000093600000, 0x0000000093600000, 0x0000000093700000|  0%| F|  |TAMS 0x0000000093600000| PB 0x0000000093600000| Untracked |  0
| 105|0x0000000093700000, 0x0000000093700000, 0x0000000093800000|  0%| F|  |TAMS 0x0000000093700000| PB 0x0000000093700000| Untracked |  0
| 106|0x0000000093800000, 0x0000000093800000, 0x0000000093900000|  0%| F|  |TAMS 0x0000000093800000| PB 0x0000000093800000| Untracked |  0
| 107|0x0000000093900000, 0x00000000939cb5b8, 0x0000000093a00000| 79%| E|  |TAMS 0x0000000093900000| PB 0x0000000093900000| Complete |  0
| 108|0x0000000093a00000, 0x0000000093b00000, 0x0000000093b00000|100%| E|CS|TAMS 0x0000000093a00000| PB 0x0000000093a00000| Complete |  0
| 109|0x0000000093b00000, 0x0000000093c00000, 0x0000000093c00000|100%| E|CS|TAMS 0x0000000093b00000| PB 0x0000000093b00000| Complete |  0
| 110|0x0000000093c00000, 0x0000000093d00000, 0x0000000093d00000|100%| E|CS|TAMS 0x0000000093c00000| PB 0x0000000093c00000| Complete |  0
| 111|0x0000000093d00000, 0x0000000093e00000, 0x0000000093e00000|100%| E|CS|TAMS 0x0000000093d00000| PB 0x0000000093d00000| Complete |  0
| 112|0x0000000093e00000, 0x0000000093f00000, 0x0000000093f00000|100%| E|CS|TAMS 0x0000000093e00000| PB 0x0000000093e00000| Complete |  0
| 113|0x0000000093f00000, 0x0000000094000000, 0x0000000094000000|100%| E|CS|TAMS 0x0000000093f00000| PB 0x0000000093f00000| Complete |  0
| 114|0x0000000094000000, 0x0000000094100000, 0x0000000094100000|100%| E|CS|TAMS 0x0000000094000000| PB 0x0000000094000000| Complete |  0
| 115|0x0000000094100000, 0x0000000094200000, 0x0000000094200000|100%| E|  |TAMS 0x0000000094100000| PB 0x0000000094100000| Complete |  0

Card table byte_map: [0x0000024a4f480000,0x0000024a4f820000] _byte_map_base: 0x0000024a4f019000

Marking Bits: (CMBitMap*) 0x0000024a37df2b90
 Bits: [0x0000024a4f820000, 0x0000024a514e8000)

Polling page: 0x0000024a35d00000

Metaspace:

Usage:
  Non-class:      8.04 MB used.
      Class:      1.07 MB used.
       Both:      9.11 MB used.

Virtual space:
  Non-class space:       64.00 MB reserved,       8.19 MB ( 13%) committed,  1 nodes.
      Class space:        1.00 GB reserved,       1.13 MB ( <1%) committed,  1 nodes.
             Both:        1.06 GB reserved,       9.31 MB ( <1%) committed. 

Chunk freelists:
   Non-Class:  6.88 MB
       Class:  14.69 MB
        Both:  21.56 MB

MaxMetaspaceSize: unlimited
CompressedClassSpaceSize: 1.00 GB
Initial GC threshold: 21.00 MB
Current GC threshold: 21.00 MB
CDS: on
 - commit_granule_bytes: 65536.
 - commit_granule_words: 8192.
 - virtual_space_node_default_size: 8388608.
 - enlarge_chunks_in_place: 1.
 - use_allocation_guard: 0.


Internal statistics:

num_allocs_failed_limit: 0.
num_arena_births: 220.
num_arena_deaths: 0.
num_vsnodes_births: 2.
num_vsnodes_deaths: 0.
num_space_committed: 149.
num_space_uncommitted: 0.
num_chunks_returned_to_freelist: 0.
num_chunks_taken_from_freelist: 370.
num_chunk_merges: 0.
num_chunk_splits: 225.
num_chunks_enlarged: 134.
num_inconsistent_stats: 0.

CodeHeap 'non-profiled nmethods': size=120000Kb used=452Kb max_used=452Kb free=119547Kb
 bounds [0x0000024a47bb0000, 0x0000024a47e20000, 0x0000024a4f0e0000]
CodeHeap 'profiled nmethods': size=120000Kb used=2507Kb max_used=2507Kb free=117493Kb
 bounds [0x0000024a400e0000, 0x0000024a40360000, 0x0000024a47610000]
CodeHeap 'non-nmethods': size=5760Kb used=1447Kb max_used=1462Kb free=4312Kb
 bounds [0x0000024a47610000, 0x0000024a47880000, 0x0000024a47bb0000]
 total_blobs=1987 nmethods=1454 adapters=439
 compilation: enabled
              stopped_count=0, restarted_count=0
 full_count=0

Compilation events (20 events):
Event: 2.800 Thread 0x0000024a539e4ae0 1437       3       java.util.regex.Pattern$BmpCharPropertyGreedy::match (89 bytes)
Event: 2.801 Thread 0x0000024a539e4ae0 nmethod 1437 0x0000024a40342010 code [0x0000024a40342200, 0x0000024a40342830]
Event: 2.801 Thread 0x0000024a539e4ae0 1438       3       java.util.Formatter$Flags::contains (13 bytes)
Event: 2.802 Thread 0x0000024a539e4ae0 nmethod 1438 0x0000024a40342a10 code [0x0000024a40342ba0, 0x0000024a40342ce0]
Event: 2.802 Thread 0x0000024a539e4ae0 1439       3       java.util.regex.Matcher::checkGroup (41 bytes)
Event: 2.803 Thread 0x0000024a539e4ae0 nmethod 1439 0x0000024a40342d90 code [0x0000024a40342fc0, 0x0000024a403435f0]
Event: 2.803 Thread 0x0000024a539e4ae0 1440       3       java.util.regex.Matcher::groupCount (10 bytes)
Event: 2.803 Thread 0x0000024a539e4ae0 nmethod 1440 0x0000024a40343890 code [0x0000024a40343a20, 0x0000024a40343b38]
Event: 2.806 Thread 0x0000024a539e4ae0 1441       3       java.lang.ClassLoader::definePackage (85 bytes)
Event: 2.808 Thread 0x0000024a539e4ae0 nmethod 1441 0x0000024a40343c10 code [0x0000024a40343ee0, 0x0000024a40344d00]
Event: 2.808 Thread 0x0000024a539e4ae0 1442       3       java.lang.Package::isSealed (26 bytes)
Event: 2.809 Thread 0x0000024a539e4ae0 nmethod 1442 0x0000024a40345190 code [0x0000024a40345340, 0x0000024a40345628]
Event: 2.809 Thread 0x0000024a539e4ae0 1443       3       jdk.internal.loader.BuiltinClassLoader::isSealed (71 bytes)
Event: 2.813 Thread 0x0000024a539e4ae0 nmethod 1443 0x0000024a40345710 code [0x0000024a40345b60, 0x0000024a403477d0]
Event: 2.813 Thread 0x0000024a539e4ae0 1446       3       java.lang.invoke.TypeConvertingMethodAdapter::convertType (299 bytes)
Event: 2.815 Thread 0x0000024a539d8ac0 1448       4       java.lang.AbstractStringBuilder::append (45 bytes)
Event: 2.821 Thread 0x0000024a539e4ae0 nmethod 1446 0x0000024a40348310 code [0x0000024a403489c0, 0x0000024a4034c378]
Event: 2.821 Thread 0x0000024a539e4ae0 1449       3       java.lang.invoke.MethodHandle::getApproximateCommonClassLoader (58 bytes)
Event: 2.823 Thread 0x0000024a539e4ae0 nmethod 1449 0x0000024a4034d710 code [0x0000024a4034d980, 0x0000024a4034e470]
Event: 2.823 Thread 0x0000024a539e4ae0 1450       3       java.lang.invoke.MethodHandle::keepsAlive (49 bytes)

GC Heap History (2 events):
Event: 2.210 GC heap before
{Heap before GC invocations=0 (full 0):
 garbage-first heap   total reserved 1886208K, committed 118784K, used 13312K [0x000000008ce00000, 0x0000000100000000)
  region size 1024K, 14 young (14336K), 0 survivors (0K)
 Metaspace       used 6111K, committed 6400K, reserved 1114112K
  class space    used 706K, committed 832K, reserved 1048576K
}
Event: 2.232 GC heap after
{Heap after GC invocations=1 (full 0):
 garbage-first heap   total reserved 1886208K, committed 118784K, used 4544K [0x000000008ce00000, 0x0000000100000000)
  region size 1024K, 2 young (2048K), 2 survivors (2048K)
 Metaspace       used 6111K, committed 6400K, reserved 1114112K
  class space    used 706K, committed 832K, reserved 1048576K
}

Dll operation events (11 events):
Event: 0.029 Loaded shared library C:\Users\Elina\.jdks\openjdk-22.0.1\bin\java.dll
Event: 0.117 Loaded shared library C:\Users\Elina\.jdks\openjdk-22.0.1\bin\jsvml.dll
Event: 0.335 Loaded shared library C:\Users\Elina\.jdks\openjdk-22.0.1\bin\zip.dll
Event: 0.344 Loaded shared library C:\Users\Elina\.jdks\openjdk-22.0.1\bin\instrument.dll
Event: 0.357 Loaded shared library C:\Users\Elina\.jdks\openjdk-22.0.1\bin\net.dll
Event: 0.361 Loaded shared library C:\Users\Elina\.jdks\openjdk-22.0.1\bin\nio.dll
Event: 0.369 Loaded shared library C:\Users\Elina\.jdks\openjdk-22.0.1\bin\zip.dll
Event: 0.498 Loaded shared library C:\Users\Elina\AppData\Local\Programs\IntelliJ IDEA Community Edition\bin\breakgen64.dll
Event: 0.523 Loaded shared library C:\Users\Elina\.jdks\openjdk-22.0.1\bin\extnet.dll
Event: 0.605 Loaded shared library C:\Users\Elina\.jdks\openjdk-22.0.1\bin\jimage.dll
Event: 2.501 Loaded shared library C:\Users\Elina\.jdks\openjdk-22.0.1\bin\sunmscapi.dll

Deoptimization events (20 events):
Event: 2.009 Thread 0x0000024a37da0fe0 DEOPT PACKING pc=0x0000024a47be367c sp=0x00000096b4cfe720
Event: 2.009 Thread 0x0000024a37da0fe0 DEOPT UNPACKING pc=0x0000024a476646a2 sp=0x00000096b4cfe6b0 mode 2
Event: 2.067 Thread 0x0000024a37da0fe0 Uncommon trap: trap_request=0xffffff6e fr.pc=0x0000024a47bdbf58 relative=0x0000000000000418
Event: 2.067 Thread 0x0000024a37da0fe0 Uncommon trap: reason=loop_limit_check action=maybe_recompile pc=0x0000024a47bdbf58 method=java.lang.StringLatin1.indexOf([BI[BII)I @ 37 c2
Event: 2.067 Thread 0x0000024a37da0fe0 DEOPT PACKING pc=0x0000024a47bdbf58 sp=0x00000096b4cfc9f0
Event: 2.067 Thread 0x0000024a37da0fe0 DEOPT UNPACKING pc=0x0000024a476646a2 sp=0x00000096b4cfc950 mode 2
Event: 2.238 Thread 0x0000024a37da0fe0 Uncommon trap: trap_request=0xffffff45 fr.pc=0x0000024a47c07a38 relative=0x0000000000000098
Event: 2.238 Thread 0x0000024a37da0fe0 Uncommon trap: reason=unstable_if action=reinterpret pc=0x0000024a47c07a38 method=java.lang.ref.ReferenceQueue.headIsNull()Z @ 4 c2
Event: 2.238 Thread 0x0000024a37da0fe0 DEOPT PACKING pc=0x0000024a47c07a38 sp=0x00000096b4cfca20
Event: 2.238 Thread 0x0000024a37da0fe0 DEOPT UNPACKING pc=0x0000024a476646a2 sp=0x00000096b4cfc8e0 mode 2
Event: 2.259 Thread 0x0000024a37da0fe0 Uncommon trap: trap_request=0xffffff45 fr.pc=0x0000024a47bc2ca8 relative=0x0000000000000188
Event: 2.259 Thread 0x0000024a37da0fe0 Uncommon trap: reason=unstable_if action=reinterpret pc=0x0000024a47bc2ca8 method=jdk.internal.util.ArraysSupport.vectorizedHashCode(Ljava/lang/Object;IIII)I @ 2 c2
Event: 2.259 Thread 0x0000024a37da0fe0 DEOPT PACKING pc=0x0000024a47bc2ca8 sp=0x00000096b4cfc230
Event: 2.259 Thread 0x0000024a37da0fe0 DEOPT UNPACKING pc=0x0000024a476646a2 sp=0x00000096b4cfc1e0 mode 2
Event: 2.311 Thread 0x0000024a37da0fe0 DEOPT PACKING pc=0x0000024a402b8b0b sp=0x00000096b4cfd110
Event: 2.311 Thread 0x0000024a37da0fe0 DEOPT UNPACKING pc=0x0000024a47664e42 sp=0x00000096b4cfc588 mode 0
Event: 2.315 Thread 0x0000024a37da0fe0 DEOPT PACKING pc=0x0000024a402b8b0b sp=0x00000096b4cfcf60
Event: 2.315 Thread 0x0000024a37da0fe0 DEOPT UNPACKING pc=0x0000024a47664e42 sp=0x00000096b4cfc3d8 mode 0
Event: 2.318 Thread 0x0000024a37da0fe0 DEOPT PACKING pc=0x0000024a402b8b0b sp=0x00000096b4cfcf60
Event: 2.318 Thread 0x0000024a37da0fe0 DEOPT UNPACKING pc=0x0000024a47664e42 sp=0x00000096b4cfc3d8 mode 0

Classes loaded (20 events):
Event: 2.773 Loading class sun/net/www/MeteredStream done
Event: 2.773 Loading class sun/net/www/http/KeepAliveStream done
Event: 2.773 Loading class sun/net/www/http/KeepAliveStreamCleaner
Event: 2.773 Loading class sun/net/www/http/KeepAliveStreamCleaner done
Event: 2.773 Loading class sun/net/www/http/KeepAliveStreamCleaner$1
Event: 2.774 Loading class sun/net/www/http/KeepAliveStreamCleaner$1 done
Event: 2.774 Loading class sun/net/www/http/KeepAliveStreamCleaner$2
Event: 2.774 Loading class sun/net/www/http/KeepAliveStreamCleaner$2 done
Event: 2.774 Loading class sun/net/www/protocol/http/HttpURLConnection$HttpInputStream
Event: 2.774 Loading class sun/net/www/protocol/http/HttpURLConnection$HttpInputStream done
Event: 2.775 Loading class sun/net/www/http/ChunkedInputStream
Event: 2.775 Loading class sun/net/www/http/ChunkedInputStream done
Event: 2.775 Loading class sun/net/www/http/KeepAliveCache$1
Event: 2.775 Loading class sun/net/www/http/KeepAliveCache$1 done
Event: 2.776 Loading class sun/net/www/http/KeepAliveCache$ClientVector
Event: 2.776 Loading class sun/net/www/http/KeepAliveCache$ClientVector done
Event: 2.777 Loading class sun/net/www/http/KeepAliveEntry
Event: 2.777 Loading class sun/net/www/http/KeepAliveEntry done
Event: 2.790 Loading class java/util/Collections$2
Event: 2.790 Loading class java/util/Collections$2 done

Classes unloaded (0 events):
No events

Classes redefined (0 events):
No events

Internal exceptions (20 events):
Event: 1.888 Thread 0x0000024a37da0fe0 Exception <a 'java/lang/NoSuchMethodError'{0x00000000936c3dd0}: 'int java.lang.invoke.DirectMethodHandle$Holder.invokeStaticInit(java.lang.Object, long, long)'> (0x00000000936c3dd0) 
thrown [s\open\src\hotspot\share\interpreter\linkResolver.cpp, line 774]
Event: 1.890 Thread 0x0000024a37da0fe0 Exception <a 'java/lang/NoSuchMethodError'{0x00000000936ca848}: 'int java.lang.invoke.DirectMethodHandle$Holder.invokeStaticInit(java.lang.Object, float, float)'> (0x00000000936ca848) 
thrown [s\open\src\hotspot\share\interpreter\linkResolver.cpp, line 774]
Event: 1.892 Thread 0x0000024a37da0fe0 Exception <a 'java/lang/NoSuchMethodError'{0x00000000936d12b8}: 'int java.lang.invoke.DirectMethodHandle$Holder.invokeStaticInit(java.lang.Object, double, double)'> (0x00000000936d12b8) 
thrown [s\open\src\hotspot\share\interpreter\linkResolver.cpp, line 774]
Event: 1.893 Thread 0x0000024a37da0fe0 Exception <a 'java/lang/NoSuchMethodError'{0x00000000936d5848}: 'int java.lang.invoke.DirectMethodHandle$Holder.invokeStatic(java.lang.Object, long)'> (0x00000000936d5848) 
thrown [s\open\src\hotspot\share\interpreter\linkResolver.cpp, line 774]
Event: 1.901 Thread 0x0000024a37da0fe0 Exception <a 'java/lang/NoSuchMethodError'{0x00000000936e99d0}: 'int java.lang.invoke.DirectMethodHandle$Holder.invokeSpecial(java.lang.Object, java.lang.Object, java.lang.Object, java.lang.Object)'> (0x00000000936e99d0) 
thrown [s\open\src\hotspot\share\interpreter\linkResolver.cpp, line 774]
Event: 1.906 Thread 0x0000024a37da0fe0 Exception <a 'java/lang/NoSuchMethodError'{0x00000000936fe458}: 'java.lang.Object java.lang.invoke.DirectMethodHandle$Holder.invokeSpecial(java.lang.Object, java.lang.Object, int, java.lang.Object, java.lang.Object)'> (0x00000000936fe458) 
thrown [s\open\src\hotspot\share\interpreter\linkResolver.cpp, line 774]
Event: 1.907 Thread 0x0000024a37da0fe0 Exception <a 'java/lang/NoSuchMethodError'{0x0000000093502028}: 'java.lang.Object java.lang.invoke.DelegatingMethodHandle$Holder.delegate(java.lang.Object, int, java.lang.Object, java.lang.Object)'> (0x0000000093502028) 
thrown [s\open\src\hotspot\share\interpreter\linkResolver.cpp, line 774]
Event: 1.912 Thread 0x0000024a37da0fe0 Exception <a 'java/lang/NoSuchMethodError'{0x0000000093511498}: 'int java.lang.invoke.Invokers$Holder.linkToTargetMethod(java.lang.Object, java.lang.Object, java.lang.Object)'> (0x0000000093511498) 
thrown [s\open\src\hotspot\share\interpreter\linkResolver.cpp, line 774]
Event: 1.920 Thread 0x0000024a37da0fe0 Exception <a 'java/lang/NoSuchMethodError'{0x0000000093520510}: 'long java.lang.invoke.DirectMethodHandle$Holder.invokeSpecial(java.lang.Object, java.lang.Object)'> (0x0000000093520510) 
thrown [s\open\src\hotspot\share\interpreter\linkResolver.cpp, line 774]
Event: 2.100 Thread 0x0000024a37da0fe0 Exception <a 'sun/nio/fs/WindowsException'{0x00000000934363e0}> (0x00000000934363e0) 
thrown [s\open\src\hotspot\share\prims\jni.cpp, line 520]
Event: 2.252 Thread 0x0000024a37da0fe0 Exception <a 'java/lang/NoSuchMethodError'{0x00000000940a24e0}: 'void java.lang.invoke.DirectMethodHandle$Holder.invokeVirtual(java.lang.Object, java.lang.Object)'> (0x00000000940a24e0) 
thrown [s\open\src\hotspot\share\interpreter\linkResolver.cpp, line 774]
Event: 2.385 Thread 0x0000024a37da0fe0 Exception <a 'java/lang/NoSuchMethodError'{0x0000000093cde560}: 'java.lang.Object java.lang.invoke.DirectMethodHandle$Holder.invokeStaticInit(java.lang.Object, int, int, int, int)'> (0x0000000093cde560) 
thrown [s\open\src\hotspot\share\interpreter\linkResolver.cpp, line 774]
Event: 2.433 Thread 0x0000024a37da0fe0 Exception <a 'java/lang/NoSuchMethodError'{0x0000000093b47840}: 'java.lang.Object java.lang.invoke.DirectMethodHandle$Holder.invokeStaticInit(java.lang.Object, java.lang.Object, int, int, int, int)'> (0x0000000093b47840) 
thrown [s\open\src\hotspot\share\interpreter\linkResolver.cpp, line 774]
Event: 2.629 Thread 0x0000024a37da0fe0 Exception <a 'java/lang/NoSuchMethodError'{0x0000000093a77b40}: 'java.lang.Object java.lang.invoke.DirectMethodHandle$Holder.invokeInterface(java.lang.Object, java.lang.Object, java.lang.Object)'> (0x0000000093a77b40) 
thrown [s\open\src\hotspot\share\interpreter\linkResolver.cpp, line 774]
Event: 2.630 Thread 0x0000024a37da0fe0 Exception <a 'java/lang/IncompatibleClassChangeError'{0x0000000093a7af38}: Found class java.lang.Object, but interface was expected> (0x0000000093a7af38) 
thrown [s\open\src\hotspot\share\interpreter\linkResolver.cpp, line 841]
Event: 2.633 Thread 0x0000024a37da0fe0 Exception <a 'java/lang/NoSuchMethodError'{0x0000000093a82518}: 'int java.lang.invoke.DirectMethodHandle$Holder.invokeSpecialIFC(java.lang.Object, java.lang.Object, java.lang.Object, java.lang.Object)'> (0x0000000093a82518) 
thrown [s\open\src\hotspot\share\interpreter\linkResolver.cpp, line 774]
Event: 2.642 Thread 0x0000024a37da0fe0 Exception <a 'java/lang/NoSuchMethodError'{0x0000000093aa4e68}: 'java.lang.Object java.lang.invoke.DirectMethodHandle$Holder.invokeVirtual(java.lang.Object, java.lang.Object, java.lang.Object, java.lang.Object)'> (0x0000000093aa4e68) 
thrown [s\open\src\hotspot\share\interpreter\linkResolver.cpp, line 774]
Event: 2.678 Thread 0x0000024a997056b0 Exception <a 'java/net/ConnectException'{0x00000000939077d8}: Connection refused: getsockopt> (0x00000000939077d8) 
thrown [s\open\src\hotspot\share\prims\jni.cpp, line 539]
Event: 2.702 Thread 0x0000024a997056b0 Exception <a 'java/net/ConnectException'{0x00000000939088d0}: Connection refused: getsockopt> (0x00000000939088d0) 
thrown [s\open\src\hotspot\share\prims\jni.cpp, line 539]
Event: 2.724 Thread 0x0000024a997056b0 Exception <a 'java/net/ConnectException'{0x00000000939097f0}: Connection refused: getsockopt> (0x00000000939097f0) 
thrown [s\open\src\hotspot\share\prims\jni.cpp, line 539]

ZGC Phase Switch (0 events):
No events

VM Operations (20 events):
Event: 0.832 Executing VM operation: HandshakeAllThreads (Deoptimize)
Event: 0.832 Executing VM operation: HandshakeAllThreads (Deoptimize) done
Event: 0.842 Executing VM operation: HandshakeAllThreads (Deoptimize)
Event: 0.842 Executing VM operation: HandshakeAllThreads (Deoptimize) done
Event: 1.842 Executing VM operation: Cleanup
Event: 1.842 Executing VM operation: Cleanup done
Event: 1.869 Executing VM operation: HandshakeAllThreads (Deoptimize)
Event: 1.869 Executing VM operation: HandshakeAllThreads (Deoptimize) done
Event: 1.931 Executing VM operation: HandshakeAllThreads (Deoptimize)
Event: 1.931 Executing VM operation: HandshakeAllThreads (Deoptimize) done
Event: 1.933 Executing VM operation: HandshakeAllThreads (Deoptimize)
Event: 1.933 Executing VM operation: HandshakeAllThreads (Deoptimize) done
Event: 2.210 Executing VM operation: G1CollectForAllocation (G1 Evacuation Pause)
Event: 2.232 Executing VM operation: G1CollectForAllocation (G1 Evacuation Pause) done
Event: 2.654 Executing VM operation: HandshakeAllThreads (Deoptimize)
Event: 2.654 Executing VM operation: HandshakeAllThreads (Deoptimize) done
Event: 2.655 Executing VM operation: HandshakeAllThreads (Deoptimize)
Event: 2.655 Executing VM operation: HandshakeAllThreads (Deoptimize) done
Event: 2.776 Executing VM operation: HandshakeAllThreads (Deoptimize)
Event: 2.776 Executing VM operation: HandshakeAllThreads (Deoptimize) done

Events (20 events):
Event: 0.113 Thread 0x0000024a539c66c0 Thread added: 0x0000024a539c66c0
Event: 0.113 Thread 0x0000024a539ca340 Thread added: 0x0000024a539ca340
Event: 0.114 Thread 0x0000024a539ceec0 Thread added: 0x0000024a539ceec0
Event: 0.114 Thread 0x0000024a539d7d30 Thread added: 0x0000024a539d7d30
Event: 0.114 Thread 0x0000024a539d8ac0 Thread added: 0x0000024a539d8ac0
Event: 0.114 Thread 0x0000024a539e4ae0 Thread added: 0x0000024a539e4ae0
Event: 0.276 Thread 0x0000024a53bac500 Thread added: 0x0000024a53bac500
Event: 0.444 Thread 0x0000024a53ead680 Thread added: 0x0000024a53ead680
Event: 0.499 Thread 0x0000024a53d00f40 Thread added: 0x0000024a53d00f40
Event: 0.499 Thread 0x0000024a53e0c5a0 Thread added: 0x0000024a53e0c5a0
Event: 0.913 Thread 0x0000024a991baaa0 Thread added: 0x0000024a991baaa0
Event: 1.087 Thread 0x0000024a53ead680 Thread exited: 0x0000024a53ead680
Event: 1.585 Thread 0x0000024a991baaa0 Thread exited: 0x0000024a991baaa0
Event: 1.756 Thread 0x0000024a9925a470 Thread added: 0x0000024a9925a470
Event: 2.585 Thread 0x0000024a996ac640 Thread added: 0x0000024a996ac640
Event: 2.651 Thread 0x0000024a9969a4d0 Thread added: 0x0000024a9969a4d0
Event: 2.655 Thread 0x0000024a996f3a20 Thread added: 0x0000024a996f3a20
Event: 2.656 Thread 0x0000024a997027b0 Thread added: 0x0000024a997027b0
Event: 2.662 Thread 0x0000024a997056b0 Thread added: 0x0000024a997056b0
Event: 2.776 Thread 0x0000024a99703500 Thread added: 0x0000024a99703500


Dynamic libraries:
0x00007ff709a00000 - 0x00007ff709a0e000 	C:\Users\Elina\.jdks\openjdk-22.0.1\bin\java.exe
0x00007ff90c580000 - 0x00007ff90c76e000 	C:\Windows\SYSTEM32\ntdll.dll
0x00007ff909cc0000 - 0x00007ff909d73000 	C:\Windows\System32\KERNEL32.DLL
0x00007ff908c60000 - 0x00007ff908efd000 	C:\Windows\System32\KERNELBASE.dll
0x00007ff9085f0000 - 0x00007ff9086ea000 	C:\Windows\System32\ucrtbase.dll
0x00007ff906330000 - 0x00007ff906347000 	C:\Users\Elina\.jdks\openjdk-22.0.1\bin\jli.dll
0x00007ff8ff2a0000 - 0x00007ff8ff2bb000 	C:\Users\Elina\.jdks\openjdk-22.0.1\bin\VCRUNTIME140.dll
0x00007ff90c380000 - 0x00007ff90c517000 	C:\Windows\System32\USER32.dll
0x00007ff9088a0000 - 0x00007ff9088c0000 	C:\Windows\System32\win32u.dll
0x00007ff8fcc60000 - 0x00007ff8fced9000 	C:\Windows\WinSxS\amd64_microsoft.windows.common-controls_6595b64144ccf1df_6.0.17763.5936_none_de7060fc534c1ab3\COMCTL32.dll
0x00007ff90c520000 - 0x00007ff90c549000 	C:\Windows\System32\GDI32.dll
0x00007ff90bcb0000 - 0x00007ff90bd4e000 	C:\Windows\System32\msvcrt.dll
0x00007ff9086f0000 - 0x00007ff908898000 	C:\Windows\System32\gdi32full.dll
0x00007ff90c050000 - 0x00007ff90c37a000 	C:\Windows\System32\combase.dll
0x00007ff908bc0000 - 0x00007ff908c60000 	C:\Windows\System32\msvcp_win.dll
0x00007ff909860000 - 0x00007ff909978000 	C:\Windows\System32\RPCRT4.dll
0x00007ff9096a0000 - 0x00007ff909722000 	C:\Windows\System32\bcryptPrimitives.dll
0x00007ff90a050000 - 0x00007ff90a07e000 	C:\Windows\System32\IMM32.DLL
0x00007ff8ff8b0000 - 0x00007ff8ff8bc000 	C:\Users\Elina\.jdks\openjdk-22.0.1\bin\vcruntime140_1.dll
0x00007ff8fe550000 - 0x00007ff8fe5de000 	C:\Users\Elina\.jdks\openjdk-22.0.1\bin\msvcp140.dll
0x00007ff8bcc30000 - 0x00007ff8bd977000 	C:\Users\Elina\.jdks\openjdk-22.0.1\bin\server\jvm.dll
0x00007ff90a6a0000 - 0x00007ff90a748000 	C:\Windows\System32\ADVAPI32.dll
0x00007ff909980000 - 0x00007ff909a22000 	C:\Windows\System32\sechost.dll
0x00007ff908970000 - 0x00007ff908996000 	C:\Windows\System32\bcrypt.dll
0x00007ff908570000 - 0x00007ff9085cd000 	C:\Windows\System32\POWRPROF.dll
0x00007ff90a500000 - 0x00007ff90a56d000 	C:\Windows\System32\WS2_32.dll
0x00007ff9032b0000 - 0x00007ff9032ba000 	C:\Windows\SYSTEM32\VERSION.dll
0x00007ff9057c0000 - 0x00007ff9057e4000 	C:\Windows\SYSTEM32\WINMM.dll
0x00007ff905790000 - 0x00007ff9057bd000 	C:\Windows\SYSTEM32\WINMMBASE.dll
0x00007ff908f00000 - 0x00007ff908f4a000 	C:\Windows\System32\cfgmgr32.dll
0x00007ff9085d0000 - 0x00007ff9085e1000 	C:\Windows\System32\kernel.appcore.dll
0x00007ff8ff270000 - 0x00007ff8ff27a000 	C:\Users\Elina\.jdks\openjdk-22.0.1\bin\jimage.dll
0x00007ff906f20000 - 0x00007ff90710d000 	C:\Windows\SYSTEM32\DBGHELP.DLL
0x00007ff8f69d0000 - 0x00007ff8f69fa000 	C:\Windows\SYSTEM32\dbgcore.DLL
0x00007ff8ff0b0000 - 0x00007ff8ff0bf000 	C:\Users\Elina\.jdks\openjdk-22.0.1\bin\instrument.dll
0x00007ff8ff250000 - 0x00007ff8ff26e000 	C:\Users\Elina\.jdks\openjdk-22.0.1\bin\java.dll
0x00007ff90a750000 - 0x00007ff90bc48000 	C:\Windows\System32\SHELL32.dll
0x00007ff9097b0000 - 0x00007ff909857000 	C:\Windows\System32\shcore.dll
0x00007ff908f50000 - 0x00007ff909698000 	C:\Windows\System32\windows.storage.dll
0x00007ff908520000 - 0x00007ff908543000 	C:\Windows\System32\profapi.dll
0x00007ff90a640000 - 0x00007ff90a692000 	C:\Windows\System32\shlwapi.dll
0x00007ff908ba0000 - 0x00007ff908bbb000 	C:\Windows\System32\cryptsp.dll
0x00007ff909d80000 - 0x00007ff909ed6000 	C:\Windows\System32\ole32.dll
0x00007ff8f6800000 - 0x00007ff8f68d7000 	C:\Users\Elina\.jdks\openjdk-22.0.1\bin\jsvml.dll
0x00007ff8f8800000 - 0x00007ff8f8817000 	C:\Users\Elina\.jdks\openjdk-22.0.1\bin\zip.dll
0x00007ff8ff0a0000 - 0x00007ff8ff0b0000 	C:\Users\Elina\.jdks\openjdk-22.0.1\bin\net.dll
0x00007ff907d70000 - 0x00007ff907dd7000 	C:\Windows\system32\mswsock.dll
0x00007ff8fe4f0000 - 0x00007ff8fe506000 	C:\Users\Elina\.jdks\openjdk-22.0.1\bin\nio.dll
0x00007ff8ec1c0000 - 0x00007ff8ec1da000 	C:\Users\Elina\AppData\Local\Programs\IntelliJ IDEA Community Edition\bin\breakgen64.dll
0x00007ff8fe520000 - 0x00007ff8fe529000 	C:\Users\Elina\.jdks\openjdk-22.0.1\bin\extnet.dll
0x00007ff907a40000 - 0x00007ff907b06000 	C:\Windows\SYSTEM32\DNSAPI.dll
0x00007ff9097a0000 - 0x00007ff9097a8000 	C:\Windows\System32\NSI.dll
0x00007ff907a00000 - 0x00007ff907a3d000 	C:\Windows\SYSTEM32\IPHLPAPI.DLL
0x000000005f3d0000 - 0x000000005f3f6000 	C:\Program Files\Bonjour\mdnsNSP.dll
0x00007ff8fca40000 - 0x00007ff8fca4a000 	C:\Windows\System32\rasadhlp.dll
0x00007ff8fd290000 - 0x00007ff8fd309000 	C:\Windows\System32\fwpuclnt.dll
0x00007ff907870000 - 0x00007ff9078a3000 	C:\Windows\system32\rsaenh.dll
0x00007ff908450000 - 0x00007ff908479000 	C:\Windows\SYSTEM32\USERENV.dll
0x00007ff907f40000 - 0x00007ff907f4c000 	C:\Windows\SYSTEM32\CRYPTBASE.dll
0x00007ff8f5df0000 - 0x00007ff8f5dfe000 	C:\Users\Elina\.jdks\openjdk-22.0.1\bin\sunmscapi.dll
0x00007ff9089a0000 - 0x00007ff908b9e000 	C:\Windows\System32\CRYPT32.dll
0x00007ff908550000 - 0x00007ff908562000 	C:\Windows\System32\MSASN1.dll
0x00007ff908040000 - 0x00007ff90806c000 	C:\Windows\SYSTEM32\ncrypt.dll
0x00007ff908000000 - 0x00007ff90803c000 	C:\Windows\SYSTEM32\NTASN1.dll
0x00007ff900230000 - 0x00007ff900237000 	C:\Windows\system32\wshunix.dll

dbghelp: loaded successfully - version: 4.0.5 - missing functions: none
symbol engine: initialized successfully - sym options: 0x614 - pdb path: .;C:\Users\Elina\.jdks\openjdk-22.0.1\bin;C:\Windows\SYSTEM32;C:\Windows\WinSxS\amd64_microsoft.windows.common-controls_6595b64144ccf1df_6.0.17763.5936_none_de7060fc534c1ab3;C:\Users\Elina\.jdks\openjdk-22.0.1\bin\server;C:\Users\Elina\AppData\Local\Programs\IntelliJ IDEA Community Edition\bin;C:\Program Files\Bonjour

VM Arguments:
jvm_args: -javaagent:C:\Users\Elina\AppData\Local\Programs\IntelliJ IDEA Community Edition\lib\idea_rt.jar=62292:C:\Users\Elina\AppData\Local\Programs\IntelliJ IDEA Community Edition\bin -Dfile.encoding=UTF-8 -Dsun.stdout.encoding=UTF-8 -Dsun.stderr.encoding=UTF-8 
java_command: io.loop.test.day4.Task2_Docuport
java_class_path (initial): C:\Users\Elina\IdeaProjects\AutomationProjectB03\target\test-classes;C:\Users\Elina\IdeaProjects\AutomationProjectB03\target\classes;C:\Users\Elina\.m2\repository\org\seleniumhq\selenium\selenium-java\4.21.0\selenium-java-4.21.0.jar;C:\Users\Elina\.m2\repository\org\seleniumhq\selenium\selenium-api\4.21.0\selenium-api-4.21.0.jar;C:\Users\Elina\.m2\repository\org\seleniumhq\selenium\selenium-chrome-driver\4.21.0\selenium-chrome-driver-4.21.0.jar;C:\Users\Elina\.m2\repository\com\google\auto\service\auto-service-annotations\1.1.1\auto-service-annotations-1.1.1.jar;C:\Users\Elina\.m2\repository\org\seleniumhq\selenium\selenium-chromium-driver\4.21.0\selenium-chromium-driver-4.21.0.jar;C:\Users\Elina\.m2\repository\org\seleniumhq\selenium\selenium-json\4.21.0\selenium-json-4.21.0.jar;C:\Users\Elina\.m2\repository\org\seleniumhq\selenium\selenium-manager\4.21.0\selenium-manager-4.21.0.jar;C:\Users\Elina\.m2\repository\org\seleniumhq\selenium\selenium-devtools-v123\4.21.0\selenium-devtools-v123-4.21.0.jar;C:\Users\Elina\.m2\repository\org\seleniumhq\selenium\selenium-devtools-v124\4.21.0\selenium-devtools-v124-4.21.0.jar;C:\Users\Elina\.m2\repository\org\seleniumhq\selenium\selenium-devtools-v125\4.21.0\selenium-devtools-v125-4.21.0.jar;C:\Users\Elina\.m2\repository\org\seleniumhq\selenium\selenium-devtools-v85\4.21.0\selenium-devtools-v85-4.21.0.jar;C:\Users\Elina\.m2\repository\org\seleniumhq\selenium\selenium-edge-driver\4.21.0\selenium-edge-driver-4.21.0.jar;C:\Users\Elina\.m2\repository\org\seleniumhq\selenium\selenium-firefox-driver\4.21.0\selenium-firefox-driver-4.21.0.jar;C:\Users\Elina\.m2\repository\org\seleniumhq\selenium\selenium-http\4.21.0\selenium-http-4.21.0.jar;C:\Users\Elina\.m2\repository\dev\failsafe\failsafe\3.3.2\failsafe-3.3.2.jar;C:\Users\Elina\.m2\repository\org\seleniumhq\selenium\selenium-ie-driver\4.21.0\selenium-ie-driver-4.21.0.jar;C:\Users\Elina\.m2\repository\org\seleniumhq\selenium\selenium-remote-driver\4.21.0\selenium-remote-driver-4.21.0.jar;C:\Users\Elina\.m2\repository\com\google\guava\guava\33.2.0-jre\guava-33.2.0-jre.jar;C:\Users\Elina\.m2\repository\com\google\guava\failureaccess\1.0.2\failureaccess-1.0.2.jar;C:\Users\Elina\.m2\repository\com\google\guava\listenablefuture\9999.0-empty-to-avoid-conflict-with-guava\listenablefuture-9999.0-empty-to-avoid-conflict-with-guava.jar;C:\Users\Elina\.m2\repository\com\google\code\findbugs\jsr305\3.0.2\jsr305-3.0.2.jar;C:\Users\Elina\.m2\repository\org\checkerframework\checker-qual\3.42.0\checker-qual-3.42.0.jar;C:\Users\Elina\.m2\repository\com\google\errorprone\error_prone_annotations\2.26.1\error_prone_annotations-2.26.1.jar;C:\Users\Elina\.m2\repository\com\google\j2objc\j2objc-annotations\3.0.0\j2objc-annotations-3.0.0.jar;C:\Users\Elina\.m2\repository\io\opentelemetry\semconv\opentelemetry-semconv\1.25.0-alpha\opentelemetry-semconv-1.25.0-alpha.jar;C:\Users\Elina\.m2\repository\io\opentelemetry\opentelemetry-api\1.38.0\opentelemetry-api-1.38.0.jar;C:\Users\Elina\.m2\repository\io\opentelemetry\opentelemetry-context\1.38.0\opentelemetry-context-1.38.0.jar;C:\Users\Elina\.m2\repository\io\opentelemetry\opentelemetry-exporter-logging\1.38.0\opentelemetry-exporter-logging-1.38.0.jar;C:\Users\Elina\.m2\repository\io\opentelemetry\opentelemetry-sdk-common\1.38.0\opentelemetry-sdk-common-1.38.0.jar;C:\Users\Elina\.m2\repository\io\opentelemetry\opentelemetry-sdk-extension-autoconfigure-spi\1.38.0\opentelemetry-sdk-extension-autoconfigure-spi-1.38.0.jar;C:\Users\Elina\.m2\repository\io\opentelemetry\opentelemetry-sdk-extension-autoconfigure\1.38.0\opentelemetry-sdk-extension-autoconfigure-1.38.0.jar;C:\Users\Elina\.m2\repository\io\opentelemetry\opentelemetry-api-incubator\1.38.0-alpha\opentelemetry-api-incubator-1.38.0-alpha.jar;C:\Users\Elina\.m2\repository\io\opentelemetry\opentelemetry-sdk-trace\1.38.0\opentelemetry-sdk-trace-1.38.0.jar;C:\Users\Elina\.m2\repository\io\opentelemetry\opentelemetry-sdk\1.38.0\opentelemetry-sdk-1.38.0.jar;C:\Users\Elina\.m2\repository\io\opentelemetry\opentelemetry-sdk-metrics\1.38.0\opentelemetry-sdk-metrics-1.38.0.jar;C:\Users\Elina\.m2\repository\io\opentelemetry\opentelemetry-sdk-logs\1.38.0\opentelemetry-sdk-logs-1.38.0.jar;C:\Users\Elina\.m2\repository\net\bytebuddy\byte-buddy\1.14.15\byte-buddy-1.14.15.jar;C:\Users\Elina\.m2\repository\org\seleniumhq\selenium\selenium-os\4.21.0\selenium-os-4.21.0.jar;C:\Users\Elina\.m2\repository\org\apache\commons\commons-exec\1.4.0\commons-exec-1.4.0.jar;C:\Users\Elina\.m2\repository\org\seleniumhq\selenium\selenium-safari-driver\4.21.0\selenium-safari-driver-4.21.0.jar;C:\Users\Elina\.m2\repository\org\seleniumhq\selenium\selenium-support\4.21.0\selenium-support-4.21.0.jar
Launcher Type: SUN_STANDARD

[Global flags]
     intx CICompilerCount                          = 3                                         {product} {ergonomic}
     uint ConcGCThreads                            = 1                                         {product} {ergonomic}
     uint G1ConcRefinementThreads                  = 4                                         {product} {ergonomic}
   size_t G1HeapRegionSize                         = 1048576                                   {product} {ergonomic}
   size_t InitialHeapSize                          = 121634816                                 {product} {ergonomic}
   size_t MarkStackSize                            = 4194304                                   {product} {ergonomic}
   size_t MaxHeapSize                              = 1931476992                                {product} {ergonomic}
   size_t MaxNewSize                               = 1158676480                                {product} {ergonomic}
   size_t MinHeapDeltaBytes                        = 1048576                                   {product} {ergonomic}
   size_t MinHeapSize                              = 8388608                                   {product} {ergonomic}
    uintx NonNMethodCodeHeapSize                   = 5832780                                {pd product} {ergonomic}
    uintx NonProfiledCodeHeapSize                  = 122912730                              {pd product} {ergonomic}
    uintx ProfiledCodeHeapSize                     = 122912730                              {pd product} {ergonomic}
    uintx ReservedCodeCacheSize                    = 251658240                              {pd product} {ergonomic}
     bool SegmentedCodeCache                       = true                                      {product} {ergonomic}
   size_t SoftMaxHeapSize                          = 1931476992                             {manageable} {ergonomic}
     bool UseCompressedOops                        = true                           {product lp64_product} {ergonomic}
     bool UseG1GC                                  = true                                      {product} {ergonomic}
     bool UseLargePagesIndividualAllocation        = false                                  {pd product} {ergonomic}

Logging:
Log output configuration:
 #0: stdout all=warning uptime,level,tags foldmultilines=false
 #1: stderr all=off uptime,level,tags foldmultilines=false

Environment Variables:
PATH=C:\Program Files\Common Files\Oracle\Java\javapath;C:\Program Files (x86)\Common Files\Oracle\Java\javapath;C:\Windows\system32;C:\Windows;C:\Windows\System32\Wbem;C:\Windows\System32\WindowsPowerShell\v1.0\;C:\Windows\System32\OpenSSH\;C:\Program Files\Git\cmd;C:\Program Files\MySQL\MySQL Shell 8.0\bin\;C:\Users\Elina\AppData\Local\Microsoft\WindowsApps;C:\Users\Elina\AppData\Local\JetBrains\Toolbox\scripts
USERNAME=Elina
OS=Windows_NT
PROCESSOR_IDENTIFIER=AMD64 Family 21 Model 16 Stepping 1, AuthenticAMD
TMP=C:\Users\Elina\AppData\Local\Temp
TEMP=C:\Users\Elina\AppData\Local\Temp




Periodic native trim disabled

---------------  S Y S T E M  ---------------

OS:
 Windows 10 , 64 bit Build 17763 (10.0.17763.4974)
OS uptime: 0 days 23:03 hours

CPU: total 4 (initial active 4) (4 cores per cpu, 1 threads per core) family 21 model 16 stepping 1 microcode 0x0, cx8, cmov, fxsr, mmx, 3dnowpref, sse, sse2, sse3, ssse3, sse4a, sse4.1, sse4.2, popcnt, lzcnt, tsc, tscinvbit, avx, aes, clmul, bmi1, fma, vzeroupper, clflush, rdtscp, f16c
Processor Information for all 4 processors :
  Max Mhz: 2000, Current Mhz: 2000, Mhz Limit: 2000

Memory: 4k page, system-wide physical 7366M (1805M free)
TotalPageFile size 9414M (AvailPageFile size 2M)
current process WorkingSet (physical memory assigned to process): 78M, peak: 78M
current process commit charge ("private bytes"): 208M, peak: 208M

vm_info: OpenJDK 64-Bit Server VM (22.0.1+8-16) for windows-amd64 JRE (22.0.1+8-16), built on 2024-03-12T10:33:16Z by "mach5one" with MS VC++ 17.6 (VS2022)

END.
