#
# There is insufficient memory for the Java Runtime Environment to continue.
# Native memory allocation (malloc) failed to allocate 1046256 bytes. Error detail: Chunk::new
# Possible reasons:
#   The system is out of physical RAM or swap space
#   This process is running with CompressedOops enabled, and the Java Heap may be blocking the growth of the native heap
# Possible solutions:
#   Reduce memory load on the system
#   Increase physical memory or swap space
#   Check if swap backing store is full
#   Decrease Java heap size (-Xmx/-Xms)
#   Decrease number of Java threads
#   Decrease Java thread stack sizes (-Xss)
#   Set larger code cache with -XX:ReservedCodeCacheSize=
#   JVM is running with Unscaled Compressed Oops mode in which the Java heap is
#     placed in the first 4GB address space. The Java Heap base address is the
#     maximum limit for the native heap growth. Please use -XX:HeapBaseMinAddress
#     to set the Java Heap base and to place the Java Heap above 4GB virtual address.
# This output file may be truncated or incomplete.
#
#  Out of Memory Error (arena.cpp:150), pid=17728, tid=14184
#
# JRE version: OpenJDK Runtime Environment (22.0.1+8) (build 22.0.1+8-16)
# Java VM: OpenJDK 64-Bit Server VM (22.0.1+8-16, mixed mode, sharing, tiered, compressed oops, compressed class ptrs, g1 gc, windows-amd64)
# No core dump will be written. Minidumps are not enabled by default on client versions of Windows
#

---------------  S U M M A R Y ------------

Command Line: -Dmaven.multiModuleProjectDirectory=C:\Users\Elina\IdeaProjects\AutomationProjectB03 -Djansi.passthrough=true -Dmaven.home=C:\Users\Elina\AppData\Local\Programs\IntelliJ IDEA Community Edition\plugins\maven\lib\maven3 -Dclassworlds.conf=C:\Users\Elina\AppData\Local\Programs\IntelliJ IDEA Community Edition\plugins\maven\lib\maven3\bin\m2.conf -Dmaven.ext.class.path=C:\Users\Elina\AppData\Local\Programs\IntelliJ IDEA Community Edition\plugins\maven\lib\maven-event-listener.jar -javaagent:C:\Users\Elina\AppData\Local\Programs\IntelliJ IDEA Community Edition\lib\idea_rt.jar=56828:C:\Users\Elina\AppData\Local\Programs\IntelliJ IDEA Community Edition\bin -Dfile.encoding=UTF-8 -Dsun.stdout.encoding=UTF-8 -Dsun.stderr.encoding=UTF-8 org.codehaus.classworlds.Launcher -Didea.version=2024.1.3 clean

Host: AMD A10-4655M APU with Radeon(tm) HD Graphics  , 4 cores, 7G,  Windows 10 , 64 bit Build 17763 (10.0.17763.4974)
Time: Sun Jun 23 11:16:53 2024 Mountain Daylight Time elapsed time: 15.232893 seconds (0d 0h 0m 15s)

---------------  T H R E A D  ---------------

Current thread (0x000001c17f8a23d0):  JavaThread "C2 CompilerThread0" daemon [_thread_in_native, id=14184, stack(0x0000002feb300000,0x0000002feb400000) (1024K)]


Current CompileTask:
C2:15233 2841   !   4       java.net.URL::<init> (543 bytes)

Stack: [0x0000002feb300000,0x0000002feb400000]
Native frames: (J=compiled Java code, j=interpreted, Vv=VM code, C=native code)
V  [jvm.dll+0x6e2279]  (no source info available)
V  [jvm.dll+0x874e33]  (no source info available)
V  [jvm.dll+0x87725e]  (no source info available)
V  [jvm.dll+0x877933]  (no source info available)
V  [jvm.dll+0x27fd76]  (no source info available)
V  [jvm.dll+0xc3d0f]  (no source info available)
V  [jvm.dll+0xc3f6b]  (no source info available)
V  [jvm.dll+0x3bb0d2]  (no source info available)
V  [jvm.dll+0x387b6b]  (no source info available)
V  [jvm.dll+0x386fda]  (no source info available)
V  [jvm.dll+0x247918]  (no source info available)
V  [jvm.dll+0x246fbf]  (no source info available)
V  [jvm.dll+0x1c4e90]  (no source info available)
V  [jvm.dll+0x2569fe]  (no source info available)
V  [jvm.dll+0x254cba]  (no source info available)
V  [jvm.dll+0x3f5336]  (no source info available)
V  [jvm.dll+0x81d44b]  (no source info available)
V  [jvm.dll+0x6e0915]  (no source info available)
C  [ucrtbase.dll+0x2268a]  (no source info available)
C  [KERNEL32.DLL+0x17ac4]  (no source info available)
C  [ntdll.dll+0x5a8c1]  (no source info available)


---------------  P R O C E S S  ---------------

Threads class SMR info:
_java_thread_list=0x000001c15d013760, length=12, elements={
0x000001c178ec3e00, 0x000001c17f898980, 0x000001c17f899a50, 0x000001c17f89b9d0,
0x000001c17f89f550, 0x000001c17f89ffb0, 0x000001c17f8a1640, 0x000001c17f8a23d0,
0x000001c17f8a36f0, 0x000001c11747f170, 0x000001c117571b00, 0x000001c117572170
}

Java Threads: ( => current thread )
  0x000001c178ec3e00 JavaThread "main"                              [_thread_in_vm, id=19156, stack(0x0000002fea500000,0x0000002fea600000) (1024K)]
  0x000001c17f898980 JavaThread "Reference Handler"          daemon [_thread_blocked, id=18600, stack(0x0000002fead00000,0x0000002feae00000) (1024K)]
  0x000001c17f899a50 JavaThread "Finalizer"                  daemon [_thread_blocked, id=18588, stack(0x0000002feae00000,0x0000002feaf00000) (1024K)]
  0x000001c17f89b9d0 JavaThread "Signal Dispatcher"          daemon [_thread_blocked, id=18584, stack(0x0000002feaf00000,0x0000002feb000000) (1024K)]
  0x000001c17f89f550 JavaThread "Attach Listener"            daemon [_thread_blocked, id=18580, stack(0x0000002feb000000,0x0000002feb100000) (1024K)]
  0x000001c17f89ffb0 JavaThread "Service Thread"             daemon [_thread_blocked, id=18576, stack(0x0000002feb100000,0x0000002feb200000) (1024K)]
  0x000001c17f8a1640 JavaThread "Monitor Deflation Thread"   daemon [_thread_blocked, id=16904, stack(0x0000002feb200000,0x0000002feb300000) (1024K)]
=>0x000001c17f8a23d0 JavaThread "C2 CompilerThread0"         daemon [_thread_in_native, id=14184, stack(0x0000002feb300000,0x0000002feb400000) (1024K)]
  0x000001c17f8a36f0 JavaThread "C1 CompilerThread0"         daemon [_thread_blocked, id=18868, stack(0x0000002feb400000,0x0000002feb500000) (1024K)]
  0x000001c11747f170 JavaThread "Common-Cleaner"             daemon [_thread_blocked, id=18864, stack(0x0000002feb500000,0x0000002feb600000) (1024K)]
  0x000001c117571b00 JavaThread "Monitor Ctrl-Break"         daemon [_thread_in_native, id=18848, stack(0x0000002feb600000,0x0000002feb700000) (1024K)]
  0x000001c117572170 JavaThread "Notification Thread"        daemon [_thread_blocked, id=18808, stack(0x0000002feb700000,0x0000002feb800000) (1024K)]
Total: 12

Other Threads:
  0x000001c17f885ca0 VMThread "VM Thread"                           [id=18592, stack(0x0000002feac00000,0x0000002fead00000) (1024K)]
  0x000001c17f86b7f0 WatcherThread "VM Periodic Task Thread"        [id=18596, stack(0x0000002feab00000,0x0000002feac00000) (1024K)]
  0x000001c1790233b0 WorkerThread "GC Thread#0"                     [id=19216, stack(0x0000002fea600000,0x0000002fea700000) (1024K)]
  0x000001c117bc7920 WorkerThread "GC Thread#1"                     [id=18856, stack(0x0000002feb800000,0x0000002feb900000) (1024K)]
  0x000001c117cca5a0 WorkerThread "GC Thread#2"                     [id=18860, stack(0x0000002feb900000,0x0000002feba00000) (1024K)]
  0x000001c117c792c0 WorkerThread "GC Thread#3"                     [id=18852, stack(0x0000002feba00000,0x0000002febb00000) (1024K)]
  0x000001c178f8d940 ConcurrentGCThread "G1 Main Marker"            [id=19220, stack(0x0000002fea700000,0x0000002fea800000) (1024K)]
  0x000001c179030950 WorkerThread "G1 Conc#0"                       [id=9876, stack(0x0000002fea800000,0x0000002fea900000) (1024K)]
  0x000001c17f73c110 ConcurrentGCThread "G1 Refine#0"               [id=1964, stack(0x0000002fea900000,0x0000002feaa00000) (1024K)]
  0x000001c17f73caa0 ConcurrentGCThread "G1 Service"                [id=14512, stack(0x0000002feaa00000,0x0000002feab00000) (1024K)]
Total: 10

Threads with active compile tasks:
C2 CompilerThread0  15454 2841   !   4       java.net.URL::<init> (543 bytes)
Total: 1

VM state: not at safepoint (normal execution)

VM Mutex/Monitor currently owned by a thread: None

Heap address: 0x000000008ce00000, size: 1842 MB, Compressed Oops mode: 32-bit

CDS archive(s) mapped at: [0x000001c118000000-0x000001c118c50000-0x000001c118c50000), size 12910592, SharedBaseAddress: 0x000001c118000000, ArchiveRelocationMode: 1.
Compressed class space mapped at: 0x000001c119000000-0x000001c159000000, reserved size: 1073741824
Narrow klass base: 0x000001c118000000, Narrow klass shift: 0, Narrow klass range: 0x41000000

GC Precious Log:
 CardTable entry size: 512
 Card Set container configuration: InlinePtr #cards 5 size 8 Array Of Cards #cards 12 size 40 Howl #buckets 4 coarsen threshold 1843 Howl Bitmap #cards 512 size 80 coarsen threshold 460 Card regions per heap region 1 cards per card region 2048
 CPUs: 4 total, 4 available
 Memory: 7366M
 Large Page Support: Disabled
 NUMA Support: Disabled
 Compressed Oops: Enabled (32-bit)
 Heap Region Size: 1M
 Heap Min Capacity: 8M
 Heap Initial Capacity: 116M
 Heap Max Capacity: 1842M
 Pre-touch: Disabled
 Parallel Workers: 4
 Concurrent Workers: 1
 Concurrent Refinement Workers: 4
 Periodic GC: Disabled

Heap:
 garbage-first heap   total reserved 1886208K, committed 118784K, used 50744K [0x000000008ce00000, 0x0000000100000000)
  region size 1024K, 48 young (49152K), 1 survivors (1024K)
 Metaspace       used 14535K, committed 14848K, reserved 1114112K
  class space    used 1756K, committed 1920K, reserved 1048576K

Heap Regions: E=young(eden), S=young(survivor), O=old, HS=humongous(starts), HC=humongous(continues), CS=collection set, F=free, TAMS=top-at-mark-start, PB=parsable bottom
|   0|0x000000008ce00000, 0x000000008cf00000, 0x000000008cf00000|100%| O|  |TAMS 0x000000008ce00000| PB 0x000000008ce00000| Untracked |  0
|   1|0x000000008cf00000, 0x000000008d000000, 0x000000008d000000|100%| O|  |TAMS 0x000000008cf00000| PB 0x000000008cf00000| Untracked |  0
|   2|0x000000008d000000, 0x000000008d100000, 0x000000008d100000|100%| O|  |TAMS 0x000000008d000000| PB 0x000000008d000000| Untracked |  0
|   3|0x000000008d100000, 0x000000008d1e1ff0, 0x000000008d200000| 88%| O|  |TAMS 0x000000008d100000| PB 0x000000008d100000| Untracked |  0
|   4|0x000000008d200000, 0x000000008d200000, 0x000000008d300000|  0%| F|  |TAMS 0x000000008d200000| PB 0x000000008d200000| Untracked |  0
|   5|0x000000008d300000, 0x000000008d300000, 0x000000008d400000|  0%| F|  |TAMS 0x000000008d300000| PB 0x000000008d300000| Untracked |  0
|   6|0x000000008d400000, 0x000000008d400000, 0x000000008d500000|  0%| F|  |TAMS 0x000000008d400000| PB 0x000000008d400000| Untracked |  0
|   7|0x000000008d500000, 0x000000008d500000, 0x000000008d600000|  0%| F|  |TAMS 0x000000008d500000| PB 0x000000008d500000| Untracked |  0
|   8|0x000000008d600000, 0x000000008d600000, 0x000000008d700000|  0%| F|  |TAMS 0x000000008d600000| PB 0x000000008d600000| Untracked |  0
|   9|0x000000008d700000, 0x000000008d700000, 0x000000008d800000|  0%| F|  |TAMS 0x000000008d700000| PB 0x000000008d700000| Untracked |  0
|  10|0x000000008d800000, 0x000000008d800000, 0x000000008d900000|  0%| F|  |TAMS 0x000000008d800000| PB 0x000000008d800000| Untracked |  0
|  11|0x000000008d900000, 0x000000008d900000, 0x000000008da00000|  0%| F|  |TAMS 0x000000008d900000| PB 0x000000008d900000| Untracked |  0
|  12|0x000000008da00000, 0x000000008da00000, 0x000000008db00000|  0%| F|  |TAMS 0x000000008da00000| PB 0x000000008da00000| Untracked |  0
|  13|0x000000008db00000, 0x000000008db00000, 0x000000008dc00000|  0%| F|  |TAMS 0x000000008db00000| PB 0x000000008db00000| Untracked |  0
|  14|0x000000008dc00000, 0x000000008dc00000, 0x000000008dd00000|  0%| F|  |TAMS 0x000000008dc00000| PB 0x000000008dc00000| Untracked |  0
|  15|0x000000008dd00000, 0x000000008dd00000, 0x000000008de00000|  0%| F|  |TAMS 0x000000008dd00000| PB 0x000000008dd00000| Untracked |  0
|  16|0x000000008de00000, 0x000000008de00000, 0x000000008df00000|  0%| F|  |TAMS 0x000000008de00000| PB 0x000000008de00000| Untracked |  0
|  17|0x000000008df00000, 0x000000008df00000, 0x000000008e000000|  0%| F|  |TAMS 0x000000008df00000| PB 0x000000008df00000| Untracked |  0
|  18|0x000000008e000000, 0x000000008e000000, 0x000000008e100000|  0%| F|  |TAMS 0x000000008e000000| PB 0x000000008e000000| Untracked |  0
|  19|0x000000008e100000, 0x000000008e100000, 0x000000008e200000|  0%| F|  |TAMS 0x000000008e100000| PB 0x000000008e100000| Untracked |  0
|  20|0x000000008e200000, 0x000000008e200000, 0x000000008e300000|  0%| F|  |TAMS 0x000000008e200000| PB 0x000000008e200000| Untracked |  0
|  21|0x000000008e300000, 0x000000008e300000, 0x000000008e400000|  0%| F|  |TAMS 0x000000008e300000| PB 0x000000008e300000| Untracked |  0
|  22|0x000000008e400000, 0x000000008e400000, 0x000000008e500000|  0%| F|  |TAMS 0x000000008e400000| PB 0x000000008e400000| Untracked |  0
|  23|0x000000008e500000, 0x000000008e500000, 0x000000008e600000|  0%| F|  |TAMS 0x000000008e500000| PB 0x000000008e500000| Untracked |  0
|  24|0x000000008e600000, 0x000000008e600000, 0x000000008e700000|  0%| F|  |TAMS 0x000000008e600000| PB 0x000000008e600000| Untracked |  0
|  25|0x000000008e700000, 0x000000008e700000, 0x000000008e800000|  0%| F|  |TAMS 0x000000008e700000| PB 0x000000008e700000| Untracked |  0
|  26|0x000000008e800000, 0x000000008e800000, 0x000000008e900000|  0%| F|  |TAMS 0x000000008e800000| PB 0x000000008e800000| Untracked |  0
|  27|0x000000008e900000, 0x000000008e900000, 0x000000008ea00000|  0%| F|  |TAMS 0x000000008e900000| PB 0x000000008e900000| Untracked |  0
|  28|0x000000008ea00000, 0x000000008ea00000, 0x000000008eb00000|  0%| F|  |TAMS 0x000000008ea00000| PB 0x000000008ea00000| Untracked |  0
|  29|0x000000008eb00000, 0x000000008eb00000, 0x000000008ec00000|  0%| F|  |TAMS 0x000000008eb00000| PB 0x000000008eb00000| Untracked |  0
|  30|0x000000008ec00000, 0x000000008ec00000, 0x000000008ed00000|  0%| F|  |TAMS 0x000000008ec00000| PB 0x000000008ec00000| Untracked |  0
|  31|0x000000008ed00000, 0x000000008ed00000, 0x000000008ee00000|  0%| F|  |TAMS 0x000000008ed00000| PB 0x000000008ed00000| Untracked |  0
|  32|0x000000008ee00000, 0x000000008ee00000, 0x000000008ef00000|  0%| F|  |TAMS 0x000000008ee00000| PB 0x000000008ee00000| Untracked |  0
|  33|0x000000008ef00000, 0x000000008ef00000, 0x000000008f000000|  0%| F|  |TAMS 0x000000008ef00000| PB 0x000000008ef00000| Untracked |  0
|  34|0x000000008f000000, 0x000000008f000000, 0x000000008f100000|  0%| F|  |TAMS 0x000000008f000000| PB 0x000000008f000000| Untracked |  0
|  35|0x000000008f100000, 0x000000008f100000, 0x000000008f200000|  0%| F|  |TAMS 0x000000008f100000| PB 0x000000008f100000| Untracked |  0
|  36|0x000000008f200000, 0x000000008f200000, 0x000000008f300000|  0%| F|  |TAMS 0x000000008f200000| PB 0x000000008f200000| Untracked |  0
|  37|0x000000008f300000, 0x000000008f300000, 0x000000008f400000|  0%| F|  |TAMS 0x000000008f300000| PB 0x000000008f300000| Untracked |  0
|  38|0x000000008f400000, 0x000000008f400000, 0x000000008f500000|  0%| F|  |TAMS 0x000000008f400000| PB 0x000000008f400000| Untracked |  0
|  39|0x000000008f500000, 0x000000008f500000, 0x000000008f600000|  0%| F|  |TAMS 0x000000008f500000| PB 0x000000008f500000| Untracked |  0
|  40|0x000000008f600000, 0x000000008f600000, 0x000000008f700000|  0%| F|  |TAMS 0x000000008f600000| PB 0x000000008f600000| Untracked |  0
|  41|0x000000008f700000, 0x000000008f700000, 0x000000008f800000|  0%| F|  |TAMS 0x000000008f700000| PB 0x000000008f700000| Untracked |  0
|  42|0x000000008f800000, 0x000000008f800000, 0x000000008f900000|  0%| F|  |TAMS 0x000000008f800000| PB 0x000000008f800000| Untracked |  0
|  43|0x000000008f900000, 0x000000008f900000, 0x000000008fa00000|  0%| F|  |TAMS 0x000000008f900000| PB 0x000000008f900000| Untracked |  0
|  44|0x000000008fa00000, 0x000000008fa00000, 0x000000008fb00000|  0%| F|  |TAMS 0x000000008fa00000| PB 0x000000008fa00000| Untracked |  0
|  45|0x000000008fb00000, 0x000000008fb00000, 0x000000008fc00000|  0%| F|  |TAMS 0x000000008fb00000| PB 0x000000008fb00000| Untracked |  0
|  46|0x000000008fc00000, 0x000000008fc00000, 0x000000008fd00000|  0%| F|  |TAMS 0x000000008fc00000| PB 0x000000008fc00000| Untracked |  0
|  47|0x000000008fd00000, 0x000000008fd00000, 0x000000008fe00000|  0%| F|  |TAMS 0x000000008fd00000| PB 0x000000008fd00000| Untracked |  0
|  48|0x000000008fe00000, 0x000000008fe00000, 0x000000008ff00000|  0%| F|  |TAMS 0x000000008fe00000| PB 0x000000008fe00000| Untracked |  0
|  49|0x000000008ff00000, 0x000000008ff00000, 0x0000000090000000|  0%| F|  |TAMS 0x000000008ff00000| PB 0x000000008ff00000| Untracked |  0
|  50|0x0000000090000000, 0x0000000090000000, 0x0000000090100000|  0%| F|  |TAMS 0x0000000090000000| PB 0x0000000090000000| Untracked |  0
|  51|0x0000000090100000, 0x0000000090100000, 0x0000000090200000|  0%| F|  |TAMS 0x0000000090100000| PB 0x0000000090100000| Untracked |  0
|  52|0x0000000090200000, 0x0000000090200000, 0x0000000090300000|  0%| F|  |TAMS 0x0000000090200000| PB 0x0000000090200000| Untracked |  0
|  53|0x0000000090300000, 0x0000000090300000, 0x0000000090400000|  0%| F|  |TAMS 0x0000000090300000| PB 0x0000000090300000| Untracked |  0
|  54|0x0000000090400000, 0x0000000090400000, 0x0000000090500000|  0%| F|  |TAMS 0x0000000090400000| PB 0x0000000090400000| Untracked |  0
|  55|0x0000000090500000, 0x0000000090500000, 0x0000000090600000|  0%| F|  |TAMS 0x0000000090500000| PB 0x0000000090500000| Untracked |  0
|  56|0x0000000090600000, 0x0000000090600000, 0x0000000090700000|  0%| F|  |TAMS 0x0000000090600000| PB 0x0000000090600000| Untracked |  0
|  57|0x0000000090700000, 0x0000000090700000, 0x0000000090800000|  0%| F|  |TAMS 0x0000000090700000| PB 0x0000000090700000| Untracked |  0
|  58|0x0000000090800000, 0x0000000090800000, 0x0000000090900000|  0%| F|  |TAMS 0x0000000090800000| PB 0x0000000090800000| Untracked |  0
|  59|0x0000000090900000, 0x0000000090900000, 0x0000000090a00000|  0%| F|  |TAMS 0x0000000090900000| PB 0x0000000090900000| Untracked |  0
|  60|0x0000000090a00000, 0x0000000090a00000, 0x0000000090b00000|  0%| F|  |TAMS 0x0000000090a00000| PB 0x0000000090a00000| Untracked |  0
|  61|0x0000000090b00000, 0x0000000090b00000, 0x0000000090c00000|  0%| F|  |TAMS 0x0000000090b00000| PB 0x0000000090b00000| Untracked |  0
|  62|0x0000000090c00000, 0x0000000090c00000, 0x0000000090d00000|  0%| F|  |TAMS 0x0000000090c00000| PB 0x0000000090c00000| Untracked |  0
|  63|0x0000000090d00000, 0x0000000090d00000, 0x0000000090e00000|  0%| F|  |TAMS 0x0000000090d00000| PB 0x0000000090d00000| Untracked |  0
|  64|0x0000000090e00000, 0x0000000090e00000, 0x0000000090f00000|  0%| F|  |TAMS 0x0000000090e00000| PB 0x0000000090e00000| Untracked |  0
|  65|0x0000000090f00000, 0x0000000090f00000, 0x0000000091000000|  0%| F|  |TAMS 0x0000000090f00000| PB 0x0000000090f00000| Untracked |  0
|  66|0x0000000091000000, 0x0000000091000000, 0x0000000091100000|  0%| F|  |TAMS 0x0000000091000000| PB 0x0000000091000000| Untracked |  0
|  67|0x0000000091100000, 0x0000000091100000, 0x0000000091200000|  0%| F|  |TAMS 0x0000000091100000| PB 0x0000000091100000| Untracked |  0
|  68|0x0000000091200000, 0x0000000091221b08, 0x0000000091300000| 13%| E|  |TAMS 0x0000000091200000| PB 0x0000000091200000| Complete |  0
|  69|0x0000000091300000, 0x00000000913f6298, 0x0000000091400000| 96%| E|  |TAMS 0x0000000091300000| PB 0x0000000091300000| Complete |  0
|  70|0x0000000091400000, 0x0000000091500000, 0x0000000091500000|100%| E|CS|TAMS 0x0000000091400000| PB 0x0000000091400000| Complete |  0
|  71|0x0000000091500000, 0x0000000091600000, 0x0000000091600000|100%| E|CS|TAMS 0x0000000091500000| PB 0x0000000091500000| Complete |  0
|  72|0x0000000091600000, 0x0000000091700000, 0x0000000091700000|100%| E|CS|TAMS 0x0000000091600000| PB 0x0000000091600000| Complete |  0
|  73|0x0000000091700000, 0x0000000091800000, 0x0000000091800000|100%| E|CS|TAMS 0x0000000091700000| PB 0x0000000091700000| Complete |  0
|  74|0x0000000091800000, 0x0000000091900000, 0x0000000091900000|100%| E|CS|TAMS 0x0000000091800000| PB 0x0000000091800000| Complete |  0
|  75|0x0000000091900000, 0x0000000091a00000, 0x0000000091a00000|100%| E|CS|TAMS 0x0000000091900000| PB 0x0000000091900000| Complete |  0
|  76|0x0000000091a00000, 0x0000000091b00000, 0x0000000091b00000|100%| E|CS|TAMS 0x0000000091a00000| PB 0x0000000091a00000| Complete |  0
|  77|0x0000000091b00000, 0x0000000091c00000, 0x0000000091c00000|100%| E|CS|TAMS 0x0000000091b00000| PB 0x0000000091b00000| Complete |  0
|  78|0x0000000091c00000, 0x0000000091d00000, 0x0000000091d00000|100%| E|CS|TAMS 0x0000000091c00000| PB 0x0000000091c00000| Complete |  0
|  79|0x0000000091d00000, 0x0000000091e00000, 0x0000000091e00000|100%| E|CS|TAMS 0x0000000091d00000| PB 0x0000000091d00000| Complete |  0
|  80|0x0000000091e00000, 0x0000000091f00000, 0x0000000091f00000|100%| E|CS|TAMS 0x0000000091e00000| PB 0x0000000091e00000| Complete |  0
|  81|0x0000000091f00000, 0x0000000092000000, 0x0000000092000000|100%| E|CS|TAMS 0x0000000091f00000| PB 0x0000000091f00000| Complete |  0
|  82|0x0000000092000000, 0x0000000092100000, 0x0000000092100000|100%| E|CS|TAMS 0x0000000092000000| PB 0x0000000092000000| Complete |  0
|  83|0x0000000092100000, 0x0000000092200000, 0x0000000092200000|100%| E|CS|TAMS 0x0000000092100000| PB 0x0000000092100000| Complete |  0
|  84|0x0000000092200000, 0x0000000092300000, 0x0000000092300000|100%| E|CS|TAMS 0x0000000092200000| PB 0x0000000092200000| Complete |  0
|  85|0x0000000092300000, 0x0000000092400000, 0x0000000092400000|100%| E|CS|TAMS 0x0000000092300000| PB 0x0000000092300000| Complete |  0
|  86|0x0000000092400000, 0x0000000092500000, 0x0000000092500000|100%| E|CS|TAMS 0x0000000092400000| PB 0x0000000092400000| Complete |  0
|  87|0x0000000092500000, 0x0000000092600000, 0x0000000092600000|100%| E|CS|TAMS 0x0000000092500000| PB 0x0000000092500000| Complete |  0
|  88|0x0000000092600000, 0x0000000092700000, 0x0000000092700000|100%| E|CS|TAMS 0x0000000092600000| PB 0x0000000092600000| Complete |  0
|  89|0x0000000092700000, 0x0000000092800000, 0x0000000092800000|100%| E|CS|TAMS 0x0000000092700000| PB 0x0000000092700000| Complete |  0
|  90|0x0000000092800000, 0x0000000092900000, 0x0000000092900000|100%| E|CS|TAMS 0x0000000092800000| PB 0x0000000092800000| Complete |  0
|  91|0x0000000092900000, 0x0000000092a00000, 0x0000000092a00000|100%| E|CS|TAMS 0x0000000092900000| PB 0x0000000092900000| Complete |  0
|  92|0x0000000092a00000, 0x0000000092b00000, 0x0000000092b00000|100%| E|CS|TAMS 0x0000000092a00000| PB 0x0000000092a00000| Complete |  0
|  93|0x0000000092b00000, 0x0000000092c00000, 0x0000000092c00000|100%| E|CS|TAMS 0x0000000092b00000| PB 0x0000000092b00000| Complete |  0
|  94|0x0000000092c00000, 0x0000000092d00000, 0x0000000092d00000|100%| E|CS|TAMS 0x0000000092c00000| PB 0x0000000092c00000| Complete |  0
|  95|0x0000000092d00000, 0x0000000092e00000, 0x0000000092e00000|100%| E|CS|TAMS 0x0000000092d00000| PB 0x0000000092d00000| Complete |  0
|  96|0x0000000092e00000, 0x0000000092f00000, 0x0000000092f00000|100%| E|CS|TAMS 0x0000000092e00000| PB 0x0000000092e00000| Complete |  0
|  97|0x0000000092f00000, 0x0000000093000000, 0x0000000093000000|100%| E|CS|TAMS 0x0000000092f00000| PB 0x0000000092f00000| Complete |  0
|  98|0x0000000093000000, 0x00000000930ac1c0, 0x0000000093100000| 67%| S|CS|TAMS 0x0000000093000000| PB 0x0000000093000000| Complete |  0
|  99|0x0000000093100000, 0x0000000093200000, 0x0000000093200000|100%| E|CS|TAMS 0x0000000093100000| PB 0x0000000093100000| Complete |  0
| 100|0x0000000093200000, 0x0000000093300000, 0x0000000093300000|100%| E|CS|TAMS 0x0000000093200000| PB 0x0000000093200000| Complete |  0
| 101|0x0000000093300000, 0x0000000093400000, 0x0000000093400000|100%| E|CS|TAMS 0x0000000093300000| PB 0x0000000093300000| Complete |  0
| 102|0x0000000093400000, 0x0000000093500000, 0x0000000093500000|100%| E|CS|TAMS 0x0000000093400000| PB 0x0000000093400000| Complete |  0
| 103|0x0000000093500000, 0x0000000093600000, 0x0000000093600000|100%| E|CS|TAMS 0x0000000093500000| PB 0x0000000093500000| Complete |  0
| 104|0x0000000093600000, 0x0000000093700000, 0x0000000093700000|100%| E|CS|TAMS 0x0000000093600000| PB 0x0000000093600000| Complete |  0
| 105|0x0000000093700000, 0x0000000093800000, 0x0000000093800000|100%| E|CS|TAMS 0x0000000093700000| PB 0x0000000093700000| Complete |  0
| 106|0x0000000093800000, 0x0000000093900000, 0x0000000093900000|100%| E|CS|TAMS 0x0000000093800000| PB 0x0000000093800000| Complete |  0
| 107|0x0000000093900000, 0x0000000093a00000, 0x0000000093a00000|100%| E|CS|TAMS 0x0000000093900000| PB 0x0000000093900000| Complete |  0
| 108|0x0000000093a00000, 0x0000000093b00000, 0x0000000093b00000|100%| E|CS|TAMS 0x0000000093a00000| PB 0x0000000093a00000| Complete |  0
| 109|0x0000000093b00000, 0x0000000093c00000, 0x0000000093c00000|100%| E|CS|TAMS 0x0000000093b00000| PB 0x0000000093b00000| Complete |  0
| 110|0x0000000093c00000, 0x0000000093d00000, 0x0000000093d00000|100%| E|CS|TAMS 0x0000000093c00000| PB 0x0000000093c00000| Complete |  0
| 111|0x0000000093d00000, 0x0000000093e00000, 0x0000000093e00000|100%| E|CS|TAMS 0x0000000093d00000| PB 0x0000000093d00000| Complete |  0
| 112|0x0000000093e00000, 0x0000000093f00000, 0x0000000093f00000|100%| E|CS|TAMS 0x0000000093e00000| PB 0x0000000093e00000| Complete |  0
| 113|0x0000000093f00000, 0x0000000094000000, 0x0000000094000000|100%| E|CS|TAMS 0x0000000093f00000| PB 0x0000000093f00000| Complete |  0
| 114|0x0000000094000000, 0x0000000094100000, 0x0000000094100000|100%| E|CS|TAMS 0x0000000094000000| PB 0x0000000094000000| Complete |  0
| 115|0x0000000094100000, 0x0000000094200000, 0x0000000094200000|100%| E|CS|TAMS 0x0000000094100000| PB 0x0000000094100000| Complete |  0

Card table byte_map: [0x000001c17b260000,0x000001c17b600000] _byte_map_base: 0x000001c17adf9000

Marking Bits: (CMBitMap*) 0x000001c1790239d0
 Bits: [0x000001c17b600000, 0x000001c17d2c8000)

Polling page: 0x000001c178e50000

Metaspace:

Usage:
  Non-class:     12.50 MB used.
      Class:      1.72 MB used.
       Both:     14.21 MB used.

Virtual space:
  Non-class space:       64.00 MB reserved,      12.63 MB ( 20%) committed,  1 nodes.
      Class space:        1.00 GB reserved,       1.88 MB ( <1%) committed,  1 nodes.
             Both:        1.06 GB reserved,      14.50 MB (  1%) committed. 

Chunk freelists:
   Non-Class:  3.13 MB
       Class:  14.05 MB
        Both:  17.17 MB

MaxMetaspaceSize: unlimited
CompressedClassSpaceSize: 1.00 GB
Initial GC threshold: 21.00 MB
Current GC threshold: 21.00 MB
CDS: on
 - commit_granule_bytes: 65536.
 - commit_granule_words: 8192.
 - virtual_space_node_default_size: 8388608.
 - enlarge_chunks_in_place: 1.
 - use_allocation_guard: 0.


Internal statistics:

num_allocs_failed_limit: 0.
num_arena_births: 142.
num_arena_deaths: 0.
num_vsnodes_births: 2.
num_vsnodes_deaths: 0.
num_space_committed: 232.
num_space_uncommitted: 0.
num_chunks_returned_to_freelist: 0.
num_chunks_taken_from_freelist: 600.
num_chunk_merges: 0.
num_chunk_splits: 422.
num_chunks_enlarged: 351.
num_inconsistent_stats: 0.

CodeHeap 'non-profiled nmethods': size=120000Kb used=1046Kb max_used=1046Kb free=118953Kb
 bounds [0x000001c10fd50000, 0x000001c10ffc0000, 0x000001c117280000]
CodeHeap 'profiled nmethods': size=120000Kb used=5644Kb max_used=5644Kb free=114355Kb
 bounds [0x000001c108280000, 0x000001c108810000, 0x000001c10f7b0000]
CodeHeap 'non-nmethods': size=5760Kb used=1406Kb max_used=1432Kb free=4353Kb
 bounds [0x000001c10f7b0000, 0x000001c10fa20000, 0x000001c10fd50000]
 total_blobs=3362 nmethods=2861 adapters=406
 compilation: enabled
              stopped_count=0, restarted_count=0
 full_count=0

Compilation events (20 events):
Event: 14.852 Thread 0x000001c17f8a36f0 nmethod 2833 0x000001c1087f7b10 code [0x000001c1087f7e80, 0x000001c1087f8fe8]
Event: 14.883 Thread 0x000001c17f8a36f0 2834       3       java.lang.String::toCharArray (25 bytes)
Event: 14.884 Thread 0x000001c17f8a36f0 nmethod 2834 0x000001c1087f9990 code [0x000001c1087f9b60, 0x000001c1087f9df8]
Event: 14.884 Thread 0x000001c17f8a36f0 2835       3       java.lang.StringLatin1::toChars (16 bytes)
Event: 14.884 Thread 0x000001c17f8a36f0 nmethod 2835 0x000001c1087f9f10 code [0x000001c1087fa0c0, 0x000001c1087fa2a0]
Event: 14.899 Thread 0x000001c17f8a23d0 2836       4       java.lang.Character::isHighSurrogate (18 bytes)
Event: 14.900 Thread 0x000001c17f8a23d0 nmethod 2836 0x000001c10fe53c10 code [0x000001c10fe53d80, 0x000001c10fe53e08]
Event: 14.900 Thread 0x000001c17f8a23d0 2837       4       org.codehaus.plexus.util.xml.pull.MXParser::isValidCodePoint (64 bytes)
Event: 14.901 Thread 0x000001c17f8a23d0 nmethod 2837 0x000001c10fe53f10 code [0x000001c10fe540a0, 0x000001c10fe54168]
Event: 14.932 Thread 0x000001c17f8a36f0 2838       3       java.util.regex.Pattern$Slice::match (79 bytes)
Event: 14.933 Thread 0x000001c17f8a36f0 nmethod 2838 0x000001c1087fa390 code [0x000001c1087fa560, 0x000001c1087fa9e8]
Event: 14.934 Thread 0x000001c17f8a36f0 2839       3       org.codehaus.plexus.util.xml.pull.MXParser::more (106 bytes)
Event: 14.935 Thread 0x000001c17f8a36f0 nmethod 2839 0x000001c1087fab90 code [0x000001c1087fade0, 0x000001c1087fb4f8]
Event: 14.947 Thread 0x000001c17f8a23d0 2840       4       java.io.WinNTFileSystem::normalize (148 bytes)
Event: 14.963 Thread 0x000001c17f8a23d0 nmethod 2840 0x000001c10fe54210 code [0x000001c10fe54460, 0x000001c10fe549a0]
Event: 14.963 Thread 0x000001c17f8a23d0 2841   !   4       java.net.URL::<init> (543 bytes)
Event: 15.219 Thread 0x000001c17f8a36f0 2843       1       java.lang.invoke.MethodHandleNatives::isPullModeBSM (2 bytes)
Event: 15.220 Thread 0x000001c17f8a36f0 nmethod 2843 0x000001c10fe54e90 code [0x000001c10fe55020, 0x000001c10fe550c8]
Event: 15.221 Thread 0x000001c17f8a36f0 2844       3       java.lang.invoke.ConstantCallSite::getTarget (20 bytes)
Event: 15.221 Thread 0x000001c17f8a36f0 nmethod 2844 0x000001c1087fb810 code [0x000001c1087fb9c0, 0x000001c1087fbbe0]

GC Heap History (4 events):
Event: 2.832 GC heap before
{Heap before GC invocations=0 (full 0):
 garbage-first heap   total reserved 1886208K, committed 118784K, used 14336K [0x000000008ce00000, 0x0000000100000000)
  region size 1024K, 14 young (14336K), 0 survivors (0K)
 Metaspace       used 4318K, committed 4480K, reserved 1114112K
  class space    used 427K, committed 512K, reserved 1048576K
}
Event: 2.851 GC heap after
{Heap after GC invocations=1 (full 0):
 garbage-first heap   total reserved 1886208K, committed 118784K, used 3712K [0x000000008ce00000, 0x0000000100000000)
  region size 1024K, 2 young (2048K), 2 survivors (2048K)
 Metaspace       used 4318K, committed 4480K, reserved 1114112K
  class space    used 427K, committed 512K, reserved 1048576K
}
Event: 5.859 GC heap before
{Heap before GC invocations=1 (full 0):
 garbage-first heap   total reserved 1886208K, committed 118784K, used 19072K [0x000000008ce00000, 0x0000000100000000)
  region size 1024K, 17 young (17408K), 2 survivors (2048K)
 Metaspace       used 6648K, committed 6912K, reserved 1114112K
  class space    used 761K, committed 896K, reserved 1048576K
}
Event: 5.878 GC heap after
{Heap after GC invocations=2 (full 0):
 garbage-first heap   total reserved 1886208K, committed 118784K, used 4664K [0x000000008ce00000, 0x0000000100000000)
  region size 1024K, 1 young (1024K), 1 survivors (1024K)
 Metaspace       used 6648K, committed 6912K, reserved 1114112K
  class space    used 761K, committed 896K, reserved 1048576K
}

Dll operation events (12 events):
Event: 0.072 Loaded shared library C:\Users\Elina\.jdks\openjdk-22.0.1\bin\java.dll
Event: 0.195 Loaded shared library C:\Users\Elina\.jdks\openjdk-22.0.1\bin\jsvml.dll
Event: 0.367 Loaded shared library C:\Users\Elina\.jdks\openjdk-22.0.1\bin\zip.dll
Event: 0.377 Loaded shared library C:\Users\Elina\.jdks\openjdk-22.0.1\bin\instrument.dll
Event: 0.393 Loaded shared library C:\Users\Elina\.jdks\openjdk-22.0.1\bin\net.dll
Event: 0.398 Loaded shared library C:\Users\Elina\.jdks\openjdk-22.0.1\bin\nio.dll
Event: 0.410 Loaded shared library C:\Users\Elina\.jdks\openjdk-22.0.1\bin\zip.dll
Event: 0.519 Loaded shared library C:\Users\Elina\AppData\Local\Programs\IntelliJ IDEA Community Edition\bin\breakgen64.dll
Event: 0.596 Loaded shared library C:\Users\Elina\.jdks\openjdk-22.0.1\bin\extnet.dll
Event: 1.222 Loaded shared library C:\Users\Elina\.jdks\openjdk-22.0.1\bin\jimage.dll
Event: 1.485 Loaded shared library C:\Users\Elina\AppData\Local\Temp\jansi-2.4.0-ef936b13ce96e5f1-jansi.dll
Event: 1.523 Loaded shared library C:\Users\Elina\.jdks\openjdk-22.0.1\bin\verify.dll

Deoptimization events (20 events):
Event: 14.904 Thread 0x000001c178ec3e00 Uncommon trap: trap_request=0xffffff45 fr.pc=0x000001c10fdc7dfc relative=0x0000000000001a5c
Event: 14.904 Thread 0x000001c178ec3e00 Uncommon trap: reason=unstable_if action=reinterpret pc=0x000001c10fdc7dfc method=sun.nio.cs.StreamDecoder.implRead([CII)I @ 36 c2
Event: 14.904 Thread 0x000001c178ec3e00 DEOPT PACKING pc=0x000001c10fdc7dfc sp=0x0000002fea5fe430
Event: 14.904 Thread 0x000001c178ec3e00 DEOPT UNPACKING pc=0x000001c10f8046a2 sp=0x0000002fea5fe388 mode 2
Event: 14.905 Thread 0x000001c178ec3e00 Uncommon trap: trap_request=0xffffff45 fr.pc=0x000001c10fdce7a0 relative=0x0000000000000640
Event: 14.905 Thread 0x000001c178ec3e00 Uncommon trap: reason=unstable_if action=reinterpret pc=0x000001c10fdce7a0 method=sun.nio.cs.StreamDecoder.implRead([CII)I @ 36 c2
Event: 14.905 Thread 0x000001c178ec3e00 DEOPT PACKING pc=0x000001c10fdce7a0 sp=0x0000002fea5fe4f0
Event: 14.905 Thread 0x000001c178ec3e00 DEOPT UNPACKING pc=0x000001c10f8046a2 sp=0x0000002fea5fe4d0 mode 2
Event: 14.905 Thread 0x000001c178ec3e00 Uncommon trap: trap_request=0x000000e1 fr.pc=0x000001c10fdb3b00 relative=0x00000000000000e0
Event: 14.905 Thread 0x000001c178ec3e00 Uncommon trap: reason=unloaded action=reinterpret pc=0x000001c10fdb3b00 method=org.codehaus.plexus.util.xml.pull.MXParser.more()C @ 22 c2
Event: 14.906 Thread 0x000001c178ec3e00 DEOPT PACKING pc=0x000001c10fdb3b00 sp=0x0000002fea5fe760
Event: 14.906 Thread 0x000001c178ec3e00 DEOPT UNPACKING pc=0x000001c10f8046a2 sp=0x0000002fea5fe700 mode 2
Event: 14.932 Thread 0x000001c178ec3e00 Uncommon trap: trap_request=0xffffffde fr.pc=0x000001c10fd91754 relative=0x0000000000000534
Event: 14.932 Thread 0x000001c178ec3e00 Uncommon trap: reason=class_check action=maybe_recompile pc=0x000001c10fd91754 method=java.util.regex.Pattern$Start.match(Ljava/util/regex/Matcher;ILjava/lang/CharSequence;)Z @ 44 c2
Event: 14.932 Thread 0x000001c178ec3e00 DEOPT PACKING pc=0x000001c10fd91754 sp=0x0000002fea5fe890
Event: 14.932 Thread 0x000001c178ec3e00 DEOPT UNPACKING pc=0x000001c10f8046a2 sp=0x0000002fea5fe840 mode 2
Event: 14.964 Thread 0x000001c178ec3e00 Uncommon trap: trap_request=0xffffffde fr.pc=0x000001c10fd91754 relative=0x0000000000000534
Event: 14.964 Thread 0x000001c178ec3e00 Uncommon trap: reason=class_check action=maybe_recompile pc=0x000001c10fd91754 method=java.util.regex.Pattern$Start.match(Ljava/util/regex/Matcher;ILjava/lang/CharSequence;)Z @ 44 c2
Event: 14.964 Thread 0x000001c178ec3e00 DEOPT PACKING pc=0x000001c10fd91754 sp=0x0000002fea5fe970
Event: 14.965 Thread 0x000001c178ec3e00 DEOPT UNPACKING pc=0x000001c10f8046a2 sp=0x0000002fea5fe920 mode 2

Classes loaded (20 events):
Event: 14.625 Loading class java/security/SecureRandomSpi done
Event: 14.625 Loading class sun/security/provider/DRBG done
Event: 14.627 Loading class java/security/DrbgParameters$Capability
Event: 14.627 Loading class java/security/DrbgParameters$Capability done
Event: 14.627 Loading class sun/security/provider/MoreDrbgParameters
Event: 14.628 Loading class sun/security/provider/MoreDrbgParameters done
Event: 14.628 Loading class java/security/DrbgParameters
Event: 14.628 Loading class java/security/DrbgParameters done
Event: 14.628 Loading class java/security/DrbgParameters$Instantiation
Event: 14.628 Loading class java/security/DrbgParameters$Instantiation done
Event: 14.628 Loading class sun/security/provider/HashDrbg
Event: 14.629 Loading class sun/security/provider/AbstractHashDrbg
Event: 14.629 Loading class sun/security/provider/AbstractDrbg
Event: 14.629 Loading class sun/security/provider/AbstractDrbg done
Event: 14.630 Loading class sun/security/provider/AbstractHashDrbg done
Event: 14.630 Loading class sun/security/provider/HashDrbg done
Event: 14.630 Loading class sun/security/provider/EntropySource
Event: 14.630 Loading class sun/security/provider/EntropySource done
Event: 14.930 Loading class java/lang/ProcessEnvironment$CheckedKeySet
Event: 14.930 Loading class java/lang/ProcessEnvironment$CheckedKeySet done

Classes unloaded (0 events):
No events

Classes redefined (0 events):
No events

Internal exceptions (20 events):
Event: 2.897 Thread 0x000001c178ec3e00 Exception <a 'java/lang/NoSuchMethodError'{0x0000000094198f48}: 'void java.lang.invoke.DirectMethodHandle$Holder.invokeSpecial(java.lang.Object, java.lang.Object, java.lang.Object)'> (0x0000000094198f48) 
thrown [s\open\src\hotspot\share\interpreter\linkResolver.cpp, line 774]
Event: 3.020 Thread 0x000001c178ec3e00 Exception <a 'java/lang/NoSuchMethodError'{0x00000000940e2c78}: 'java.lang.Object java.lang.invoke.DirectMethodHandle$Holder.invokeInterface(java.lang.Object, java.lang.Object)'> (0x00000000940e2c78) 
thrown [s\open\src\hotspot\share\interpreter\linkResolver.cpp, line 774]
Event: 3.200 Thread 0x000001c178ec3e00 Exception <a 'java/lang/NoSuchMethodError'{0x0000000093f79df0}: 'int java.lang.invoke.DirectMethodHandle$Holder.invokeStatic(java.lang.Object, java.lang.Object, java.lang.Object, java.lang.Object)'> (0x0000000093f79df0) 
thrown [s\open\src\hotspot\share\interpreter\linkResolver.cpp, line 774]
Event: 3.227 Thread 0x000001c178ec3e00 Exception <a 'java/lang/NoSuchMethodError'{0x0000000093f884a8}: 'int java.lang.invoke.DirectMethodHandle$Holder.invokeSpecialIFC(java.lang.Object, java.lang.Object, java.lang.Object, java.lang.Object, java.lang.Object)'> (0x0000000093f884a8) 
thrown [s\open\src\hotspot\share\interpreter\linkResolver.cpp, line 774]
Event: 3.835 Thread 0x000001c178ec3e00 Exception <a 'java/lang/NoSuchMethodError'{0x0000000093d0e0b0}: 'java.lang.Object java.lang.invoke.DirectMethodHandle$Holder.newInvokeSpecial(java.lang.Object, java.lang.Object, java.lang.Object, java.lang.Object, java.lang.Object)'> (0x0000000093d0e0b0) 
thrown [s\open\src\hotspot\share\interpreter\linkResolver.cpp, line 774]
Event: 4.015 Thread 0x000001c178ec3e00 Exception <a 'java/lang/NoSuchMethodError'{0x0000000093c0b838}: 'int java.lang.invoke.DirectMethodHandle$Holder.invokeStaticInit(java.lang.Object, java.lang.Object)'> (0x0000000093c0b838) 
thrown [s\open\src\hotspot\share\interpreter\linkResolver.cpp, line 774]
Event: 4.058 Thread 0x000001c178ec3e00 Exception <a 'java/lang/NoClassDefFoundError'{0x0000000093c40ea8}: javax/enterprise/inject/Typed> (0x0000000093c40ea8) 
thrown [s\open\src\hotspot\share\classfile\systemDictionary.cpp, line 302]
Event: 12.216 Thread 0x000001c178ec3e00 Exception <a 'java/lang/NoSuchMethodError'{0x000000009244b398}: 'void java.lang.invoke.DirectMethodHandle$Holder.invokeStaticInit(java.lang.Object, java.lang.Object, java.lang.Object)'> (0x000000009244b398) 
thrown [s\open\src\hotspot\share\interpreter\linkResolver.cpp, line 774]
Event: 12.232 Thread 0x000001c178ec3e00 Exception <a 'java/lang/ExceptionInInitializerError'{0x0000000092474db8}> (0x0000000092474db8) 
thrown [s\open\src\hotspot\share\oops\instanceKlass.cpp, line 1247]
Event: 12.372 Thread 0x000001c178ec3e00 Exception <a 'java/lang/NoSuchMethodError'{0x0000000092382668}: 'long java.lang.invoke.DirectMethodHandle$Holder.invokeStatic(java.lang.Object, java.lang.Object, int)'> (0x0000000092382668) 
thrown [s\open\src\hotspot\share\interpreter\linkResolver.cpp, line 774]
Event: 12.380 Thread 0x000001c178ec3e00 Exception <a 'java/lang/NoSuchMethodError'{0x0000000092395b80}: 'java.lang.Object java.lang.invoke.DirectMethodHandle$Holder.invokeStatic(java.lang.Object, java.lang.Object, java.lang.Object, java.lang.Object, int)'> (0x0000000092395b80) 
thrown [s\open\src\hotspot\share\interpreter\linkResolver.cpp, line 774]
Event: 12.385 Thread 0x000001c178ec3e00 Exception <a 'java/lang/NoSuchMethodError'{0x000000009239dd38}: 'java.lang.Object java.lang.invoke.DirectMethodHandle$Holder.invokeSpecial(java.lang.Object, java.lang.Object, java.lang.Object, java.lang.Object, long)'> (0x000000009239dd38) 
thrown [s\open\src\hotspot\share\interpreter\linkResolver.cpp, line 774]
Event: 12.398 Thread 0x000001c178ec3e00 Exception <a 'java/lang/NoSuchMethodError'{0x00000000923a9b08}: 'java.lang.Object java.lang.invoke.DirectMethodHandle$Holder.invokeSpecial(java.lang.Object, java.lang.Object, java.lang.Object, int, java.lang.Object)'> (0x00000000923a9b08) 
thrown [s\open\src\hotspot\share\interpreter\linkResolver.cpp, line 774]
Event: 12.405 Thread 0x000001c178ec3e00 Exception <a 'java/lang/NoSuchMethodError'{0x00000000923b2088}: 'int java.lang.invoke.DirectMethodHandle$Holder.invokeSpecial(java.lang.Object, java.lang.Object, java.lang.Object, int)'> (0x00000000923b2088) 
thrown [s\open\src\hotspot\share\interpreter\linkResolver.cpp, line 774]
Event: 12.420 Thread 0x000001c178ec3e00 Implicit null exception at 0x000001c10fdd953d to 0x000001c10fdd96d0
Event: 12.439 Thread 0x000001c178ec3e00 Exception <a 'java/lang/NoSuchMethodError'{0x00000000923d6b90}: 'java.lang.Object java.lang.invoke.Invokers$Holder.invokeExact_MT(java.lang.Object, int, java.lang.Object)'> (0x00000000923d6b90) 
thrown [s\open\src\hotspot\share\interpreter\linkResolver.cpp, line 774]
Event: 14.095 Thread 0x000001c178ec3e00 Exception <a 'java/lang/NoSuchMethodError'{0x0000000091bd0b20}: 'void java.lang.invoke.Invokers$Holder.invokeExact_MT(java.lang.Object, java.lang.Object, java.lang.Object, java.lang.Object)'> (0x0000000091bd0b20) 
thrown [s\open\src\hotspot\share\interpreter\linkResolver.cpp, line 774]
Event: 14.200 Thread 0x000001c178ec3e00 Exception <a 'java/lang/NoClassDefFoundError'{0x0000000091a64dc8}: com/google/inject/servlet/ServletModuleTargetVisitor> (0x0000000091a64dc8) 
thrown [s\open\src\hotspot\share\classfile\systemDictionary.cpp, line 302]
Event: 14.457 Thread 0x000001c178ec3e00 Exception <a 'java/lang/NoSuchMethodError'{0x00000000917173f0}: 'void java.lang.invoke.DirectMethodHandle$Holder.invokeVirtual(java.lang.Object, java.lang.Object)'> (0x00000000917173f0) 
thrown [s\open\src\hotspot\share\interpreter\linkResolver.cpp, line 774]
Event: 14.634 Thread 0x000001c178ec3e00 Exception <a 'java/lang/NoSuchMethodError'{0x00000000917a5d18}: 'java.lang.Object java.lang.invoke.DirectMethodHandle$Holder.invokeStaticInit(java.lang.Object, int, int, int, int)'> (0x00000000917a5d18) 
thrown [s\open\src\hotspot\share\interpreter\linkResolver.cpp, line 774]

ZGC Phase Switch (0 events):
No events

VM Operations (20 events):
Event: 12.255 Executing VM operation: Cleanup
Event: 12.255 Executing VM operation: Cleanup done
Event: 12.817 Executing VM operation: HandshakeAllThreads (Deoptimize)
Event: 12.818 Executing VM operation: HandshakeAllThreads (Deoptimize) done
Event: 12.825 Executing VM operation: HandshakeAllThreads (Deoptimize)
Event: 12.825 Executing VM operation: HandshakeAllThreads (Deoptimize) done
Event: 13.351 Executing VM operation: HandshakeAllThreads (Deoptimize)
Event: 13.351 Executing VM operation: HandshakeAllThreads (Deoptimize) done
Event: 13.351 Executing VM operation: Cleanup
Event: 13.351 Executing VM operation: Cleanup done
Event: 14.076 Executing VM operation: HandshakeAllThreads (Deoptimize)
Event: 14.076 Executing VM operation: HandshakeAllThreads (Deoptimize) done
Event: 14.499 Executing VM operation: HandshakeAllThreads (Deoptimize)
Event: 14.499 Executing VM operation: HandshakeAllThreads (Deoptimize) done
Event: 14.499 Executing VM operation: Cleanup
Event: 14.499 Executing VM operation: Cleanup done
Event: 14.728 Executing VM operation: HandshakeAllThreads (Deoptimize)
Event: 14.728 Executing VM operation: HandshakeAllThreads (Deoptimize) done
Event: 14.908 Executing VM operation: HandshakeAllThreads (Deoptimize)
Event: 14.908 Executing VM operation: HandshakeAllThreads (Deoptimize) done

Events (14 events):
Event: 0.151 Thread 0x000001c178ec3e00 Thread added: 0x000001c178ec3e00
Event: 0.188 Thread 0x000001c17f898980 Thread added: 0x000001c17f898980
Event: 0.189 Thread 0x000001c17f899a50 Thread added: 0x000001c17f899a50
Event: 0.190 Thread 0x000001c17f89b9d0 Thread added: 0x000001c17f89b9d0
Event: 0.190 Thread 0x000001c17f89f550 Thread added: 0x000001c17f89f550
Event: 0.190 Thread 0x000001c17f89ffb0 Thread added: 0x000001c17f89ffb0
Event: 0.190 Thread 0x000001c17f8a1640 Thread added: 0x000001c17f8a1640
Event: 0.191 Thread 0x000001c17f8a23d0 Thread added: 0x000001c17f8a23d0
Event: 0.192 Thread 0x000001c17f8a36f0 Thread added: 0x000001c17f8a36f0
Event: 0.286 Thread 0x000001c11747f170 Thread added: 0x000001c11747f170
Event: 0.530 Thread 0x000001c117571b00 Thread added: 0x000001c117571b00
Event: 0.530 Thread 0x000001c117572170 Thread added: 0x000001c117572170
Event: 4.441 Thread 0x000001c117f8e670 Thread added: 0x000001c117f8e670
Event: 5.177 Thread 0x000001c117f8e670 Thread exited: 0x000001c117f8e670


Dynamic libraries:
0x00007ff735610000 - 0x00007ff73561e000 	C:\Users\Elina\.jdks\openjdk-22.0.1\bin\java.exe
0x00007ffdf2cd0000 - 0x00007ffdf2ebe000 	C:\Windows\SYSTEM32\ntdll.dll
0x00007ffdf06b0000 - 0x00007ffdf0763000 	C:\Windows\System32\KERNEL32.DLL
0x00007ffdefc30000 - 0x00007ffdefecd000 	C:\Windows\System32\KERNELBASE.dll
0x00007ffdef760000 - 0x00007ffdef85a000 	C:\Windows\System32\ucrtbase.dll
0x00007ffde52a0000 - 0x00007ffde52b7000 	C:\Users\Elina\.jdks\openjdk-22.0.1\bin\jli.dll
0x00007ffde4fa0000 - 0x00007ffde4fbb000 	C:\Users\Elina\.jdks\openjdk-22.0.1\bin\VCRUNTIME140.dll
0x00007ffdf2930000 - 0x00007ffdf2ac7000 	C:\Windows\System32\USER32.dll
0x00007ffdefed0000 - 0x00007ffdefef0000 	C:\Windows\System32\win32u.dll
0x00007ffdf28f0000 - 0x00007ffdf2919000 	C:\Windows\System32\GDI32.dll
0x00007ffde3360000 - 0x00007ffde35d9000 	C:\Windows\WinSxS\amd64_microsoft.windows.common-controls_6595b64144ccf1df_6.0.17763.5936_none_de7060fc534c1ab3\COMCTL32.dll
0x00007ffdeed40000 - 0x00007ffdeeee8000 	C:\Windows\System32\gdi32full.dll
0x00007ffdefb90000 - 0x00007ffdefc30000 	C:\Windows\System32\msvcp_win.dll
0x00007ffdf0770000 - 0x00007ffdf080e000 	C:\Windows\System32\msvcrt.dll
0x00007ffdf0810000 - 0x00007ffdf0b3a000 	C:\Windows\System32\combase.dll
0x00007ffdeff10000 - 0x00007ffdf0028000 	C:\Windows\System32\RPCRT4.dll
0x00007ffdef6d0000 - 0x00007ffdef752000 	C:\Windows\System32\bcryptPrimitives.dll
0x00007ffdf22b0000 - 0x00007ffdf22de000 	C:\Windows\System32\IMM32.DLL
0x00007ffde50a0000 - 0x00007ffde50ac000 	C:\Users\Elina\.jdks\openjdk-22.0.1\bin\vcruntime140_1.dll
0x00007ffdd6de0000 - 0x00007ffdd6e6e000 	C:\Users\Elina\.jdks\openjdk-22.0.1\bin\msvcp140.dll
0x00007ffdb4a00000 - 0x00007ffdb5747000 	C:\Users\Elina\.jdks\openjdk-22.0.1\bin\server\jvm.dll
0x00007ffdf0600000 - 0x00007ffdf06a8000 	C:\Windows\System32\ADVAPI32.dll
0x00007ffdf0b40000 - 0x00007ffdf0be2000 	C:\Windows\System32\sechost.dll
0x00007ffdefa60000 - 0x00007ffdefa86000 	C:\Windows\System32\bcrypt.dll
0x00007ffdeec90000 - 0x00007ffdeeced000 	C:\Windows\System32\POWRPROF.dll
0x00007ffdf00b0000 - 0x00007ffdf011d000 	C:\Windows\System32\WS2_32.dll
0x00007ffdec390000 - 0x00007ffdec3b4000 	C:\Windows\SYSTEM32\WINMM.dll
0x00007ffde8140000 - 0x00007ffde814a000 	C:\Windows\SYSTEM32\VERSION.dll
0x00007ffdec2e0000 - 0x00007ffdec30d000 	C:\Windows\SYSTEM32\WINMMBASE.dll
0x00007ffdefa90000 - 0x00007ffdefada000 	C:\Windows\System32\cfgmgr32.dll
0x00007ffdeecf0000 - 0x00007ffdeed01000 	C:\Windows\System32\kernel.appcore.dll
0x00007ffde4f90000 - 0x00007ffde4f9a000 	C:\Users\Elina\.jdks\openjdk-22.0.1\bin\jimage.dll
0x00007ffded670000 - 0x00007ffded85d000 	C:\Windows\SYSTEM32\DBGHELP.DLL
0x00007ffddc760000 - 0x00007ffddc78a000 	C:\Windows\SYSTEM32\dbgcore.DLL
0x00007ffde4c70000 - 0x00007ffde4c7f000 	C:\Users\Elina\.jdks\openjdk-22.0.1\bin\instrument.dll
0x00007ffde4c20000 - 0x00007ffde4c3e000 	C:\Users\Elina\.jdks\openjdk-22.0.1\bin\java.dll
0x00007ffdf0c50000 - 0x00007ffdf2148000 	C:\Windows\System32\SHELL32.dll
0x00007ffdf0200000 - 0x00007ffdf02a7000 	C:\Windows\System32\shcore.dll
0x00007ffdeef80000 - 0x00007ffdef6c8000 	C:\Windows\System32\windows.storage.dll
0x00007ffdeed10000 - 0x00007ffdeed33000 	C:\Windows\System32\profapi.dll
0x00007ffdf05a0000 - 0x00007ffdf05f2000 	C:\Windows\System32\shlwapi.dll
0x00007ffdeeef0000 - 0x00007ffdeef0b000 	C:\Windows\System32\cryptsp.dll
0x00007ffdf2150000 - 0x00007ffdf22a6000 	C:\Windows\System32\ole32.dll
0x00007ffdcdea0000 - 0x00007ffdcdf77000 	C:\Users\Elina\.jdks\openjdk-22.0.1\bin\jsvml.dll
0x00007ffde4c00000 - 0x00007ffde4c17000 	C:\Users\Elina\.jdks\openjdk-22.0.1\bin\zip.dll
0x00007ffde4d40000 - 0x00007ffde4d50000 	C:\Users\Elina\.jdks\openjdk-22.0.1\bin\net.dll
0x00007ffdee4c0000 - 0x00007ffdee527000 	C:\Windows\system32\mswsock.dll
0x00007ffde3f80000 - 0x00007ffde3f96000 	C:\Users\Elina\.jdks\openjdk-22.0.1\bin\nio.dll
0x00007ffde4c50000 - 0x00007ffde4c6a000 	C:\Users\Elina\AppData\Local\Programs\IntelliJ IDEA Community Edition\bin\breakgen64.dll
0x00007ffde3da0000 - 0x00007ffde3da9000 	C:\Users\Elina\.jdks\openjdk-22.0.1\bin\extnet.dll
0x0000000069ac0000 - 0x0000000069ae4000 	C:\Users\Elina\AppData\Local\Temp\jansi-2.4.0-ef936b13ce96e5f1-jansi.dll
0x00007ffde3f70000 - 0x00007ffde3f80000 	C:\Users\Elina\.jdks\openjdk-22.0.1\bin\verify.dll

dbghelp: loaded successfully - version: 4.0.5 - missing functions: none
symbol engine: initialized successfully - sym options: 0x614 - pdb path: .;C:\Users\Elina\.jdks\openjdk-22.0.1\bin;C:\Windows\SYSTEM32;C:\Windows\WinSxS\amd64_microsoft.windows.common-controls_6595b64144ccf1df_6.0.17763.5936_none_de7060fc534c1ab3;C:\Users\Elina\.jdks\openjdk-22.0.1\bin\server;C:\Users\Elina\AppData\Local\Programs\IntelliJ IDEA Community Edition\bin;C:\Users\Elina\AppData\Local\Temp

VM Arguments:
jvm_args: -Dmaven.multiModuleProjectDirectory=C:\Users\Elina\IdeaProjects\AutomationProjectB03 -Djansi.passthrough=true -Dmaven.home=C:\Users\Elina\AppData\Local\Programs\IntelliJ IDEA Community Edition\plugins\maven\lib\maven3 -Dclassworlds.conf=C:\Users\Elina\AppData\Local\Programs\IntelliJ IDEA Community Edition\plugins\maven\lib\maven3\bin\m2.conf -Dmaven.ext.class.path=C:\Users\Elina\AppData\Local\Programs\IntelliJ IDEA Community Edition\plugins\maven\lib\maven-event-listener.jar -javaagent:C:\Users\Elina\AppData\Local\Programs\IntelliJ IDEA Community Edition\lib\idea_rt.jar=56828:C:\Users\Elina\AppData\Local\Programs\IntelliJ IDEA Community Edition\bin -Dfile.encoding=UTF-8 -Dsun.stdout.encoding=UTF-8 -Dsun.stderr.encoding=UTF-8 
java_command: org.codehaus.classworlds.Launcher -Didea.version=2024.1.3 clean
java_class_path (initial): C:\Users\Elina\AppData\Local\Programs\IntelliJ IDEA Community Edition\plugins\maven\lib\maven3\boot\plexus-classworlds-2.7.0.jar;C:\Users\Elina\AppData\Local\Programs\IntelliJ IDEA Community Edition\plugins\maven\lib\maven3\boot\plexus-classworlds.license
Launcher Type: SUN_STANDARD

[Global flags]
     intx CICompilerCount                          = 3                                         {product} {ergonomic}
     uint ConcGCThreads                            = 1                                         {product} {ergonomic}
     uint G1ConcRefinementThreads                  = 4                                         {product} {ergonomic}
   size_t G1HeapRegionSize                         = 1048576                                   {product} {ergonomic}
   size_t InitialHeapSize                          = 121634816                                 {product} {ergonomic}
   size_t MarkStackSize                            = 4194304                                   {product} {ergonomic}
   size_t MaxHeapSize                              = 1931476992                                {product} {ergonomic}
   size_t MaxNewSize                               = 1158676480                                {product} {ergonomic}
   size_t MinHeapDeltaBytes                        = 1048576                                   {product} {ergonomic}
   size_t MinHeapSize                              = 8388608                                   {product} {ergonomic}
    uintx NonNMethodCodeHeapSize                   = 5832780                                {pd product} {ergonomic}
    uintx NonProfiledCodeHeapSize                  = 122912730                              {pd product} {ergonomic}
    uintx ProfiledCodeHeapSize                     = 122912730                              {pd product} {ergonomic}
    uintx ReservedCodeCacheSize                    = 251658240                              {pd product} {ergonomic}
     bool SegmentedCodeCache                       = true                                      {product} {ergonomic}
   size_t SoftMaxHeapSize                          = 1931476992                             {manageable} {ergonomic}
     bool UseCompressedOops                        = true                           {product lp64_product} {ergonomic}
     bool UseG1GC                                  = true                                      {product} {ergonomic}
     bool UseLargePagesIndividualAllocation        = false                                  {pd product} {ergonomic}

Logging:
Log output configuration:
 #0: stdout all=warning uptime,level,tags foldmultilines=false
 #1: stderr all=off uptime,level,tags foldmultilines=false

Environment Variables:
PATH=C:\Program Files\Common Files\Oracle\Java\javapath;C:\Program Files (x86)\Common Files\Oracle\Java\javapath;C:\Windows\system32;C:\Windows;C:\Windows\System32\Wbem;C:\Windows\System32\WindowsPowerShell\v1.0\;C:\Windows\System32\OpenSSH\;C:\Program Files\Git\cmd;C:\Program Files\MySQL\MySQL Shell 8.0\bin\;C:\Users\Elina\AppData\Local\Microsoft\WindowsApps;C:\Users\Elina\AppData\Local\JetBrains\Toolbox\scripts
USERNAME=Elina
OS=Windows_NT
PROCESSOR_IDENTIFIER=AMD64 Family 21 Model 16 Stepping 1, AuthenticAMD
TMP=C:\Users\Elina\AppData\Local\Temp
TEMP=C:\Users\Elina\AppData\Local\Temp




Periodic native trim disabled

---------------  S Y S T E M  ---------------

OS:
 Windows 10 , 64 bit Build 17763 (10.0.17763.4974)
OS uptime: 2 days 22:44 hours

CPU: total 4 (initial active 4) (4 cores per cpu, 1 threads per core) family 21 model 16 stepping 1 microcode 0x0, cx8, cmov, fxsr, mmx, 3dnowpref, sse, sse2, sse3, ssse3, sse4a, sse4.1, sse4.2, popcnt, lzcnt, tsc, tscinvbit, avx, aes, clmul, bmi1, fma, vzeroupper, clflush, rdtscp, f16c
Processor Information for all 4 processors :
  Max Mhz: 2000, Current Mhz: 2000, Mhz Limit: 2000

Memory: 4k page, system-wide physical 7366M (1877M free)
TotalPageFile size 9414M (AvailPageFile size 15M)
current process WorkingSet (physical memory assigned to process): 125M, peak: 125M
current process commit charge ("private bytes"): 224M, peak: 224M

vm_info: OpenJDK 64-Bit Server VM (22.0.1+8-16) for windows-amd64 JRE (22.0.1+8-16), built on 2024-03-12T10:33:16Z by "mach5one" with MS VC++ 17.6 (VS2022)

END.
