#
# There is insufficient memory for the Java Runtime Environment to continue.
# Native memory allocation (malloc) failed to allocate 328960 bytes. Error detail: Chunk::new
# Possible reasons:
#   The system is out of physical RAM or swap space
#   This process is running with CompressedOops enabled, and the Java Heap may be blocking the growth of the native heap
# Possible solutions:
#   Reduce memory load on the system
#   Increase physical memory or swap space
#   Check if swap backing store is full
#   Decrease Java heap size (-Xmx/-Xms)
#   Decrease number of Java threads
#   Decrease Java thread stack sizes (-Xss)
#   Set larger code cache with -XX:ReservedCodeCacheSize=
#   JVM is running with Unscaled Compressed Oops mode in which the Java heap is
#     placed in the first 4GB address space. The Java Heap base address is the
#     maximum limit for the native heap growth. Please use -XX:HeapBaseMinAddress
#     to set the Java Heap base and to place the Java Heap above 4GB virtual address.
# This output file may be truncated or incomplete.
#
#  Out of Memory Error (arena.cpp:150), pid=8604, tid=3748
#
# JRE version: OpenJDK Runtime Environment (22.0.1+8) (build 22.0.1+8-16)
# Java VM: OpenJDK 64-Bit Server VM (22.0.1+8-16, mixed mode, sharing, tiered, compressed oops, compressed class ptrs, g1 gc, windows-amd64)
# No core dump will be written. Minidumps are not enabled by default on client versions of Windows
#

---------------  S U M M A R Y ------------

Command Line: -ea --enable-preview -Didea.test.cyclic.buffer.size=1048576 -javaagent:C:\Users\Elina\AppData\Local\Programs\IntelliJ IDEA Community Edition\lib\idea_rt.jar=56070:C:\Users\Elina\AppData\Local\Programs\IntelliJ IDEA Community Edition\bin -Dfile.encoding=UTF-8 -Dsun.stdout.encoding=UTF-8 -Dsun.stderr.encoding=UTF-8 com.intellij.rt.testng.RemoteTestNGStarter -usedefaultlisteners false -socket56069 @w@C:\Users\Elina\AppData\Local\Temp\idea_working_dirs_testng.tmp -temp C:\Users\Elina\AppData\Local\Temp\idea_testng.tmp

Host: AMD A10-4655M APU with Radeon(tm) HD Graphics  , 4 cores, 7G,  Windows 10 , 64 bit Build 17763 (10.0.17763.4974)
Time: Sun Jul 14 18:14:30 2024 Mountain Daylight Time elapsed time: 2.197074 seconds (0d 0h 0m 2s)

---------------  T H R E A D  ---------------

Current thread (0x0000029ef0334580):  JavaThread "C2 CompilerThread1" daemon [_thread_in_native, id=3748, stack(0x000000a2fa000000,0x000000a2fa100000) (1024K)]


Current CompileTask:
C2:2197  925   !   4       jdk.internal.loader.URLClassPath$JarLoader::getResource (40 bytes)

Stack: [0x000000a2fa000000,0x000000a2fa100000]
Native frames: (J=compiled Java code, j=interpreted, Vv=VM code, C=native code)
V  [jvm.dll+0x6e2279]  (no source info available)
V  [jvm.dll+0x874e33]  (no source info available)
V  [jvm.dll+0x87725e]  (no source info available)
V  [jvm.dll+0x877933]  (no source info available)
V  [jvm.dll+0x27fd76]  (no source info available)
V  [jvm.dll+0xc3d0f]  (no source info available)
V  [jvm.dll+0xc3f6b]  (no source info available)
V  [jvm.dll+0x3bb10c]  (no source info available)
V  [jvm.dll+0x387b6b]  (no source info available)
V  [jvm.dll+0x386fda]  (no source info available)
V  [jvm.dll+0x247918]  (no source info available)
V  [jvm.dll+0x246fbf]  (no source info available)
V  [jvm.dll+0x1c4e90]  (no source info available)
V  [jvm.dll+0x2569fe]  (no source info available)
V  [jvm.dll+0x254cba]  (no source info available)
V  [jvm.dll+0x3f5336]  (no source info available)
V  [jvm.dll+0x81d44b]  (no source info available)
V  [jvm.dll+0x6e0915]  (no source info available)
C  [ucrtbase.dll+0x2268a]  (no source info available)
C  [KERNEL32.DLL+0x17ac4]  (no source info available)
C  [ntdll.dll+0x5a8c1]  (no source info available)


---------------  P R O C E S S  ---------------

Threads class SMR info:
_java_thread_list=0x0000029ef026abf0, length=13, elements={
0x0000029e8ece3bf0, 0x0000029eaa8f8040, 0x0000029eaa8f8e60, 0x0000029eaa8fe070,
0x0000029eaa900f00, 0x0000029eaa901d80, 0x0000029eaa902bf0, 0x0000029eaa903ce0,
0x0000029eaa906fc0, 0x0000029eaaafc240, 0x0000029eaac87b10, 0x0000029eaac88180,
0x0000029ef0334580
}

Java Threads: ( => current thread )
  0x0000029e8ece3bf0 JavaThread "main"                              [_thread_in_vm, id=7672, stack(0x000000a2f8d00000,0x000000a2f8e00000) (1024K)]
  0x0000029eaa8f8040 JavaThread "Reference Handler"          daemon [_thread_blocked, id=11564, stack(0x000000a2f9500000,0x000000a2f9600000) (1024K)]
  0x0000029eaa8f8e60 JavaThread "Finalizer"                  daemon [_thread_blocked, id=10412, stack(0x000000a2f9600000,0x000000a2f9700000) (1024K)]
  0x0000029eaa8fe070 JavaThread "Signal Dispatcher"          daemon [_thread_blocked, id=3008, stack(0x000000a2f9700000,0x000000a2f9800000) (1024K)]
  0x0000029eaa900f00 JavaThread "Attach Listener"            daemon [_thread_blocked, id=3684, stack(0x000000a2f9800000,0x000000a2f9900000) (1024K)]
  0x0000029eaa901d80 JavaThread "Service Thread"             daemon [_thread_blocked, id=11976, stack(0x000000a2f9900000,0x000000a2f9a00000) (1024K)]
  0x0000029eaa902bf0 JavaThread "Monitor Deflation Thread"   daemon [_thread_blocked, id=5200, stack(0x000000a2f9a00000,0x000000a2f9b00000) (1024K)]
  0x0000029eaa903ce0 JavaThread "C2 CompilerThread0"         daemon [_thread_blocked, id=3912, stack(0x000000a2f9b00000,0x000000a2f9c00000) (1024K)]
  0x0000029eaa906fc0 JavaThread "C1 CompilerThread0"         daemon [_thread_in_vm, id=112, stack(0x000000a2f9c00000,0x000000a2f9d00000) (1024K)]
  0x0000029eaaafc240 JavaThread "Common-Cleaner"             daemon [_thread_blocked, id=5332, stack(0x000000a2f9d00000,0x000000a2f9e00000) (1024K)]
  0x0000029eaac87b10 JavaThread "Monitor Ctrl-Break"         daemon [_thread_in_native, id=7056, stack(0x000000a2f9e00000,0x000000a2f9f00000) (1024K)]
  0x0000029eaac88180 JavaThread "Notification Thread"        daemon [_thread_blocked, id=11376, stack(0x000000a2f9f00000,0x000000a2fa000000) (1024K)]
=>0x0000029ef0334580 JavaThread "C2 CompilerThread1"         daemon [_thread_in_native, id=3748, stack(0x000000a2fa000000,0x000000a2fa100000) (1024K)]
Total: 13

Other Threads:
  0x0000029eaa8e4e60 VMThread "VM Thread"                           [id=10368, stack(0x000000a2f9400000,0x000000a2f9500000) (1024K)]
  0x0000029eaa8cca60 WatcherThread "VM Periodic Task Thread"        [id=12028, stack(0x000000a2f9300000,0x000000a2f9400000) (1024K)]
  0x0000029e8ed3c210 WorkerThread "GC Thread#0"                     [id=4168, stack(0x000000a2f8e00000,0x000000a2f8f00000) (1024K)]
  0x0000029e8ed4d9b0 ConcurrentGCThread "G1 Main Marker"            [id=12836, stack(0x000000a2f8f00000,0x000000a2f9000000) (1024K)]
  0x0000029e8ed4ef90 WorkerThread "G1 Conc#0"                       [id=1260, stack(0x000000a2f9000000,0x000000a2f9100000) (1024K)]
  0x0000029e8ed9ea70 ConcurrentGCThread "G1 Refine#0"               [id=12424, stack(0x000000a2f9100000,0x000000a2f9200000) (1024K)]
  0x0000029eaa79c680 ConcurrentGCThread "G1 Service"                [id=12908, stack(0x000000a2f9200000,0x000000a2f9300000) (1024K)]
Total: 7

Threads with active compile tasks:
C1 CompilerThread0  2441  961       3       sun.invoke.util.BytecodeDescriptor::unparseSig (49 bytes)
C2 CompilerThread1  2441  925   !   4       jdk.internal.loader.URLClassPath$JarLoader::getResource (40 bytes)
Total: 2

VM state: not at safepoint (normal execution)

VM Mutex/Monitor currently owned by a thread:  ([mutex/lock_event])
[0x00007fff50809b38] Metaspace_lock - owner thread: 0x0000029eaa906fc0

Heap address: 0x000000008ce00000, size: 1842 MB, Compressed Oops mode: 32-bit

CDS archive(s) mapped at: [0x0000029eab000000-0x0000029eabc50000-0x0000029eabc50000), size 12910592, SharedBaseAddress: 0x0000029eab000000, ArchiveRelocationMode: 1.
Compressed class space mapped at: 0x0000029eac000000-0x0000029eec000000, reserved size: 1073741824
Narrow klass base: 0x0000029eab000000, Narrow klass shift: 0, Narrow klass range: 0x41000000

GC Precious Log:
 CardTable entry size: 512
 Card Set container configuration: InlinePtr #cards 5 size 8 Array Of Cards #cards 12 size 40 Howl #buckets 4 coarsen threshold 1843 Howl Bitmap #cards 512 size 80 coarsen threshold 460 Card regions per heap region 1 cards per card region 2048
 CPUs: 4 total, 4 available
 Memory: 7366M
 Large Page Support: Disabled
 NUMA Support: Disabled
 Compressed Oops: Enabled (32-bit)
 Heap Region Size: 1M
 Heap Min Capacity: 8M
 Heap Initial Capacity: 116M
 Heap Max Capacity: 1842M
 Pre-touch: Disabled
 Parallel Workers: 4
 Concurrent Workers: 1
 Concurrent Refinement Workers: 4
 Periodic GC: Disabled

Heap:
 garbage-first heap   total reserved 1886208K, committed 118784K, used 12288K [0x000000008ce00000, 0x0000000100000000)
  region size 1024K, 14 young (14336K), 0 survivors (0K)
 Metaspace       used 3635K, committed 3776K, reserved 1114112K
  class space    used 363K, committed 448K, reserved 1048576K

Heap Regions: E=young(eden), S=young(survivor), O=old, HS=humongous(starts), HC=humongous(continues), CS=collection set, F=free, TAMS=top-at-mark-start, PB=parsable bottom
|   0|0x000000008ce00000, 0x000000008ce00000, 0x000000008cf00000|  0%| F|  |TAMS 0x000000008ce00000| PB 0x000000008ce00000| Untracked |  0
|   1|0x000000008cf00000, 0x000000008cf00000, 0x000000008d000000|  0%| F|  |TAMS 0x000000008cf00000| PB 0x000000008cf00000| Untracked |  0
|   2|0x000000008d000000, 0x000000008d000000, 0x000000008d100000|  0%| F|  |TAMS 0x000000008d000000| PB 0x000000008d000000| Untracked |  0
|   3|0x000000008d100000, 0x000000008d100000, 0x000000008d200000|  0%| F|  |TAMS 0x000000008d100000| PB 0x000000008d100000| Untracked |  0
|   4|0x000000008d200000, 0x000000008d200000, 0x000000008d300000|  0%| F|  |TAMS 0x000000008d200000| PB 0x000000008d200000| Untracked |  0
|   5|0x000000008d300000, 0x000000008d300000, 0x000000008d400000|  0%| F|  |TAMS 0x000000008d300000| PB 0x000000008d300000| Untracked |  0
|   6|0x000000008d400000, 0x000000008d400000, 0x000000008d500000|  0%| F|  |TAMS 0x000000008d400000| PB 0x000000008d400000| Untracked |  0
|   7|0x000000008d500000, 0x000000008d500000, 0x000000008d600000|  0%| F|  |TAMS 0x000000008d500000| PB 0x000000008d500000| Untracked |  0
|   8|0x000000008d600000, 0x000000008d600000, 0x000000008d700000|  0%| F|  |TAMS 0x000000008d600000| PB 0x000000008d600000| Untracked |  0
|   9|0x000000008d700000, 0x000000008d700000, 0x000000008d800000|  0%| F|  |TAMS 0x000000008d700000| PB 0x000000008d700000| Untracked |  0
|  10|0x000000008d800000, 0x000000008d800000, 0x000000008d900000|  0%| F|  |TAMS 0x000000008d800000| PB 0x000000008d800000| Untracked |  0
|  11|0x000000008d900000, 0x000000008d900000, 0x000000008da00000|  0%| F|  |TAMS 0x000000008d900000| PB 0x000000008d900000| Untracked |  0
|  12|0x000000008da00000, 0x000000008da00000, 0x000000008db00000|  0%| F|  |TAMS 0x000000008da00000| PB 0x000000008da00000| Untracked |  0
|  13|0x000000008db00000, 0x000000008db00000, 0x000000008dc00000|  0%| F|  |TAMS 0x000000008db00000| PB 0x000000008db00000| Untracked |  0
|  14|0x000000008dc00000, 0x000000008dc00000, 0x000000008dd00000|  0%| F|  |TAMS 0x000000008dc00000| PB 0x000000008dc00000| Untracked |  0
|  15|0x000000008dd00000, 0x000000008dd00000, 0x000000008de00000|  0%| F|  |TAMS 0x000000008dd00000| PB 0x000000008dd00000| Untracked |  0
|  16|0x000000008de00000, 0x000000008de00000, 0x000000008df00000|  0%| F|  |TAMS 0x000000008de00000| PB 0x000000008de00000| Untracked |  0
|  17|0x000000008df00000, 0x000000008df00000, 0x000000008e000000|  0%| F|  |TAMS 0x000000008df00000| PB 0x000000008df00000| Untracked |  0
|  18|0x000000008e000000, 0x000000008e000000, 0x000000008e100000|  0%| F|  |TAMS 0x000000008e000000| PB 0x000000008e000000| Untracked |  0
|  19|0x000000008e100000, 0x000000008e100000, 0x000000008e200000|  0%| F|  |TAMS 0x000000008e100000| PB 0x000000008e100000| Untracked |  0
|  20|0x000000008e200000, 0x000000008e200000, 0x000000008e300000|  0%| F|  |TAMS 0x000000008e200000| PB 0x000000008e200000| Untracked |  0
|  21|0x000000008e300000, 0x000000008e300000, 0x000000008e400000|  0%| F|  |TAMS 0x000000008e300000| PB 0x000000008e300000| Untracked |  0
|  22|0x000000008e400000, 0x000000008e400000, 0x000000008e500000|  0%| F|  |TAMS 0x000000008e400000| PB 0x000000008e400000| Untracked |  0
|  23|0x000000008e500000, 0x000000008e500000, 0x000000008e600000|  0%| F|  |TAMS 0x000000008e500000| PB 0x000000008e500000| Untracked |  0
|  24|0x000000008e600000, 0x000000008e600000, 0x000000008e700000|  0%| F|  |TAMS 0x000000008e600000| PB 0x000000008e600000| Untracked |  0
|  25|0x000000008e700000, 0x000000008e700000, 0x000000008e800000|  0%| F|  |TAMS 0x000000008e700000| PB 0x000000008e700000| Untracked |  0
|  26|0x000000008e800000, 0x000000008e800000, 0x000000008e900000|  0%| F|  |TAMS 0x000000008e800000| PB 0x000000008e800000| Untracked |  0
|  27|0x000000008e900000, 0x000000008e900000, 0x000000008ea00000|  0%| F|  |TAMS 0x000000008e900000| PB 0x000000008e900000| Untracked |  0
|  28|0x000000008ea00000, 0x000000008ea00000, 0x000000008eb00000|  0%| F|  |TAMS 0x000000008ea00000| PB 0x000000008ea00000| Untracked |  0
|  29|0x000000008eb00000, 0x000000008eb00000, 0x000000008ec00000|  0%| F|  |TAMS 0x000000008eb00000| PB 0x000000008eb00000| Untracked |  0
|  30|0x000000008ec00000, 0x000000008ec00000, 0x000000008ed00000|  0%| F|  |TAMS 0x000000008ec00000| PB 0x000000008ec00000| Untracked |  0
|  31|0x000000008ed00000, 0x000000008ed00000, 0x000000008ee00000|  0%| F|  |TAMS 0x000000008ed00000| PB 0x000000008ed00000| Untracked |  0
|  32|0x000000008ee00000, 0x000000008ee00000, 0x000000008ef00000|  0%| F|  |TAMS 0x000000008ee00000| PB 0x000000008ee00000| Untracked |  0
|  33|0x000000008ef00000, 0x000000008ef00000, 0x000000008f000000|  0%| F|  |TAMS 0x000000008ef00000| PB 0x000000008ef00000| Untracked |  0
|  34|0x000000008f000000, 0x000000008f000000, 0x000000008f100000|  0%| F|  |TAMS 0x000000008f000000| PB 0x000000008f000000| Untracked |  0
|  35|0x000000008f100000, 0x000000008f100000, 0x000000008f200000|  0%| F|  |TAMS 0x000000008f100000| PB 0x000000008f100000| Untracked |  0
|  36|0x000000008f200000, 0x000000008f200000, 0x000000008f300000|  0%| F|  |TAMS 0x000000008f200000| PB 0x000000008f200000| Untracked |  0
|  37|0x000000008f300000, 0x000000008f300000, 0x000000008f400000|  0%| F|  |TAMS 0x000000008f300000| PB 0x000000008f300000| Untracked |  0
|  38|0x000000008f400000, 0x000000008f400000, 0x000000008f500000|  0%| F|  |TAMS 0x000000008f400000| PB 0x000000008f400000| Untracked |  0
|  39|0x000000008f500000, 0x000000008f500000, 0x000000008f600000|  0%| F|  |TAMS 0x000000008f500000| PB 0x000000008f500000| Untracked |  0
|  40|0x000000008f600000, 0x000000008f600000, 0x000000008f700000|  0%| F|  |TAMS 0x000000008f600000| PB 0x000000008f600000| Untracked |  0
|  41|0x000000008f700000, 0x000000008f700000, 0x000000008f800000|  0%| F|  |TAMS 0x000000008f700000| PB 0x000000008f700000| Untracked |  0
|  42|0x000000008f800000, 0x000000008f800000, 0x000000008f900000|  0%| F|  |TAMS 0x000000008f800000| PB 0x000000008f800000| Untracked |  0
|  43|0x000000008f900000, 0x000000008f900000, 0x000000008fa00000|  0%| F|  |TAMS 0x000000008f900000| PB 0x000000008f900000| Untracked |  0
|  44|0x000000008fa00000, 0x000000008fa00000, 0x000000008fb00000|  0%| F|  |TAMS 0x000000008fa00000| PB 0x000000008fa00000| Untracked |  0
|  45|0x000000008fb00000, 0x000000008fb00000, 0x000000008fc00000|  0%| F|  |TAMS 0x000000008fb00000| PB 0x000000008fb00000| Untracked |  0
|  46|0x000000008fc00000, 0x000000008fc00000, 0x000000008fd00000|  0%| F|  |TAMS 0x000000008fc00000| PB 0x000000008fc00000| Untracked |  0
|  47|0x000000008fd00000, 0x000000008fd00000, 0x000000008fe00000|  0%| F|  |TAMS 0x000000008fd00000| PB 0x000000008fd00000| Untracked |  0
|  48|0x000000008fe00000, 0x000000008fe00000, 0x000000008ff00000|  0%| F|  |TAMS 0x000000008fe00000| PB 0x000000008fe00000| Untracked |  0
|  49|0x000000008ff00000, 0x000000008ff00000, 0x0000000090000000|  0%| F|  |TAMS 0x000000008ff00000| PB 0x000000008ff00000| Untracked |  0
|  50|0x0000000090000000, 0x0000000090000000, 0x0000000090100000|  0%| F|  |TAMS 0x0000000090000000| PB 0x0000000090000000| Untracked |  0
|  51|0x0000000090100000, 0x0000000090100000, 0x0000000090200000|  0%| F|  |TAMS 0x0000000090100000| PB 0x0000000090100000| Untracked |  0
|  52|0x0000000090200000, 0x0000000090200000, 0x0000000090300000|  0%| F|  |TAMS 0x0000000090200000| PB 0x0000000090200000| Untracked |  0
|  53|0x0000000090300000, 0x0000000090300000, 0x0000000090400000|  0%| F|  |TAMS 0x0000000090300000| PB 0x0000000090300000| Untracked |  0
|  54|0x0000000090400000, 0x0000000090400000, 0x0000000090500000|  0%| F|  |TAMS 0x0000000090400000| PB 0x0000000090400000| Untracked |  0
|  55|0x0000000090500000, 0x0000000090500000, 0x0000000090600000|  0%| F|  |TAMS 0x0000000090500000| PB 0x0000000090500000| Untracked |  0
|  56|0x0000000090600000, 0x0000000090600000, 0x0000000090700000|  0%| F|  |TAMS 0x0000000090600000| PB 0x0000000090600000| Untracked |  0
|  57|0x0000000090700000, 0x0000000090700000, 0x0000000090800000|  0%| F|  |TAMS 0x0000000090700000| PB 0x0000000090700000| Untracked |  0
|  58|0x0000000090800000, 0x0000000090800000, 0x0000000090900000|  0%| F|  |TAMS 0x0000000090800000| PB 0x0000000090800000| Untracked |  0
|  59|0x0000000090900000, 0x0000000090900000, 0x0000000090a00000|  0%| F|  |TAMS 0x0000000090900000| PB 0x0000000090900000| Untracked |  0
|  60|0x0000000090a00000, 0x0000000090a00000, 0x0000000090b00000|  0%| F|  |TAMS 0x0000000090a00000| PB 0x0000000090a00000| Untracked |  0
|  61|0x0000000090b00000, 0x0000000090b00000, 0x0000000090c00000|  0%| F|  |TAMS 0x0000000090b00000| PB 0x0000000090b00000| Untracked |  0
|  62|0x0000000090c00000, 0x0000000090c00000, 0x0000000090d00000|  0%| F|  |TAMS 0x0000000090c00000| PB 0x0000000090c00000| Untracked |  0
|  63|0x0000000090d00000, 0x0000000090d00000, 0x0000000090e00000|  0%| F|  |TAMS 0x0000000090d00000| PB 0x0000000090d00000| Untracked |  0
|  64|0x0000000090e00000, 0x0000000090e00000, 0x0000000090f00000|  0%| F|  |TAMS 0x0000000090e00000| PB 0x0000000090e00000| Untracked |  0
|  65|0x0000000090f00000, 0x0000000090f00000, 0x0000000091000000|  0%| F|  |TAMS 0x0000000090f00000| PB 0x0000000090f00000| Untracked |  0
|  66|0x0000000091000000, 0x0000000091000000, 0x0000000091100000|  0%| F|  |TAMS 0x0000000091000000| PB 0x0000000091000000| Untracked |  0
|  67|0x0000000091100000, 0x0000000091100000, 0x0000000091200000|  0%| F|  |TAMS 0x0000000091100000| PB 0x0000000091100000| Untracked |  0
|  68|0x0000000091200000, 0x0000000091200000, 0x0000000091300000|  0%| F|  |TAMS 0x0000000091200000| PB 0x0000000091200000| Untracked |  0
|  69|0x0000000091300000, 0x0000000091300000, 0x0000000091400000|  0%| F|  |TAMS 0x0000000091300000| PB 0x0000000091300000| Untracked |  0
|  70|0x0000000091400000, 0x0000000091400000, 0x0000000091500000|  0%| F|  |TAMS 0x0000000091400000| PB 0x0000000091400000| Untracked |  0
|  71|0x0000000091500000, 0x0000000091500000, 0x0000000091600000|  0%| F|  |TAMS 0x0000000091500000| PB 0x0000000091500000| Untracked |  0
|  72|0x0000000091600000, 0x0000000091600000, 0x0000000091700000|  0%| F|  |TAMS 0x0000000091600000| PB 0x0000000091600000| Untracked |  0
|  73|0x0000000091700000, 0x0000000091700000, 0x0000000091800000|  0%| F|  |TAMS 0x0000000091700000| PB 0x0000000091700000| Untracked |  0
|  74|0x0000000091800000, 0x0000000091800000, 0x0000000091900000|  0%| F|  |TAMS 0x0000000091800000| PB 0x0000000091800000| Untracked |  0
|  75|0x0000000091900000, 0x0000000091900000, 0x0000000091a00000|  0%| F|  |TAMS 0x0000000091900000| PB 0x0000000091900000| Untracked |  0
|  76|0x0000000091a00000, 0x0000000091a00000, 0x0000000091b00000|  0%| F|  |TAMS 0x0000000091a00000| PB 0x0000000091a00000| Untracked |  0
|  77|0x0000000091b00000, 0x0000000091b00000, 0x0000000091c00000|  0%| F|  |TAMS 0x0000000091b00000| PB 0x0000000091b00000| Untracked |  0
|  78|0x0000000091c00000, 0x0000000091c00000, 0x0000000091d00000|  0%| F|  |TAMS 0x0000000091c00000| PB 0x0000000091c00000| Untracked |  0
|  79|0x0000000091d00000, 0x0000000091d00000, 0x0000000091e00000|  0%| F|  |TAMS 0x0000000091d00000| PB 0x0000000091d00000| Untracked |  0
|  80|0x0000000091e00000, 0x0000000091e00000, 0x0000000091f00000|  0%| F|  |TAMS 0x0000000091e00000| PB 0x0000000091e00000| Untracked |  0
|  81|0x0000000091f00000, 0x0000000091f00000, 0x0000000092000000|  0%| F|  |TAMS 0x0000000091f00000| PB 0x0000000091f00000| Untracked |  0
|  82|0x0000000092000000, 0x0000000092000000, 0x0000000092100000|  0%| F|  |TAMS 0x0000000092000000| PB 0x0000000092000000| Untracked |  0
|  83|0x0000000092100000, 0x0000000092100000, 0x0000000092200000|  0%| F|  |TAMS 0x0000000092100000| PB 0x0000000092100000| Untracked |  0
|  84|0x0000000092200000, 0x0000000092200000, 0x0000000092300000|  0%| F|  |TAMS 0x0000000092200000| PB 0x0000000092200000| Untracked |  0
|  85|0x0000000092300000, 0x0000000092300000, 0x0000000092400000|  0%| F|  |TAMS 0x0000000092300000| PB 0x0000000092300000| Untracked |  0
|  86|0x0000000092400000, 0x0000000092400000, 0x0000000092500000|  0%| F|  |TAMS 0x0000000092400000| PB 0x0000000092400000| Untracked |  0
|  87|0x0000000092500000, 0x0000000092500000, 0x0000000092600000|  0%| F|  |TAMS 0x0000000092500000| PB 0x0000000092500000| Untracked |  0
|  88|0x0000000092600000, 0x0000000092600000, 0x0000000092700000|  0%| F|  |TAMS 0x0000000092600000| PB 0x0000000092600000| Untracked |  0
|  89|0x0000000092700000, 0x0000000092700000, 0x0000000092800000|  0%| F|  |TAMS 0x0000000092700000| PB 0x0000000092700000| Untracked |  0
|  90|0x0000000092800000, 0x0000000092800000, 0x0000000092900000|  0%| F|  |TAMS 0x0000000092800000| PB 0x0000000092800000| Untracked |  0
|  91|0x0000000092900000, 0x0000000092900000, 0x0000000092a00000|  0%| F|  |TAMS 0x0000000092900000| PB 0x0000000092900000| Untracked |  0
|  92|0x0000000092a00000, 0x0000000092a00000, 0x0000000092b00000|  0%| F|  |TAMS 0x0000000092a00000| PB 0x0000000092a00000| Untracked |  0
|  93|0x0000000092b00000, 0x0000000092b00000, 0x0000000092c00000|  0%| F|  |TAMS 0x0000000092b00000| PB 0x0000000092b00000| Untracked |  0
|  94|0x0000000092c00000, 0x0000000092c00000, 0x0000000092d00000|  0%| F|  |TAMS 0x0000000092c00000| PB 0x0000000092c00000| Untracked |  0
|  95|0x0000000092d00000, 0x0000000092d00000, 0x0000000092e00000|  0%| F|  |TAMS 0x0000000092d00000| PB 0x0000000092d00000| Untracked |  0
|  96|0x0000000092e00000, 0x0000000092e00000, 0x0000000092f00000|  0%| F|  |TAMS 0x0000000092e00000| PB 0x0000000092e00000| Untracked |  0
|  97|0x0000000092f00000, 0x0000000092f00000, 0x0000000093000000|  0%| F|  |TAMS 0x0000000092f00000| PB 0x0000000092f00000| Untracked |  0
|  98|0x0000000093000000, 0x0000000093000000, 0x0000000093100000|  0%| F|  |TAMS 0x0000000093000000| PB 0x0000000093000000| Untracked |  0
|  99|0x0000000093100000, 0x0000000093100000, 0x0000000093200000|  0%| F|  |TAMS 0x0000000093100000| PB 0x0000000093100000| Untracked |  0
| 100|0x0000000093200000, 0x0000000093200000, 0x0000000093300000|  0%| F|  |TAMS 0x0000000093200000| PB 0x0000000093200000| Untracked |  0
| 101|0x0000000093300000, 0x0000000093300000, 0x0000000093400000|  0%| F|  |TAMS 0x0000000093300000| PB 0x0000000093300000| Untracked |  0
| 102|0x0000000093400000, 0x000000009348f610, 0x0000000093500000| 56%| E|  |TAMS 0x0000000093400000| PB 0x0000000093400000| Complete |  0
| 103|0x0000000093500000, 0x0000000093600000, 0x0000000093600000|100%| E|CS|TAMS 0x0000000093500000| PB 0x0000000093500000| Complete |  0
| 104|0x0000000093600000, 0x0000000093700000, 0x0000000093700000|100%| E|  |TAMS 0x0000000093600000| PB 0x0000000093600000| Complete |  0
| 105|0x0000000093700000, 0x0000000093800000, 0x0000000093800000|100%| E|CS|TAMS 0x0000000093700000| PB 0x0000000093700000| Complete |  0
| 106|0x0000000093800000, 0x0000000093900000, 0x0000000093900000|100%| E|CS|TAMS 0x0000000093800000| PB 0x0000000093800000| Complete |  0
| 107|0x0000000093900000, 0x0000000093a00000, 0x0000000093a00000|100%| E|CS|TAMS 0x0000000093900000| PB 0x0000000093900000| Complete |  0
| 108|0x0000000093a00000, 0x0000000093b00000, 0x0000000093b00000|100%| E|CS|TAMS 0x0000000093a00000| PB 0x0000000093a00000| Complete |  0
| 109|0x0000000093b00000, 0x0000000093c00000, 0x0000000093c00000|100%| E|CS|TAMS 0x0000000093b00000| PB 0x0000000093b00000| Complete |  0
| 110|0x0000000093c00000, 0x0000000093d00000, 0x0000000093d00000|100%| E|CS|TAMS 0x0000000093c00000| PB 0x0000000093c00000| Complete |  0
| 111|0x0000000093d00000, 0x0000000093e00000, 0x0000000093e00000|100%| E|CS|TAMS 0x0000000093d00000| PB 0x0000000093d00000| Complete |  0
| 112|0x0000000093e00000, 0x0000000093f00000, 0x0000000093f00000|100%| E|CS|TAMS 0x0000000093e00000| PB 0x0000000093e00000| Complete |  0
| 113|0x0000000093f00000, 0x0000000094000000, 0x0000000094000000|100%| E|CS|TAMS 0x0000000093f00000| PB 0x0000000093f00000| Complete |  0
| 114|0x0000000094000000, 0x0000000094100000, 0x0000000094100000|100%| E|CS|TAMS 0x0000000094000000| PB 0x0000000094000000| Complete |  0
| 115|0x0000000094100000, 0x0000000094200000, 0x0000000094200000|100%| E|CS|TAMS 0x0000000094100000| PB 0x0000000094100000| Complete |  0

Card table byte_map: [0x0000029ea63c0000,0x0000029ea6760000] _byte_map_base: 0x0000029ea5f59000

Marking Bits: (CMBitMap*) 0x0000029e8ed3c830
 Bits: [0x0000029ea6760000, 0x0000029ea8428000)

Polling page: 0x0000029e8cca0000

Metaspace:

Usage:
  Non-class:      3.20 MB used.
      Class:    363.22 KB used.
       Both:      3.55 MB used.

Virtual space:
  Non-class space:       64.00 MB reserved,       3.25 MB (  5%) committed,  1 nodes.
      Class space:        1.00 GB reserved,     448.00 KB ( <1%) committed,  1 nodes.
             Both:        1.06 GB reserved,       3.69 MB ( <1%) committed. 

Chunk freelists:
   Non-Class:  11.08 MB
       Class:  15.56 MB
        Both:  26.64 MB

MaxMetaspaceSize: unlimited
CompressedClassSpaceSize: 1.00 GB
Initial GC threshold: 21.00 MB
Current GC threshold: 21.00 MB
CDS: on
 - commit_granule_bytes: 65536.
 - commit_granule_words: 8192.
 - virtual_space_node_default_size: 8388608.
 - enlarge_chunks_in_place: 1.
 - use_allocation_guard: 0.


Internal statistics:

num_allocs_failed_limit: 0.
num_arena_births: 64.
num_arena_deaths: 0.
num_vsnodes_births: 2.
num_vsnodes_deaths: 0.
num_space_committed: 59.
num_space_uncommitted: 0.
num_chunks_returned_to_freelist: 0.
num_chunks_taken_from_freelist: 129.
num_chunk_merges: 0.
num_chunk_splits: 77.
num_chunks_enlarged: 51.
num_inconsistent_stats: 0.

CodeHeap 'non-profiled nmethods': size=120000Kb used=315Kb max_used=315Kb free=119684Kb
 bounds [0x0000029e9eaf0000, 0x0000029e9ed60000, 0x0000029ea6020000]
CodeHeap 'profiled nmethods': size=120000Kb used=1580Kb max_used=1580Kb free=118419Kb
 bounds [0x0000029e97020000, 0x0000029e97290000, 0x0000029e9e550000]
CodeHeap 'non-nmethods': size=5760Kb used=1365Kb max_used=1380Kb free=4395Kb
 bounds [0x0000029e9e550000, 0x0000029e9e7c0000, 0x0000029e9eaf0000]
 total_blobs=1423 nmethods=958 adapters=371
 compilation: enabled
              stopped_count=0, restarted_count=0
 full_count=0

Compilation events (20 events):
Event: 2.156 Thread 0x0000029eaa906fc0 nmethod 935 0x0000029e971a0e90 code [0x0000029e971a10a0, 0x0000029e971a1478]
Event: 2.156 Thread 0x0000029eaa903ce0  936       4       java.util.HashMap$HashIterator::nextNode (100 bytes)
Event: 2.157 Thread 0x0000029eaa906fc0  937       3       com.beust.jcommander.JCommander::getPrefixDescriptionFor (77 bytes)
Event: 2.158 Thread 0x0000029eaa906fc0 nmethod 937 0x0000029e971a1710 code [0x0000029e971a19c0, 0x0000029e971a27f8]
Event: 2.159 Thread 0x0000029eaa906fc0  939       3       java.util.HashMap::entrySet (27 bytes)
Event: 2.160 Thread 0x0000029eaa906fc0 nmethod 939 0x0000029e971a2d10 code [0x0000029e971a2ee0, 0x0000029e971a32e0]
Event: 2.160 Thread 0x0000029eaa906fc0  940       3       java.util.HashMap$EntrySet::iterator (12 bytes)
Event: 2.160 Thread 0x0000029eaa906fc0 nmethod 940 0x0000029e971a3410 code [0x0000029e971a35c0, 0x0000029e971a37c8]
Event: 2.160 Thread 0x0000029eaa906fc0  941       1       com.beust.jcommander.JCommander$Options::access$700 (5 bytes)
Event: 2.161 Thread 0x0000029eaa906fc0 nmethod 941 0x0000029e9eb3d410 code [0x0000029e9eb3d5a0, 0x0000029e9eb3d650]
Event: 2.171 Thread 0x0000029eaa906fc0  943       3       jdk.internal.org.objectweb.asm.MethodWriter::visitInsn (115 bytes)
Event: 2.171 Thread 0x0000029eaa903ce0 nmethod 936 0x0000029e9eb3da10 code [0x0000029e9eb3dbc0, 0x0000029e9eb3dff8]
Event: 2.171 Thread 0x0000029eaa903ce0  938       4       java.util.HashMap$EntryIterator::next (5 bytes)
Event: 2.172 Thread 0x0000029eaa906fc0 nmethod 943 0x0000029e971a3890 code [0x0000029e971a3a80, 0x0000029e971a3e70]
Event: 2.174 Thread 0x0000029eaa906fc0  944       3       java.util.concurrent.ConcurrentHashMap::get (162 bytes)
Event: 2.175 Thread 0x0000029eaa906fc0 nmethod 944 0x0000029e971a4010 code [0x0000029e971a4260, 0x0000029e971a4ca0]
Event: 2.180 Thread 0x0000029eaa906fc0  945       3       java.lang.invoke.MemberName$Factory::resolveOrFail (83 bytes)
Event: 2.182 Thread 0x0000029eaa906fc0 nmethod 945 0x0000029e971a4f90 code [0x0000029e971a51a0, 0x0000029e971a5820]
Event: 2.183 Thread 0x0000029eaa906fc0  946       3       sun.invoke.util.Wrapper::forBasicType (103 bytes)
Event: 2.184 Thread 0x0000029eaa906fc0 nmethod 946 0x0000029e971a5a90 code [0x0000029e971a5ca0, 0x0000029e971a6168]

GC Heap History (0 events):
No events

Dll operation events (11 events):
Event: 0.032 Loaded shared library C:\Users\Elina\.jdks\openjdk-22.0.1\bin\java.dll
Event: 0.115 Loaded shared library C:\Users\Elina\.jdks\openjdk-22.0.1\bin\jsvml.dll
Event: 0.570 Loaded shared library C:\Users\Elina\.jdks\openjdk-22.0.1\bin\zip.dll
Event: 0.597 Loaded shared library C:\Users\Elina\.jdks\openjdk-22.0.1\bin\instrument.dll
Event: 0.614 Loaded shared library C:\Users\Elina\.jdks\openjdk-22.0.1\bin\net.dll
Event: 0.618 Loaded shared library C:\Users\Elina\.jdks\openjdk-22.0.1\bin\nio.dll
Event: 0.639 Loaded shared library C:\Users\Elina\.jdks\openjdk-22.0.1\bin\zip.dll
Event: 0.714 Loaded shared library C:\Users\Elina\AppData\Local\Programs\IntelliJ IDEA Community Edition\bin\breakgen64.dll
Event: 0.778 Loaded shared library C:\Users\Elina\.jdks\openjdk-22.0.1\bin\extnet.dll
Event: 1.252 Loaded shared library C:\Users\Elina\.jdks\openjdk-22.0.1\bin\verify.dll
Event: 1.268 Loaded shared library C:\Users\Elina\.jdks\openjdk-22.0.1\bin\jimage.dll

Deoptimization events (20 events):
Event: 1.765 Thread 0x0000029eaa900f00 DEOPT PACKING pc=0x0000029e9eb1a378 sp=0x000000a2f98fec30
Event: 1.765 Thread 0x0000029eaa900f00 DEOPT UNPACKING pc=0x0000029e9e5a46a2 sp=0x000000a2f98febe0 mode 2
Event: 1.766 Thread 0x0000029eaa900f00 Uncommon trap: trap_request=0xffffff45 fr.pc=0x0000029e9eb19c6c relative=0x00000000000000cc
Event: 1.766 Thread 0x0000029eaa900f00 Uncommon trap: reason=unstable_if action=reinterpret pc=0x0000029e9eb19c6c method=java.util.concurrent.locks.ReentrantLock$Sync.tryRelease(I)Z @ 26 c2
Event: 1.766 Thread 0x0000029eaa900f00 DEOPT PACKING pc=0x0000029e9eb19c6c sp=0x000000a2f98fec20
Event: 1.766 Thread 0x0000029eaa900f00 DEOPT UNPACKING pc=0x0000029e9e5a46a2 sp=0x000000a2f98febd0 mode 2
Event: 1.841 Thread 0x0000029e8ece3bf0 Uncommon trap: trap_request=0xffffff45 fr.pc=0x0000029e9eb08ea4 relative=0x0000000000000444
Event: 1.841 Thread 0x0000029e8ece3bf0 Uncommon trap: reason=unstable_if action=reinterpret pc=0x0000029e9eb08ea4 method=java.lang.StringLatin1.canEncode(C)Z @ 4 c2
Event: 1.841 Thread 0x0000029e8ece3bf0 DEOPT PACKING pc=0x0000029e9eb08ea4 sp=0x000000a2f8dfd940
Event: 1.841 Thread 0x0000029e8ece3bf0 DEOPT UNPACKING pc=0x0000029e9e5a46a2 sp=0x000000a2f8dfd850 mode 2
Event: 1.841 Thread 0x0000029e8ece3bf0 Uncommon trap: trap_request=0xffffff45 fr.pc=0x0000029e9eb09910 relative=0x0000000000000430
Event: 1.841 Thread 0x0000029e8ece3bf0 Uncommon trap: reason=unstable_if action=reinterpret pc=0x0000029e9eb09910 method=java.lang.AbstractStringBuilder.isLatin1()Z @ 10 c2
Event: 1.841 Thread 0x0000029e8ece3bf0 DEOPT PACKING pc=0x0000029e9eb09910 sp=0x000000a2f8dfd950
Event: 1.841 Thread 0x0000029e8ece3bf0 DEOPT UNPACKING pc=0x0000029e9e5a46a2 sp=0x000000a2f8dfd8d0 mode 2
Event: 1.972 Thread 0x0000029e8ece3bf0 DEOPT PACKING pc=0x0000029e9706d5c3 sp=0x000000a2f8dfcb80
Event: 1.972 Thread 0x0000029e8ece3bf0 DEOPT UNPACKING pc=0x0000029e9e5a4e42 sp=0x000000a2f8dfbff8 mode 0
Event: 2.141 Thread 0x0000029e8ece3bf0 Uncommon trap: trap_request=0xffffff45 fr.pc=0x0000029e9eb361e0 relative=0x0000000000000380
Event: 2.141 Thread 0x0000029e8ece3bf0 Uncommon trap: reason=unstable_if action=reinterpret pc=0x0000029e9eb361e0 method=java.util.concurrent.ConcurrentHashMap.get(Ljava/lang/Object;)Ljava/lang/Object; @ 76 c2
Event: 2.141 Thread 0x0000029e8ece3bf0 DEOPT PACKING pc=0x0000029e9eb361e0 sp=0x000000a2f8dfe4c0
Event: 2.141 Thread 0x0000029e8ece3bf0 DEOPT UNPACKING pc=0x0000029e9e5a46a2 sp=0x000000a2f8dfe448 mode 2

Classes loaded (20 events):
Event: 2.162 Loading class sun/reflect/generics/repository/ClassRepository
Event: 2.163 Loading class sun/reflect/generics/repository/GenericDeclRepository
Event: 2.163 Loading class sun/reflect/generics/repository/GenericDeclRepository done
Event: 2.163 Loading class sun/reflect/generics/repository/ClassRepository done
Event: 2.163 Loading class java/lang/reflect/TypeVariable
Event: 2.163 Loading class java/lang/reflect/TypeVariable done
Event: 2.163 Loading class sun/reflect/generics/tree/FormalTypeParameter
Event: 2.163 Loading class sun/reflect/generics/tree/FormalTypeParameter done
Event: 2.163 Loading class sun/reflect/generics/tree/ClassSignature
Event: 2.163 Loading class sun/reflect/generics/tree/Signature
Event: 2.163 Loading class sun/reflect/generics/tree/Signature done
Event: 2.164 Loading class sun/reflect/generics/tree/ClassSignature done
Event: 2.164 Loading class sun/reflect/generics/tree/TypeVariableSignature
Event: 2.164 Loading class sun/reflect/generics/tree/TypeVariableSignature done
Event: 2.164 Loading class sun/reflect/generics/reflectiveObjects/TypeVariableImpl
Event: 2.164 Loading class sun/reflect/generics/reflectiveObjects/LazyReflectiveObjectGenerator
Event: 2.164 Loading class sun/reflect/generics/reflectiveObjects/LazyReflectiveObjectGenerator done
Event: 2.164 Loading class sun/reflect/generics/reflectiveObjects/TypeVariableImpl done
Event: 2.172 Loading class java/lang/invoke/DirectMethodHandle$Special
Event: 2.173 Loading class java/lang/invoke/DirectMethodHandle$Special done

Classes unloaded (0 events):
No events

Classes redefined (0 events):
No events

Internal exceptions (14 events):
Event: 0.642 Thread 0x0000029e8ece3bf0 Exception <a 'java/lang/NoSuchMethodError'{0x0000000093f58758}: 'void java.lang.invoke.DirectMethodHandle$Holder.invokeStatic(java.lang.Object, java.lang.Object, java.lang.Object)'> (0x0000000093f58758) 
thrown [s\open\src\hotspot\share\interpreter\linkResolver.cpp, line 774]
Event: 0.690 Thread 0x0000029e8ece3bf0 Exception <a 'java/lang/NoSuchMethodError'{0x0000000093f701f0}: 'java.lang.Object java.lang.invoke.Invokers$Holder.invokeExact_MT(java.lang.Object, java.lang.Object, java.lang.Object, java.lang.Object, java.lang.Object)'> (0x0000000093f701f0) 
thrown [s\open\src\hotspot\share\interpreter\linkResolver.cpp, line 774]
Event: 0.783 Thread 0x0000029e8ece3bf0 Exception <a 'java/lang/NoSuchMethodError'{0x0000000093f8a818}: 'void java.lang.invoke.DirectMethodHandle$Holder.invokeStatic(java.lang.Object, java.lang.Object)'> (0x0000000093f8a818) 
thrown [s\open\src\hotspot\share\interpreter\linkResolver.cpp, line 774]
Event: 0.784 Thread 0x0000029eaac87b10 Exception <a 'java/lang/NoSuchMethodError'{0x0000000093f92198}: 'void java.lang.invoke.DirectMethodHandle$Holder.invokeStatic(java.lang.Object, java.lang.Object)'> (0x0000000093f92198) 
thrown [s\open\src\hotspot\share\interpreter\linkResolver.cpp, line 774]
Event: 1.615 Thread 0x0000029e8ece3bf0 Exception <a 'java/lang/ClassNotFoundException'{0x0000000093990918}: javax/smartcardio/CardPermission> (0x0000000093990918) 
thrown [s\open\src\hotspot\share\classfile\systemDictionary.cpp, line 313]
Event: 1.629 Thread 0x0000029e8ece3bf0 Exception <a 'java/io/FileNotFoundException'{0x000000009399ea80}> (0x000000009399ea80) 
thrown [s\open\src\hotspot\share\prims\jni.cpp, line 520]
Event: 1.754 Thread 0x0000029eaa900f00 Exception <a 'java/lang/NoSuchMethodError'{0x00000000938b3808}: 'java.lang.Object java.lang.invoke.Invokers$Holder.invokeExact_MT(java.lang.Object, java.lang.Object, java.lang.Object, java.lang.Object, java.lang.Object, java.lang.Object)'> (0x00000000938b3808) 
thrown [s\open\src\hotspot\share\interpreter\linkResolver.cpp, line 774]
Event: 1.936 Thread 0x0000029e8ece3bf0 Exception <a 'java/lang/NoSuchMethodError'{0x000000009368ffd0}: 'int java.lang.invoke.DirectMethodHandle$Holder.invokeStaticInit(java.lang.Object, java.lang.Object)'> (0x000000009368ffd0) 
thrown [s\open\src\hotspot\share\interpreter\linkResolver.cpp, line 774]
Event: 2.117 Thread 0x0000029e8ece3bf0 Exception <a 'java/lang/NoSuchMethodError'{0x000000009340bd78}: 'int java.lang.invoke.DirectMethodHandle$Holder.invokeSpecial(java.lang.Object, java.lang.Object, java.lang.Object)'> (0x000000009340bd78) 
thrown [s\open\src\hotspot\share\interpreter\linkResolver.cpp, line 774]
Event: 2.120 Thread 0x0000029e8ece3bf0 Exception <a 'java/lang/NoSuchMethodError'{0x0000000093416418}: 'void java.lang.invoke.DelegatingMethodHandle$Holder.reinvoke_L(java.lang.Object, java.lang.Object, int)'> (0x0000000093416418) 
thrown [s\open\src\hotspot\share\interpreter\linkResolver.cpp, line 774]
Event: 2.122 Thread 0x0000029e8ece3bf0 Exception <a 'java/lang/NoSuchMethodError'{0x000000009341cd48}: 'int java.lang.invoke.Invokers$Holder.invokeExact_MT(java.lang.Object, java.lang.Object, java.lang.Object)'> (0x000000009341cd48) 
thrown [s\open\src\hotspot\share\interpreter\linkResolver.cpp, line 774]
Event: 2.155 Thread 0x0000029e8ece3bf0 Exception <a 'java/lang/NoSuchMethodError'{0x00000000934421d0}: 'void java.lang.invoke.Invokers$Holder.invokeExact_MT(java.lang.Object, java.lang.Object, java.lang.Object, java.lang.Object)'> (0x00000000934421d0) 
thrown [s\open\src\hotspot\share\interpreter\linkResolver.cpp, line 774]
Event: 2.166 Thread 0x0000029e8ece3bf0 Exception <a 'java/lang/NoSuchMethodError'{0x0000000093447e88}: 'void java.lang.invoke.DirectMethodHandle$Holder.invokeVirtual(java.lang.Object, java.lang.Object, int)'> (0x0000000093447e88) 
thrown [s\open\src\hotspot\share\interpreter\linkResolver.cpp, line 774]
Event: 2.170 Thread 0x0000029e8ece3bf0 Exception <a 'java/lang/NoSuchMethodError'{0x000000009344fdc0}: 'void java.lang.invoke.DirectMethodHandle$Holder.invokeSpecial(java.lang.Object, java.lang.Object, java.lang.Object)'> (0x000000009344fdc0) 
thrown [s\open\src\hotspot\share\interpreter\linkResolver.cpp, line 774]

ZGC Phase Switch (0 events):
No events

VM Operations (8 events):
Event: 0.425 Executing VM operation: HandshakeAllThreads (Deoptimize)
Event: 0.425 Executing VM operation: HandshakeAllThreads (Deoptimize) done
Event: 1.430 Executing VM operation: Cleanup
Event: 1.430 Executing VM operation: Cleanup done
Event: 1.504 Executing VM operation: HandshakeAllThreads (Deoptimize)
Event: 1.504 Executing VM operation: HandshakeAllThreads (Deoptimize) done
Event: 1.736 Executing VM operation: HandshakeAllThreads (Deoptimize)
Event: 1.736 Executing VM operation: HandshakeAllThreads (Deoptimize) done

Events (13 events):
Event: 0.074 Thread 0x0000029e8ece3bf0 Thread added: 0x0000029e8ece3bf0
Event: 0.107 Thread 0x0000029eaa8f8040 Thread added: 0x0000029eaa8f8040
Event: 0.107 Thread 0x0000029eaa8f8e60 Thread added: 0x0000029eaa8f8e60
Event: 0.109 Thread 0x0000029eaa8fe070 Thread added: 0x0000029eaa8fe070
Event: 0.109 Thread 0x0000029eaa900f00 Thread added: 0x0000029eaa900f00
Event: 0.109 Thread 0x0000029eaa901d80 Thread added: 0x0000029eaa901d80
Event: 0.109 Thread 0x0000029eaa902bf0 Thread added: 0x0000029eaa902bf0
Event: 0.110 Thread 0x0000029eaa903ce0 Thread added: 0x0000029eaa903ce0
Event: 0.110 Thread 0x0000029eaa906fc0 Thread added: 0x0000029eaa906fc0
Event: 0.330 Thread 0x0000029eaaafc240 Thread added: 0x0000029eaaafc240
Event: 0.717 Thread 0x0000029eaac87b10 Thread added: 0x0000029eaac87b10
Event: 0.717 Thread 0x0000029eaac88180 Thread added: 0x0000029eaac88180
Event: 2.141 Thread 0x0000029ef0334580 Thread added: 0x0000029ef0334580


Dynamic libraries:
0x00007ff785230000 - 0x00007ff78523e000 	C:\Users\Elina\.jdks\openjdk-22.0.1\bin\java.exe
0x00007fffc2370000 - 0x00007fffc255e000 	C:\Windows\SYSTEM32\ntdll.dll
0x00007fffc2110000 - 0x00007fffc21c3000 	C:\Windows\System32\KERNEL32.DLL
0x00007fffbf2f0000 - 0x00007fffbf58d000 	C:\Windows\System32\KERNELBASE.dll
0x00007fffbe9e0000 - 0x00007fffbeada000 	C:\Windows\System32\ucrtbase.dll
0x00007fffb1780000 - 0x00007fffb179b000 	C:\Users\Elina\.jdks\openjdk-22.0.1\bin\VCRUNTIME140.dll
0x00007fffade60000 - 0x00007fffade77000 	C:\Users\Elina\.jdks\openjdk-22.0.1\bin\jli.dll
0x00007fffbf930000 - 0x00007fffbfac7000 	C:\Windows\System32\USER32.dll
0x00007fffbe9c0000 - 0x00007fffbe9e0000 	C:\Windows\System32\win32u.dll
0x00007fffb4430000 - 0x00007fffb46a9000 	C:\Windows\WinSxS\amd64_microsoft.windows.common-controls_6595b64144ccf1df_6.0.17763.6054_none_de72924a534a146d\COMCTL32.dll
0x00007fffc0390000 - 0x00007fffc03b9000 	C:\Windows\System32\GDI32.dll
0x00007fffc1fc0000 - 0x00007fffc205e000 	C:\Windows\System32\msvcrt.dll
0x00007fffbe770000 - 0x00007fffbe918000 	C:\Windows\System32\gdi32full.dll
0x00007fffc04d0000 - 0x00007fffc07fa000 	C:\Windows\System32\combase.dll
0x00007fffbe920000 - 0x00007fffbe9c0000 	C:\Windows\System32\msvcp_win.dll
0x00007fffbf590000 - 0x00007fffbf6a8000 	C:\Windows\System32\RPCRT4.dll
0x00007fffbf260000 - 0x00007fffbf2e2000 	C:\Windows\System32\bcryptPrimitives.dll
0x00007fffc03c0000 - 0x00007fffc03ee000 	C:\Windows\System32\IMM32.DLL
0x00007fffb1990000 - 0x00007fffb199c000 	C:\Users\Elina\.jdks\openjdk-22.0.1\bin\vcruntime140_1.dll
0x00007fffaddd0000 - 0x00007fffade5e000 	C:\Users\Elina\.jdks\openjdk-22.0.1\bin\msvcp140.dll
0x00007fff4fba0000 - 0x00007fff508e7000 	C:\Users\Elina\.jdks\openjdk-22.0.1\bin\server\jvm.dll
0x00007fffbf880000 - 0x00007fffbf928000 	C:\Windows\System32\ADVAPI32.dll
0x00007fffc0280000 - 0x00007fffc0322000 	C:\Windows\System32\sechost.dll
0x00007fffbeae0000 - 0x00007fffbeb06000 	C:\Windows\System32\bcrypt.dll
0x00007fffbe340000 - 0x00007fffbe39d000 	C:\Windows\System32\POWRPROF.dll
0x00007fffc0940000 - 0x00007fffc09ad000 	C:\Windows\System32\WS2_32.dll
0x00007fffbbbd0000 - 0x00007fffbbbf4000 	C:\Windows\SYSTEM32\WINMM.dll
0x00007fffb85f0000 - 0x00007fffb85fa000 	C:\Windows\SYSTEM32\VERSION.dll
0x00007fffbbb70000 - 0x00007fffbbb9d000 	C:\Windows\SYSTEM32\WINMMBASE.dll
0x00007fffbe670000 - 0x00007fffbe6ba000 	C:\Windows\System32\cfgmgr32.dll
0x00007fffbe3c0000 - 0x00007fffbe3d1000 	C:\Windows\System32\kernel.appcore.dll
0x00007fffaddc0000 - 0x00007fffaddca000 	C:\Users\Elina\.jdks\openjdk-22.0.1\bin\jimage.dll
0x00007fffbcd10000 - 0x00007fffbcefd000 	C:\Windows\SYSTEM32\DBGHELP.DLL
0x00007fffae450000 - 0x00007fffae47a000 	C:\Windows\SYSTEM32\dbgcore.DLL
0x00007fffadae0000 - 0x00007fffadaef000 	C:\Users\Elina\.jdks\openjdk-22.0.1\bin\instrument.dll
0x00007fffadda0000 - 0x00007fffaddbe000 	C:\Users\Elina\.jdks\openjdk-22.0.1\bin\java.dll
0x00007fffc0ac0000 - 0x00007fffc1fb8000 	C:\Windows\System32\SHELL32.dll
0x00007fffc2060000 - 0x00007fffc2107000 	C:\Windows\System32\shcore.dll
0x00007fffbeb10000 - 0x00007fffbf258000 	C:\Windows\System32\windows.storage.dll
0x00007fffbe310000 - 0x00007fffbe333000 	C:\Windows\System32\profapi.dll
0x00007fffc0330000 - 0x00007fffc0382000 	C:\Windows\System32\shlwapi.dll
0x00007fffbe3e0000 - 0x00007fffbe3fb000 	C:\Windows\System32\cryptsp.dll
0x00007fffc21d0000 - 0x00007fffc2326000 	C:\Windows\System32\ole32.dll
0x00007fff8b3b0000 - 0x00007fff8b487000 	C:\Users\Elina\.jdks\openjdk-22.0.1\bin\jsvml.dll
0x00007fffa9680000 - 0x00007fffa9697000 	C:\Users\Elina\.jdks\openjdk-22.0.1\bin\zip.dll
0x00007fffadd90000 - 0x00007fffadda0000 	C:\Users\Elina\.jdks\openjdk-22.0.1\bin\net.dll
0x00007fffbdb60000 - 0x00007fffbdbc7000 	C:\Windows\system32\mswsock.dll
0x00007fffa96a0000 - 0x00007fffa96b6000 	C:\Users\Elina\.jdks\openjdk-22.0.1\bin\nio.dll
0x00007fffa9660000 - 0x00007fffa967a000 	C:\Users\Elina\AppData\Local\Programs\IntelliJ IDEA Community Edition\bin\breakgen64.dll
0x00007fffadab0000 - 0x00007fffadab9000 	C:\Users\Elina\.jdks\openjdk-22.0.1\bin\extnet.dll
0x00007fffa9650000 - 0x00007fffa9660000 	C:\Users\Elina\.jdks\openjdk-22.0.1\bin\verify.dll

dbghelp: loaded successfully - version: 4.0.5 - missing functions: none
symbol engine: initialized successfully - sym options: 0x614 - pdb path: .;C:\Users\Elina\.jdks\openjdk-22.0.1\bin;C:\Windows\SYSTEM32;C:\Windows\WinSxS\amd64_microsoft.windows.common-controls_6595b64144ccf1df_6.0.17763.6054_none_de72924a534a146d;C:\Users\Elina\.jdks\openjdk-22.0.1\bin\server;C:\Users\Elina\AppData\Local\Programs\IntelliJ IDEA Community Edition\bin

VM Arguments:
jvm_args: -ea --enable-preview -Didea.test.cyclic.buffer.size=1048576 -javaagent:C:\Users\Elina\AppData\Local\Programs\IntelliJ IDEA Community Edition\lib\idea_rt.jar=56070:C:\Users\Elina\AppData\Local\Programs\IntelliJ IDEA Community Edition\bin -Dfile.encoding=UTF-8 -Dsun.stdout.encoding=UTF-8 -Dsun.stderr.encoding=UTF-8 
java_command: com.intellij.rt.testng.RemoteTestNGStarter -usedefaultlisteners false -socket56069 @w@C:\Users\Elina\AppData\Local\Temp\idea_working_dirs_testng.tmp -temp C:\Users\Elina\AppData\Local\Temp\idea_testng.tmp
java_class_path (initial): C:\Users\Elina\AppData\Local\Programs\IntelliJ IDEA Community Edition\lib\idea_rt.jar;C:\Users\Elina\AppData\Local\Programs\IntelliJ IDEA Community Edition\plugins\testng\lib\testng-rt.jar;C:\Users\Elina\IdeaProjects\AutomationProjectB03\target\test-classes;C:\Users\Elina\.m2\repository\org\seleniumhq\selenium\selenium-java\4.22.0\selenium-java-4.22.0.jar;C:\Users\Elina\.m2\repository\org\seleniumhq\selenium\selenium-api\4.22.0\selenium-api-4.22.0.jar;C:\Users\Elina\.m2\repository\org\seleniumhq\selenium\selenium-chrome-driver\4.22.0\selenium-chrome-driver-4.22.0.jar;C:\Users\Elina\.m2\repository\com\google\auto\service\auto-service-annotations\1.1.1\auto-service-annotations-1.1.1.jar;C:\Users\Elina\.m2\repository\org\seleniumhq\selenium\selenium-chromium-driver\4.22.0\selenium-chromium-driver-4.22.0.jar;C:\Users\Elina\.m2\repository\org\seleniumhq\selenium\selenium-json\4.22.0\selenium-json-4.22.0.jar;C:\Users\Elina\.m2\repository\org\seleniumhq\selenium\selenium-manager\4.22.0\selenium-manager-4.22.0.jar;C:\Users\Elina\.m2\repository\org\seleniumhq\selenium\selenium-devtools-v124\4.22.0\selenium-devtools-v124-4.22.0.jar;C:\Users\Elina\.m2\repository\org\seleniumhq\selenium\selenium-devtools-v125\4.22.0\selenium-devtools-v125-4.22.0.jar;C:\Users\Elina\.m2\repository\org\seleniumhq\selenium\selenium-devtools-v126\4.22.0\selenium-devtools-v126-4.22.0.jar;C:\Users\Elina\.m2\repository\org\seleniumhq\selenium\selenium-devtools-v85\4.22.0\selenium-devtools-v85-4.22.0.jar;C:\Users\Elina\.m2\repository\org\seleniumhq\selenium\selenium-edge-driver\4.22.0\selenium-edge-driver-4.22.0.jar;C:\Users\Elina\.m2\repository\org\seleniumhq\selenium\selenium-firefox-driver\4.22.0\selenium-firefox-driver-4.22.0.jar;C:\Users\Elina\.m2\repository\org\seleniumhq\selenium\selenium-http\4.22.0\selenium-http-4.22.0.jar;C:\Users\Elina\.m2\repository\dev\failsafe\failsafe\3.3.2\failsafe-3.3.2.jar;C:\Users\Elina\.m2\repository\org\seleniumhq\selenium\selenium-ie-driver\4.22.0\selenium-ie-driver-4.22.0.jar;C:\Users\Elina\.m2\repository\org\seleniumhq\selenium\selenium-remote-driver\4.22.0\selenium-remote-driver-4.22.0.jar;C:\Users\Elina\.m2\repository\io\opentelemetry\semconv\opentelemetry-semconv\1.25.0-alpha\opentelemetry-semconv-1.25.0-alpha.jar;C:\Users\Elina\.m2\repository\io\opentelemetry\opentelemetry-api\1.39.0\opentelemetry-api-1.39.0.jar;C:\Users\Elina\.m2\repository\io\opentelemetry\opentelemetry-context\1.39.0\opentelemetry-context-1.39.0.jar;C:\Users\Elina\.m2\repository\io\opentelemetry\opentelemetry-exporter-logging\1.39.0\opentelemetry-exporter-logging-1.39.0.jar;C:\Users\Elina\.m2\repository\io\opentelemetry\opentelemetry-sdk-common\1.39.0\opentelemetry-sdk-common-1.39.0.jar;C:\Users\Elina\.m2\repository\io\opentelemetry\opentelemetry-sdk-extension-autoconfigure-spi\1.39.0\opentelemetry-sdk-extension-autoconfigure-spi-1.39.0.jar;C:\Users\Elina\.m2\repository\io\opentelemetry\opentelemetry-sdk-extension-autoconfigure\1.39.0\opentelemetry-sdk-extension-autoconfigure-1.39.0.jar;C:\Users\Elina\.m2\repository\io\opentelemetry\opentelemetry-api-incubator\1.39.0-alpha\opentelemetry-api-incubator-1.39.0-alpha.jar;C:\Users\Elina\.m2\repository\io\opentelemetry\opentelemetry-sdk-trace\1.39.0\opentelemetry-sdk-trace-1.39.0.jar;C:\Users\Elina\.m2\repository\io\opentelemetry\opentelemetry-sdk\1.39.0\opentelemetry-sdk-1.39.0.jar;C:\Users\Elina\.m2\repository\io\opentelemetry\opentelemetry-sdk-metrics\1.39.0\opentelemetry-sdk-metrics-1.39.0.jar;C:\Users\Elina\.m2\repository\io\opentelemetry\opentelemetry-sdk-logs\1.39.0\opentelemetry-sdk-logs-1.39.0.jar;C:\Users\Elina\.m2\repository\net\bytebuddy\byte-buddy\1.14.17\byte-buddy-1.14.17.jar;C:\Users\Elina\.m2\repository\org\seleniumhq\selenium\selenium-os\4.22.0\selenium-os-4.22.0.jar;C:\Users\Elina\.m2\repository\org\apache\commons\commons-exec\1.4.0\commons-exec-1.4.0.jar;C:\Users\Elina\.m2\repository\org\seleniumhq\selenium\selenium-safari-driver\4.22.0\selenium-safari-driver-4.22.0.jar;C:\Users\Elina\.m2\repository\org\seleniumhq\selenium\selenium-support\4.22.0\selenium-support-4.22.0.jar;C:\Users\Elina\.m2\repository\org\testng\testng\7.10.2\testng-7.10.2.jar;C:\Users\Elina\.m2\repository\com\beust\jcommander\1.82\jcommander-1.82.jar;C:\Users\Elina\.m2\repository\org\webjars\jquery\3.7.1\jquery-3.7.1.jar;C:\Users\Elina\.m2\repository\ch\qos\logback\logback-classic\1.2.3\logback-classic-1.2.3.jar;C:\Users\Elina\.m2\repository\ch\qos\logback\logback-core\1.2.3\logback-core-1.2.3.jar;C:\Users\Elina\.m2\repository\org\slf4j\slf4j-api\1.7.25\slf4j-api-1.7.25.jar;C:\Users\Elina\.m2\repository\io\github\bonigarcia\webdrivermanager\5.0.0\webdrivermanager-5.0.0.jar;C:\Users\Elina\.m2\repository\com\google\code\gson\gson\2.8.8\gson-2.8.8.jar;C:\Users\Elina\.m2\repository\org\jsoup\jsoup\1.14.2\jsoup-1.14.2.jar;C:\Users\Elina\.m2\repository\com\github\docker-java\docker-java\3.2.11\docker-java-3.2.11.jar;C:\Users\Elina\.m2\repository\com\github\docker-java\docker-java-core\3.2.11\docker-java-core-3.2.11.jar;C:\Users\Elina\.m2\repository\com\github\docker-java\docker-java-api\3.2.11\docker-java-api-3.2.11.jar;C:\Users\Elina\.m2\repository\com\fasterxml\jackson\core\jackson-annotations\2.10.3\jackson-annotations-2.10.3.jar;C:\Users\Elina\.m2\repository\commons-io\commons-io\2.6\commons-io-2.6.jar;C:\Users\Elina\.m2\repository\org\apache\commons\commons-compress\1.20\commons-compress-1.20.jar;C:\Users\Elina\.m2\repository\commons-lang\commons-lang\2.6\commons-lang-2.6.jar;C:\Users\Elina\.m2\repository\com\fasterxml\jackson\core\jackson-databind\2.10.3\jackson-databind-2.10.3.jar;C:\Users\Elina\.m2\repository\com\fasterxml\jackson\core\jackson-core\2.10.3\jackson-core-2.10.3.jar;C:\Users\Elina\.m2\repository\org\bouncycastle\bcpkix-jdk15on\1.64\bcpkix-jdk15on-1.64.jar;C:\Users\Elina\.m2\repository\org\bouncycastle\bcprov-jdk15on\1.64\bcprov-jdk15on-1.64.jar;C:\Users\Elina\.m2\repository\org\slf4j\jcl-over-slf4j\1.7.30\jcl-over-slf4j-1.7.30.jar;C:\Users\Elina\.m2\repository\com\github\docker-java\docker-java-transport-httpclient5\3.2.11\docker-java-transport-httpclient5-3.2.11.jar;C:\Users\Elina\.m2\repository\com\github\docker-java\docker-java-transport\3.2.11\docker-java-transport-3.2.11.jar;C:\Users\Elina\.m2\repository\org\apache\httpcomponents\client5\httpclient5\5.0.3\httpclient5-5.0.3.jar;C:\Users\Elina\.m2\repository\org\apache\httpcomponents\core5\httpcore5\5.0.2\httpcore5-5.0.2.jar;C:\Users\Elina\.m2\repository\commons-codec\commons-codec\1.13\commons-codec-1.13.jar;C:\Users\Elina\.m2\repository\net\java\dev\jna\jna\5.8.0\jna-5.8.0.jar;C:\Users\Elina\.m2\repository\com\google\guava\guava\30.1.1-jre\guava-30.1.1-jre.jar;C:\Users\Elina\.m2\repository\com\google\guava\failureaccess\1.0.1\failureaccess-1.0.1.jar;C:\Users\Elina\.m2\repository\com\google\guava\listenablefuture\9999.0-empty-to-avoid-conflict-with-guava\listenablefuture-9999.0-empty-to-avoid-conflict-with-guava.jar;C:\Users\Elina\.m2\repository\com\google\code\findbugs\jsr305\3.0.2\jsr305-3.0.2.jar;C:\Users\Elina\.m2\repository\org\checkerframework\checker-qual\3.8.0\checker-qual-3.8.0.jar;C:\Users\Elina\.m2\repository\com\google\errorprone\error_prone_annotations\2.5.1\error_prone_annotations-2.5.1.jar;C:\Users\Elina\.m2\repository\com\google\j2objc\j2objc-annotations\1.3\j2objc-annotations-1.3.jar;C:\Users\Elina\.m2\repository\org\brotli\dec\0.1.2\dec-0.1.2.jar;C:\Users\Elina\.m2\repository\com\github\javafaker\javafaker\1.0.2\javafaker-1.0.2.jar;C:\Users\Elina\.m2\repository\org\apache\commons\commons-lang3\3.5\commons-lang3-3.5.jar;C:\Users\Elina\.m2\repository\org\yaml\snakeyaml\1.23\snakeyaml-1.23-android.jar;C:\Users\Elina\.m2\repository\com\github\mifmif\generex\1.0.2\generex-1.0.2.jar;C:\Users\Elina\.m2\repository\dk\brics\automaton\automaton\1.11-8\automaton-1.11-8.jar
Launcher Type: SUN_STANDARD

[Global flags]
     intx CICompilerCount                          = 3                                         {product} {ergonomic}
     uint ConcGCThreads                            = 1                                         {product} {ergonomic}
     uint G1ConcRefinementThreads                  = 4                                         {product} {ergonomic}
   size_t G1HeapRegionSize                         = 1048576                                   {product} {ergonomic}
   size_t InitialHeapSize                          = 121634816                                 {product} {ergonomic}
   size_t MarkStackSize                            = 4194304                                   {product} {ergonomic}
   size_t MaxHeapSize                              = 1931476992                                {product} {ergonomic}
   size_t MaxNewSize                               = 1158676480                                {product} {ergonomic}
   size_t MinHeapDeltaBytes                        = 1048576                                   {product} {ergonomic}
   size_t MinHeapSize                              = 8388608                                   {product} {ergonomic}
    uintx NonNMethodCodeHeapSize                   = 5832780                                {pd product} {ergonomic}
    uintx NonProfiledCodeHeapSize                  = 122912730                              {pd product} {ergonomic}
    uintx ProfiledCodeHeapSize                     = 122912730                              {pd product} {ergonomic}
    uintx ReservedCodeCacheSize                    = 251658240                              {pd product} {ergonomic}
     bool SegmentedCodeCache                       = true                                      {product} {ergonomic}
   size_t SoftMaxHeapSize                          = 1931476992                             {manageable} {ergonomic}
     bool UseCompressedOops                        = true                           {product lp64_product} {ergonomic}
     bool UseG1GC                                  = true                                      {product} {ergonomic}
     bool UseLargePagesIndividualAllocation        = false                                  {pd product} {ergonomic}

Logging:
Log output configuration:
 #0: stdout all=warning uptime,level,tags foldmultilines=false
 #1: stderr all=off uptime,level,tags foldmultilines=false

Environment Variables:
PATH=C:\Program Files\Common Files\Oracle\Java\javapath;C:\Program Files (x86)\Common Files\Oracle\Java\javapath;C:\Windows\system32;C:\Windows;C:\Windows\System32\Wbem;C:\Windows\System32\WindowsPowerShell\v1.0\;C:\Windows\System32\OpenSSH\;C:\Program Files\Git\cmd;C:\Program Files\MySQL\MySQL Shell 8.0\bin\;C:\Users\Elina\AppData\Local\Microsoft\WindowsApps;C:\Users\Elina\AppData\Local\JetBrains\Toolbox\scripts
USERNAME=Elina
OS=Windows_NT
PROCESSOR_IDENTIFIER=AMD64 Family 21 Model 16 Stepping 1, AuthenticAMD
TMP=C:\Users\Elina\AppData\Local\Temp
TEMP=C:\Users\Elina\AppData\Local\Temp




Periodic native trim disabled

---------------  S Y S T E M  ---------------

OS:
 Windows 10 , 64 bit Build 17763 (10.0.17763.4974)
OS uptime: 1 days 6:55 hours

CPU: total 4 (initial active 4) (4 cores per cpu, 1 threads per core) family 21 model 16 stepping 1 microcode 0x0, cx8, cmov, fxsr, mmx, 3dnowpref, sse, sse2, sse3, ssse3, sse4a, sse4.1, sse4.2, popcnt, lzcnt, tsc, tscinvbit, avx, aes, clmul, bmi1, fma, vzeroupper, clflush, rdtscp, f16c
Processor Information for all 4 processors :
  Max Mhz: 2000, Current Mhz: 2000, Mhz Limit: 2000

Memory: 4k page, system-wide physical 7366M (1012M free)
TotalPageFile size 9414M (AvailPageFile size 2M)
current process WorkingSet (physical memory assigned to process): 60M, peak: 60M
current process commit charge ("private bytes"): 199M, peak: 199M

vm_info: OpenJDK 64-Bit Server VM (22.0.1+8-16) for windows-amd64 JRE (22.0.1+8-16), built on 2024-03-12T10:33:16Z by "mach5one" with MS VC++ 17.6 (VS2022)

END.
